# JRE version: OpenJDK Runtime Environment Temurin-11.0.21+9 (11.0.21+9) (build 11.0.21+9)
# Java VM: OpenJDK Client VM Temurin-11.0.21+9 (11.0.21+9, mixed mode, serial gc, windows-x86)
Heap:
 def new generation   total 12544K, used 4100K [0x04c00000, 0x05990000, 0x0a150000)
  eden space 11200K,  36% used [0x04c00000, 0x05001150, 0x056f0000)
  from space 1344K,   0% used [0x056f0000, 0x056f0000, 0x05840000)
  to   space 1344K,   0% used [0x05840000, 0x05840000, 0x05990000)
 tenured generation   total 27676K, used 16605K [0x0a150000, 0x0bc57000, 0x14c00000)
   the space 27676K,  59% used [0x0a150000, 0x0b1875b0, 0x0b187600, 0x0bc57000)
 Metaspace       used 15457K, capacity 15792K, committed 16128K, reserved 16768K
GC Heap History (20 events):
Event: 0.682 GC heap before
{Heap before GC invocations=6 (full 0):
 def new generation   total 4928K, used 4928K [0x04c00000, 0x05150000, 0x0a150000)
  eden space 4416K, 100% used [0x04c00000, 0x05050000, 0x05050000)
  from space 512K, 100% used [0x05050000, 0x050d0000, 0x050d0000)
  to   space 512K,   0% used [0x050d0000, 0x050d0000, 0x05150000)
 tenured generation   total 10944K, used 2911K [0x0a150000, 0x0ac00000, 0x14c00000)
   the space 10944K,  26% used [0x0a150000, 0x0a427fe0, 0x0a428000, 0x0ac00000)
 Metaspace       used 10631K, capacity 10802K, committed 10880K, reserved 11648K
}
Event: 0.684 GC heap after
{Heap after GC invocations=7 (full 0):
 def new generation   total 4928K, used 512K [0x04c00000, 0x05150000, 0x0a150000)
  eden space 4416K,   0% used [0x04c00000, 0x04c00000, 0x05050000)
  from space 512K, 100% used [0x050d0000, 0x05150000, 0x05150000)
  to   space 512K,   0% used [0x05050000, 0x05050000, 0x050d0000)
 tenured generation   total 10944K, used 3904K [0x0a150000, 0x0ac00000, 0x14c00000)
   the space 10944K,  35% used [0x0a150000, 0x0a520278, 0x0a520400, 0x0ac00000)
 Metaspace       used 10631K, capacity 10802K, committed 10880K, reserved 11648K
}
Event: 0.723 GC heap before
{Heap before GC invocations=7 (full 0):
 def new generation   total 4928K, used 4928K [0x04c00000, 0x05150000, 0x0a150000)
  eden space 4416K, 100% used [0x04c00000, 0x05050000, 0x05050000)
  from space 512K, 100% used [0x050d0000, 0x05150000, 0x05150000)
  to   space 512K,   0% used [0x05050000, 0x05050000, 0x050d0000)
 tenured generation   total 10944K, used 3904K [0x0a150000, 0x0ac00000, 0x14c00000)
   the space 10944K,  35% used [0x0a150000, 0x0a520278, 0x0a520400, 0x0ac00000)
 Metaspace       used 11080K, capacity 11258K, committed 11264K, reserved 11648K
}
Event: 0.725 GC heap after
{Heap after GC invocations=8 (full 0):
 def new generation   total 4928K, used 512K [0x04c00000, 0x05150000, 0x0a150000)
  eden space 4416K,   0% used [0x04c00000, 0x04c00000, 0x05050000)
  from space 512K, 100% used [0x05050000, 0x050d0000, 0x050d0000)
  to   space 512K,   0% used [0x050d0000, 0x050d0000, 0x05150000)
 tenured generation   total 10944K, used 5000K [0x0a150000, 0x0ac00000, 0x14c00000)
   the space 10944K,  45% used [0x0a150000, 0x0a6323f8, 0x0a632400, 0x0ac00000)
 Metaspace       used 11080K, capacity 11258K, committed 11264K, reserved 11648K
}
Event: 0.757 GC heap before
{Heap before GC invocations=8 (full 0):
 def new generation   total 4928K, used 3096K [0x04c00000, 0x05150000, 0x0a150000)
  eden space 4416K,  58% used [0x04c00000, 0x04e86248, 0x05050000)
  from space 512K, 100% used [0x05050000, 0x050d0000, 0x050d0000)
  to   space 512K,   0% used [0x050d0000, 0x050d0000, 0x05150000)
 tenured generation   total 10944K, used 5000K [0x0a150000, 0x0ac00000, 0x14c00000)
   the space 10944K,  45% used [0x0a150000, 0x0a6323f8, 0x0a632400, 0x0ac00000)
 Metaspace       used 11512K, capacity 11685K, committed 11776K, reserved 12672K
}
Event: 0.760 GC heap after
{Heap after GC invocations=9 (full 0):
 def new generation   total 4928K, used 155K [0x04c00000, 0x05150000, 0x0a150000)
  eden space 4416K,   0% used [0x04c00000, 0x04c00000, 0x05050000)
  from space 512K,  30% used [0x050d0000, 0x050f6ce8, 0x05150000)
  to   space 512K,   0% used [0x05050000, 0x05050000, 0x050d0000)
 tenured generation   total 10944K, used 6023K [0x0a150000, 0x0ac00000, 0x14c00000)
   the space 10944K,  55% used [0x0a150000, 0x0a731d50, 0x0a731e00, 0x0ac00000)
 Metaspace       used 11512K, capacity 11685K, committed 11776K, reserved 12672K
}
Event: 0.780 GC heap before
{Heap before GC invocations=9 (full 0):
 def new generation   total 4928K, used 4571K [0x04c00000, 0x05150000, 0x0a150000)
  eden space 4416K, 100% used [0x04c00000, 0x05050000, 0x05050000)
  from space 512K,  30% used [0x050d0000, 0x050f6ce8, 0x05150000)
  to   space 512K,   0% used [0x05050000, 0x05050000, 0x050d0000)
 tenured generation   total 10944K, used 6023K [0x0a150000, 0x0ac00000, 0x14c00000)
   the space 10944K,  55% used [0x0a150000, 0x0a731d50, 0x0a731e00, 0x0ac00000)
 Metaspace       used 11783K, capacity 11944K, committed 12032K, reserved 12672K
}
Event: 0.782 GC heap after
{Heap after GC invocations=10 (full 0):
 def new generation   total 4928K, used 204K [0x04c00000, 0x05150000, 0x0a150000)
  eden space 4416K,   0% used [0x04c00000, 0x04c00000, 0x05050000)
  from space 512K,  39% used [0x05050000, 0x050831d0, 0x050d0000)
  to   space 512K,   0% used [0x050d0000, 0x050d0000, 0x05150000)
 tenured generation   total 10944K, used 8837K [0x0a150000, 0x0ac00000, 0x14c00000)
   the space 10944K,  80% used [0x0a150000, 0x0a9f1410, 0x0a9f1600, 0x0ac00000)
 Metaspace       used 11783K, capacity 11944K, committed 12032K, reserved 12672K
}
Event: 0.802 GC heap before
{Heap before GC invocations=10 (full 0):
 def new generation   total 4928K, used 2001K [0x04c00000, 0x05150000, 0x0a150000)
  eden space 4416K,  40% used [0x04c00000, 0x04dc14b0, 0x05050000)
  from space 512K,  39% used [0x05050000, 0x050831d0, 0x050d0000)
  to   space 512K,   0% used [0x050d0000, 0x050d0000, 0x05150000)
 tenured generation   total 10944K, used 8837K [0x0a150000, 0x0ac00000, 0x14c00000)
   the space 10944K,  80% used [0x0a150000, 0x0a9f1410, 0x0a9f1600, 0x0ac00000)
 Metaspace       used 12087K, capacity 12264K, committed 12288K, reserved 12672K
}
Event: 0.809 GC heap after
{Heap after GC invocations=11 (full 1):
 def new generation   total 6912K, used 0K [0x04c00000, 0x05380000, 0x0a150000)
  eden space 6144K,   0% used [0x04c00000, 0x04c00000, 0x05200000)
  from space 768K,   0% used [0x05200000, 0x05200000, 0x052c0000)
  to   space 768K,   0% used [0x052c0000, 0x052c0000, 0x05380000)
 tenured generation   total 15236K, used 9139K [0x0a150000, 0x0b031000, 0x14c00000)
   the space 15236K,  59% used [0x0a150000, 0x0aa3cdf0, 0x0aa3ce00, 0x0b031000)
 Metaspace       used 12087K, capacity 12264K, committed 12288K, reserved 12672K
}
Event: 0.908 GC heap before
{Heap before GC invocations=11 (full 1):
 def new generation   total 6912K, used 6144K [0x04c00000, 0x05380000, 0x0a150000)
  eden space 6144K, 100% used [0x04c00000, 0x05200000, 0x05200000)
  from space 768K,   0% used [0x05200000, 0x05200000, 0x052c0000)
  to   space 768K,   0% used [0x052c0000, 0x052c0000, 0x05380000)
 tenured generation   total 15236K, used 9139K [0x0a150000, 0x0b031000, 0x14c00000)
   the space 15236K,  59% used [0x0a150000, 0x0aa3cdf0, 0x0aa3ce00, 0x0b031000)
 Metaspace       used 12803K, capacity 13001K, committed 13056K, reserved 13696K
}
Event: 0.911 GC heap after
{Heap after GC invocations=12 (full 1):
 def new generation   total 6912K, used 767K [0x04c00000, 0x05380000, 0x0a150000)
  eden space 6144K,   0% used [0x04c00000, 0x04c00000, 0x05200000)
  from space 768K,  99% used [0x052c0000, 0x0537fff8, 0x05380000)
  to   space 768K,   0% used [0x05200000, 0x05200000, 0x052c0000)
 tenured generation   total 15236K, used 9157K [0x0a150000, 0x0b031000, 0x14c00000)
   the space 15236K,  60% used [0x0a150000, 0x0aa416c8, 0x0aa41800, 0x0b031000)
 Metaspace       used 12803K, capacity 13001K, committed 13056K, reserved 13696K
}
Event: 1.014 GC heap before
{Heap before GC invocations=12 (full 1):
 def new generation   total 6912K, used 6911K [0x04c00000, 0x05380000, 0x0a150000)
  eden space 6144K, 100% used [0x04c00000, 0x05200000, 0x05200000)
  from space 768K,  99% used [0x052c0000, 0x0537fff8, 0x05380000)
  to   space 768K,   0% used [0x05200000, 0x05200000, 0x052c0000)
 tenured generation   total 15236K, used 9157K [0x0a150000, 0x0b031000, 0x14c00000)
   the space 15236K,  60% used [0x0a150000, 0x0aa416c8, 0x0aa41800, 0x0b031000)
 Metaspace       used 13709K, capacity 13970K, committed 14080K, reserved 14720K
}
Event: 1.017 GC heap after
{Heap after GC invocations=13 (full 1):
 def new generation   total 6912K, used 707K [0x04c00000, 0x05380000, 0x0a150000)
  eden space 6144K,   0% used [0x04c00000, 0x04c00000, 0x05200000)
  from space 768K,  92% used [0x05200000, 0x052b0f80, 0x052c0000)
  to   space 768K,   0% used [0x052c0000, 0x052c0000, 0x05380000)
 tenured generation   total 15236K, used 10938K [0x0a150000, 0x0b031000, 0x14c00000)
   the space 15236K,  71% used [0x0a150000, 0x0abfeb08, 0x0abfec00, 0x0b031000)
 Metaspace       used 13709K, capacity 13970K, committed 14080K, reserved 14720K
}
Event: 11.726 GC heap before
{Heap before GC invocations=13 (full 1):
 def new generation   total 6912K, used 6851K [0x04c00000, 0x05380000, 0x0a150000)
  eden space 6144K, 100% used [0x04c00000, 0x05200000, 0x05200000)
  from space 768K,  92% used [0x05200000, 0x052b0f80, 0x052c0000)
  to   space 768K,   0% used [0x052c0000, 0x052c0000, 0x05380000)
 tenured generation   total 15236K, used 10938K [0x0a150000, 0x0b031000, 0x14c00000)
   the space 15236K,  71% used [0x0a150000, 0x0abfeb08, 0x0abfec00, 0x0b031000)
 Metaspace       used 14276K, capacity 14506K, committed 14592K, reserved 14720K
}
Event: 11.728 GC heap after
{Heap after GC invocations=14 (full 1):
 def new generation   total 6912K, used 416K [0x04c00000, 0x05380000, 0x0a150000)
  eden space 6144K,   0% used [0x04c00000, 0x04c00000, 0x05200000)
  from space 768K,  54% used [0x052c0000, 0x05328000, 0x05380000)
  to   space 768K,   0% used [0x05200000, 0x05200000, 0x052c0000)
 tenured generation   total 15236K, used 13747K [0x0a150000, 0x0b031000, 0x14c00000)
   the space 15236K,  90% used [0x0a150000, 0x0aebce70, 0x0aebd000, 0x0b031000)
 Metaspace       used 14276K, capacity 14506K, committed 14592K, reserved 14720K
}
Event: 11.795 GC heap before
{Heap before GC invocations=14 (full 1):
 def new generation   total 6912K, used 6560K [0x04c00000, 0x05380000, 0x0a150000)
  eden space 6144K, 100% used [0x04c00000, 0x05200000, 0x05200000)
  from space 768K,  54% used [0x052c0000, 0x05328000, 0x05380000)
  to   space 768K,   0% used [0x05200000, 0x05200000, 0x052c0000)
 tenured generation   total 15236K, used 13747K [0x0a150000, 0x0b031000, 0x14c00000)
   the space 15236K,  90% used [0x0a150000, 0x0aebce70, 0x0aebd000, 0x0b031000)
 Metaspace       used 15212K, capacity 15563K, committed 15616K, reserved 15744K
}
Event: 11.797 GC heap after
{Heap after GC invocations=15 (full 1):
 def new generation   total 6912K, used 435K [0x04c00000, 0x05380000, 0x0a150000)
  eden space 6144K,   0% used [0x04c00000, 0x04c00000, 0x05200000)
  from space 768K,  56% used [0x05200000, 0x0526ce00, 0x052c0000)
  to   space 768K,   0% used [0x052c0000, 0x052c0000, 0x05380000)
 tenured generation   total 15236K, used 14154K [0x0a150000, 0x0b031000, 0x14c00000)
   the space 15236K,  92% used [0x0a150000, 0x0af22850, 0x0af22a00, 0x0b031000)
 Metaspace       used 15212K, capacity 15563K, committed 15616K, reserved 15744K
}
Event: 17.874 GC heap before
{Heap before GC invocations=15 (full 1):
 def new generation   total 6912K, used 6579K [0x04c00000, 0x05380000, 0x0a150000)
  eden space 6144K, 100% used [0x04c00000, 0x05200000, 0x05200000)
  from space 768K,  56% used [0x05200000, 0x0526ce00, 0x052c0000)
  to   space 768K,   0% used [0x052c0000, 0x052c0000, 0x05380000)
 tenured generation   total 15236K, used 14154K [0x0a150000, 0x0b031000, 0x14c00000)
   the space 15236K,  92% used [0x0a150000, 0x0af22850, 0x0af22a00, 0x0b031000)
 Metaspace       used 15552K, capacity 15944K, committed 16000K, reserved 16768K
}
Event: 17.899 GC heap after
{Heap after GC invocations=16 (full 2):
 def new generation   total 12544K, used 0K [0x04c00000, 0x05990000, 0x0a150000)
  eden space 11200K,   0% used [0x04c00000, 0x04c00000, 0x056f0000)
  from space 1344K,   0% used [0x056f0000, 0x056f0000, 0x05840000)
  to   space 1344K,   0% used [0x05840000, 0x05840000, 0x05990000)
 tenured generation   total 27676K, used 16605K [0x0a150000, 0x0bc57000, 0x14c00000)
   the space 27676K,  59% used [0x0a150000, 0x0b1875b0, 0x0b187600, 0x0bc57000)
 Metaspace       used 15323K, capacity 15663K, committed 16000K, reserved 16768K
}

