# JRE version: OpenJDK Runtime Environment Temurin-11.0.21+9 (11.0.21+9) (build 11.0.21+9)
# Java VM: OpenJDK Client VM Temurin-11.0.21+9 (11.0.21+9, mixed mode, serial gc, windows-x86)
Heap:
 def new generation   total 6848K, used 5451K [0x05800000, 0x05f60000, 0x0ad50000)
  eden space 6144K,  81% used [0x05800000, 0x05ce87a8, 0x05e00000)
  from space 704K,  60% used [0x05eb0000, 0x05f1a6f0, 0x05f60000)
  to   space 704K,   0% used [0x05e00000, 0x05e00000, 0x05eb0000)
 tenured generation   total 15044K, used 11495K [0x0ad50000, 0x0bc01000, 0x15800000)
   the space 15044K,  76% used [0x0ad50000, 0x0b889c00, 0x0b889c00, 0x0bc01000)
 Metaspace       used 14786K, capacity 15099K, committed 15104K, reserved 15744K
GC Heap History (20 events):
Event: 0.891 GC heap before
{Heap before GC invocations=4 (full 0):
 def new generation   total 4928K, used 4646K [0x05800000, 0x05d50000, 0x0ad50000)
  eden space 4416K, 100% used [0x05800000, 0x05c50000, 0x05c50000)
  from space 512K,  45% used [0x05c50000, 0x05c89a38, 0x05cd0000)
  to   space 512K,   0% used [0x05cd0000, 0x05cd0000, 0x05d50000)
 tenured generation   total 10944K, used 1905K [0x0ad50000, 0x0b800000, 0x15800000)
   the space 10944K,  17% used [0x0ad50000, 0x0af2c698, 0x0af2c800, 0x0b800000)
 Metaspace       used 7768K, capacity 7877K, committed 7936K, reserved 8576K
}
Event: 0.894 GC heap after
{Heap after GC invocations=5 (full 0):
 def new generation   total 4928K, used 476K [0x05800000, 0x05d50000, 0x0ad50000)
  eden space 4416K,   0% used [0x05800000, 0x05800000, 0x05c50000)
  from space 512K,  92% used [0x05cd0000, 0x05d47070, 0x05d50000)
  to   space 512K,   0% used [0x05c50000, 0x05c50000, 0x05cd0000)
 tenured generation   total 10944K, used 2353K [0x0ad50000, 0x0b800000, 0x15800000)
   the space 10944K,  21% used [0x0ad50000, 0x0af9c6a8, 0x0af9c800, 0x0b800000)
 Metaspace       used 7768K, capacity 7877K, committed 7936K, reserved 8576K
}
Event: 1.009 GC heap before
{Heap before GC invocations=5 (full 0):
 def new generation   total 4928K, used 4892K [0x05800000, 0x05d50000, 0x0ad50000)
  eden space 4416K, 100% used [0x05800000, 0x05c50000, 0x05c50000)
  from space 512K,  92% used [0x05cd0000, 0x05d47070, 0x05d50000)
  to   space 512K,   0% used [0x05c50000, 0x05c50000, 0x05cd0000)
 tenured generation   total 10944K, used 2353K [0x0ad50000, 0x0b800000, 0x15800000)
   the space 10944K,  21% used [0x0ad50000, 0x0af9c6a8, 0x0af9c800, 0x0b800000)
 Metaspace       used 9346K, capacity 9475K, committed 9600K, reserved 9600K
}
Event: 1.012 GC heap after
{Heap after GC invocations=6 (full 0):
 def new generation   total 4928K, used 512K [0x05800000, 0x05d50000, 0x0ad50000)
  eden space 4416K,   0% used [0x05800000, 0x05800000, 0x05c50000)
  from space 512K, 100% used [0x05c50000, 0x05cd0000, 0x05cd0000)
  to   space 512K,   0% used [0x05cd0000, 0x05cd0000, 0x05d50000)
 tenured generation   total 10944K, used 3078K [0x0ad50000, 0x0b800000, 0x15800000)
   the space 10944K,  28% used [0x0ad50000, 0x0b051878, 0x0b051a00, 0x0b800000)
 Metaspace       used 9346K, capacity 9475K, committed 9600K, reserved 9600K
}
Event: 1.111 GC heap before
{Heap before GC invocations=6 (full 0):
 def new generation   total 4928K, used 4928K [0x05800000, 0x05d50000, 0x0ad50000)
  eden space 4416K, 100% used [0x05800000, 0x05c50000, 0x05c50000)
  from space 512K, 100% used [0x05c50000, 0x05cd0000, 0x05cd0000)
  to   space 512K,   0% used [0x05cd0000, 0x05cd0000, 0x05d50000)
 tenured generation   total 10944K, used 3078K [0x0ad50000, 0x0b800000, 0x15800000)
   the space 10944K,  28% used [0x0ad50000, 0x0b051878, 0x0b051a00, 0x0b800000)
 Metaspace       used 10690K, capacity 10869K, committed 10880K, reserved 11648K
}
Event: 1.114 GC heap after
{Heap after GC invocations=7 (full 0):
 def new generation   total 4928K, used 512K [0x05800000, 0x05d50000, 0x0ad50000)
  eden space 4416K,   0% used [0x05800000, 0x05800000, 0x05c50000)
  from space 512K, 100% used [0x05cd0000, 0x05d50000, 0x05d50000)
  to   space 512K,   0% used [0x05c50000, 0x05c50000, 0x05cd0000)
 tenured generation   total 10944K, used 3859K [0x0ad50000, 0x0b800000, 0x15800000)
   the space 10944K,  35% used [0x0ad50000, 0x0b114e00, 0x0b114e00, 0x0b800000)
 Metaspace       used 10690K, capacity 10869K, committed 10880K, reserved 11648K
}
Event: 1.186 GC heap before
{Heap before GC invocations=7 (full 0):
 def new generation   total 4928K, used 4928K [0x05800000, 0x05d50000, 0x0ad50000)
  eden space 4416K, 100% used [0x05800000, 0x05c50000, 0x05c50000)
  from space 512K, 100% used [0x05cd0000, 0x05d50000, 0x05d50000)
  to   space 512K,   0% used [0x05c50000, 0x05c50000, 0x05cd0000)
 tenured generation   total 10944K, used 3859K [0x0ad50000, 0x0b800000, 0x15800000)
   the space 10944K,  35% used [0x0ad50000, 0x0b114e00, 0x0b114e00, 0x0b800000)
 Metaspace       used 11122K, capacity 11293K, committed 11392K, reserved 11648K
}
Event: 1.191 GC heap after
{Heap after GC invocations=8 (full 0):
 def new generation   total 4928K, used 512K [0x05800000, 0x05d50000, 0x0ad50000)
  eden space 4416K,   0% used [0x05800000, 0x05800000, 0x05c50000)
  from space 512K, 100% used [0x05c50000, 0x05cd0000, 0x05cd0000)
  to   space 512K,   0% used [0x05cd0000, 0x05cd0000, 0x05d50000)
 tenured generation   total 10944K, used 4948K [0x0ad50000, 0x0b800000, 0x15800000)
   the space 10944K,  45% used [0x0ad50000, 0x0b225190, 0x0b225200, 0x0b800000)
 Metaspace       used 11122K, capacity 11293K, committed 11392K, reserved 11648K
}
Event: 1.233 GC heap before
{Heap before GC invocations=8 (full 0):
 def new generation   total 4928K, used 2177K [0x05800000, 0x05d50000, 0x0ad50000)
  eden space 4416K,  37% used [0x05800000, 0x059a0588, 0x05c50000)
  from space 512K, 100% used [0x05c50000, 0x05cd0000, 0x05cd0000)
  to   space 512K,   0% used [0x05cd0000, 0x05cd0000, 0x05d50000)
 tenured generation   total 10944K, used 4948K [0x0ad50000, 0x0b800000, 0x15800000)
   the space 10944K,  45% used [0x0ad50000, 0x0b225190, 0x0b225200, 0x0b800000)
 Metaspace       used 11386K, capacity 11588K, committed 11648K, reserved 11648K
}
Event: 1.236 GC heap after
{Heap after GC invocations=9 (full 0):
 def new generation   total 4928K, used 57K [0x05800000, 0x05d50000, 0x0ad50000)
  eden space 4416K,   0% used [0x05800000, 0x05800000, 0x05c50000)
  from space 512K,  11% used [0x05cd0000, 0x05cde498, 0x05d50000)
  to   space 512K,   0% used [0x05c50000, 0x05c50000, 0x05cd0000)
 tenured generation   total 10944K, used 5969K [0x0ad50000, 0x0b800000, 0x15800000)
   the space 10944K,  54% used [0x0ad50000, 0x0b324558, 0x0b324600, 0x0b800000)
 Metaspace       used 11386K, capacity 11588K, committed 11648K, reserved 11648K
}
Event: 1.275 GC heap before
{Heap before GC invocations=9 (full 0):
 def new generation   total 4928K, used 4473K [0x05800000, 0x05d50000, 0x0ad50000)
  eden space 4416K,  99% used [0x05800000, 0x05c4fff8, 0x05c50000)
  from space 512K,  11% used [0x05cd0000, 0x05cde498, 0x05d50000)
  to   space 512K,   0% used [0x05c50000, 0x05c50000, 0x05cd0000)
 tenured generation   total 10944K, used 5969K [0x0ad50000, 0x0b800000, 0x15800000)
   the space 10944K,  54% used [0x0ad50000, 0x0b324558, 0x0b324600, 0x0b800000)
 Metaspace       used 11638K, capacity 11837K, committed 11904K, reserved 12672K
}
Event: 1.279 GC heap after
{Heap after GC invocations=10 (full 0):
 def new generation   total 4928K, used 138K [0x05800000, 0x05d50000, 0x0ad50000)
  eden space 4416K,   0% used [0x05800000, 0x05800000, 0x05c50000)
  from space 512K,  27% used [0x05c50000, 0x05c729f8, 0x05cd0000)
  to   space 512K,   0% used [0x05cd0000, 0x05cd0000, 0x05d50000)
 tenured generation   total 10944K, used 8783K [0x0ad50000, 0x0b800000, 0x15800000)
   the space 10944K,  80% used [0x0ad50000, 0x0b5e3c18, 0x0b5e3e00, 0x0b800000)
 Metaspace       used 11638K, capacity 11837K, committed 11904K, reserved 12672K
}
Event: 1.336 GC heap before
{Heap before GC invocations=10 (full 0):
 def new generation   total 4928K, used 2799K [0x05800000, 0x05d50000, 0x0ad50000)
  eden space 4416K,  60% used [0x05800000, 0x05a994c0, 0x05c50000)
  from space 512K,  27% used [0x05c50000, 0x05c729f8, 0x05cd0000)
  to   space 512K,   0% used [0x05cd0000, 0x05cd0000, 0x05d50000)
 tenured generation   total 10944K, used 8783K [0x0ad50000, 0x0b800000, 0x15800000)
   the space 10944K,  80% used [0x0ad50000, 0x0b5e3c18, 0x0b5e3e00, 0x0b800000)
 Metaspace       used 12089K, capacity 12258K, committed 12288K, reserved 12672K
}
Event: 1.352 GC heap after
{Heap after GC invocations=11 (full 1):
 def new generation   total 6848K, used 0K [0x05800000, 0x05f60000, 0x0ad50000)
  eden space 6144K,   0% used [0x05800000, 0x05800000, 0x05e00000)
  from space 704K,   0% used [0x05e00000, 0x05e00000, 0x05eb0000)
  to   space 704K,   0% used [0x05eb0000, 0x05eb0000, 0x05f60000)
 tenured generation   total 15044K, used 9024K [0x0ad50000, 0x0bc01000, 0x15800000)
   the space 15044K,  59% used [0x0ad50000, 0x0b6200a0, 0x0b620200, 0x0bc01000)
 Metaspace       used 12089K, capacity 12258K, committed 12288K, reserved 12672K
}
Event: 1.574 GC heap before
{Heap before GC invocations=11 (full 1):
 def new generation   total 6848K, used 6136K [0x05800000, 0x05f60000, 0x0ad50000)
  eden space 6144K,  99% used [0x05800000, 0x05dfe2c0, 0x05e00000)
  from space 704K,   0% used [0x05e00000, 0x05e00000, 0x05eb0000)
  to   space 704K,   0% used [0x05eb0000, 0x05eb0000, 0x05f60000)
 tenured generation   total 15044K, used 9024K [0x0ad50000, 0x0bc01000, 0x15800000)
   the space 15044K,  59% used [0x0ad50000, 0x0b6200a0, 0x0b620200, 0x0bc01000)
 Metaspace       used 12794K, capacity 12984K, committed 13056K, reserved 13696K
}
Event: 1.577 GC heap after
{Heap after GC invocations=12 (full 1):
 def new generation   total 6848K, used 704K [0x05800000, 0x05f60000, 0x0ad50000)
  eden space 6144K,   0% used [0x05800000, 0x05800000, 0x05e00000)
  from space 704K, 100% used [0x05eb0000, 0x05f60000, 0x05f60000)
  to   space 704K,   0% used [0x05e00000, 0x05e00000, 0x05eb0000)
 tenured generation   total 15044K, used 9086K [0x0ad50000, 0x0bc01000, 0x15800000)
   the space 15044K,  60% used [0x0ad50000, 0x0b62f8c0, 0x0b62fa00, 0x0bc01000)
 Metaspace       used 12794K, capacity 12984K, committed 13056K, reserved 13696K
}
Event: 1.738 GC heap before
{Heap before GC invocations=12 (full 1):
 def new generation   total 6848K, used 5932K [0x05800000, 0x05f60000, 0x0ad50000)
  eden space 6144K,  85% used [0x05800000, 0x05d1b220, 0x05e00000)
  from space 704K, 100% used [0x05eb0000, 0x05f60000, 0x05f60000)
  to   space 704K,   0% used [0x05e00000, 0x05e00000, 0x05eb0000)
 tenured generation   total 15044K, used 9086K [0x0ad50000, 0x0bc01000, 0x15800000)
   the space 15044K,  60% used [0x0ad50000, 0x0b62f8c0, 0x0b62fa00, 0x0bc01000)
 Metaspace       used 13690K, capacity 13926K, committed 13952K, reserved 14720K
}
Event: 1.743 GC heap after
{Heap after GC invocations=13 (full 1):
 def new generation   total 6848K, used 702K [0x05800000, 0x05f60000, 0x0ad50000)
  eden space 6144K,   0% used [0x05800000, 0x05800000, 0x05e00000)
  from space 704K,  99% used [0x05e00000, 0x05eaf800, 0x05eb0000)
  to   space 704K,   0% used [0x05eb0000, 0x05eb0000, 0x05f60000)
 tenured generation   total 15044K, used 9782K [0x0ad50000, 0x0bc01000, 0x15800000)
   the space 15044K,  65% used [0x0ad50000, 0x0b6dd858, 0x0b6dda00, 0x0bc01000)
 Metaspace       used 13690K, capacity 13926K, committed 13952K, reserved 14720K
}
Event: 3.326 GC heap before
{Heap before GC invocations=13 (full 1):
 def new generation   total 6848K, used 6846K [0x05800000, 0x05f60000, 0x0ad50000)
  eden space 6144K, 100% used [0x05800000, 0x05e00000, 0x05e00000)
  from space 704K,  99% used [0x05e00000, 0x05eaf800, 0x05eb0000)
  to   space 704K,   0% used [0x05eb0000, 0x05eb0000, 0x05f60000)
 tenured generation   total 15044K, used 9782K [0x0ad50000, 0x0bc01000, 0x15800000)
   the space 15044K,  65% used [0x0ad50000, 0x0b6dd858, 0x0b6dda00, 0x0bc01000)
 Metaspace       used 14536K, capacity 14835K, committed 14848K, reserved 15744K
}
Event: 3.331 GC heap after
{Heap after GC invocations=14 (full 1):
 def new generation   total 6848K, used 425K [0x05800000, 0x05f60000, 0x0ad50000)
  eden space 6144K,   0% used [0x05800000, 0x05800000, 0x05e00000)
  from space 704K,  60% used [0x05eb0000, 0x05f1a6f0, 0x05f60000)
  to   space 704K,   0% used [0x05e00000, 0x05e00000, 0x05eb0000)
 tenured generation   total 15044K, used 11495K [0x0ad50000, 0x0bc01000, 0x15800000)
   the space 15044K,  76% used [0x0ad50000, 0x0b889c00, 0x0b889c00, 0x0bc01000)
 Metaspace       used 14536K, capacity 14835K, committed 14848K, reserved 15744K
}

