# JRE version: OpenJDK Runtime Environment Temurin-11.0.21+9 (11.0.21+9) (build 11.0.21+9)
# Java VM: OpenJDK Client VM Temurin-11.0.21+9 (11.0.21+9, mixed mode, serial gc, windows-x86)
Heap:
 def new generation   total 12096K, used 6282K [0x05200000, 0x05f10000, 0x0a750000)
  eden space 10816K,  58% used [0x05200000, 0x05822ab8, 0x05c90000)
  from space 1280K,   0% used [0x05c90000, 0x05c90000, 0x05dd0000)
  to   space 1280K,   0% used [0x05dd0000, 0x05dd0000, 0x05f10000)
 tenured generation   total 26652K, used 15989K [0x0a750000, 0x0c157000, 0x15200000)
   the space 26652K,  59% used [0x0a750000, 0x0b6ed6f8, 0x0b6ed800, 0x0c157000)
 Metaspace       used 14790K, capacity 15055K, committed 15360K, reserved 15744K
GC Heap History (20 events):
Event: 0.973 GC heap before
{Heap before GC invocations=5 (full 0):
 def new generation   total 4928K, used 4826K [0x05200000, 0x05750000, 0x0a750000)
  eden space 4416K, 100% used [0x05200000, 0x05650000, 0x05650000)
  from space 512K,  80% used [0x056d0000, 0x05736880, 0x05750000)
  to   space 512K,   0% used [0x05650000, 0x05650000, 0x056d0000)
 tenured generation   total 10944K, used 2342K [0x0a750000, 0x0b200000, 0x15200000)
   the space 10944K,  21% used [0x0a750000, 0x0a999ba0, 0x0a999c00, 0x0b200000)
 Metaspace       used 8971K, capacity 9087K, committed 9088K, reserved 9600K
}
Event: 0.976 GC heap after
{Heap after GC invocations=6 (full 0):
 def new generation   total 4928K, used 512K [0x05200000, 0x05750000, 0x0a750000)
  eden space 4416K,   0% used [0x05200000, 0x05200000, 0x05650000)
  from space 512K, 100% used [0x05650000, 0x056d0000, 0x056d0000)
  to   space 512K,   0% used [0x056d0000, 0x056d0000, 0x05750000)
 tenured generation   total 10944K, used 2740K [0x0a750000, 0x0b200000, 0x15200000)
   the space 10944K,  25% used [0x0a750000, 0x0a9fd188, 0x0a9fd200, 0x0b200000)
 Metaspace       used 8971K, capacity 9087K, committed 9088K, reserved 9600K
}
Event: 1.097 GC heap before
{Heap before GC invocations=6 (full 0):
 def new generation   total 4928K, used 4921K [0x05200000, 0x05750000, 0x0a750000)
  eden space 4416K,  99% used [0x05200000, 0x0564e7d0, 0x05650000)
  from space 512K, 100% used [0x05650000, 0x056d0000, 0x056d0000)
  to   space 512K,   0% used [0x056d0000, 0x056d0000, 0x05750000)
 tenured generation   total 10944K, used 2740K [0x0a750000, 0x0b200000, 0x15200000)
   the space 10944K,  25% used [0x0a750000, 0x0a9fd188, 0x0a9fd200, 0x0b200000)
 Metaspace       used 10623K, capacity 10800K, committed 10880K, reserved 11648K
}
Event: 1.102 GC heap after
{Heap after GC invocations=7 (full 0):
 def new generation   total 4928K, used 512K [0x05200000, 0x05750000, 0x0a750000)
  eden space 4416K,   0% used [0x05200000, 0x05200000, 0x05650000)
  from space 512K, 100% used [0x056d0000, 0x05750000, 0x05750000)
  to   space 512K,   0% used [0x05650000, 0x05650000, 0x056d0000)
 tenured generation   total 10944K, used 3722K [0x0a750000, 0x0b200000, 0x15200000)
   the space 10944K,  34% used [0x0a750000, 0x0aaf2b98, 0x0aaf2c00, 0x0b200000)
 Metaspace       used 10623K, capacity 10800K, committed 10880K, reserved 11648K
}
Event: 1.174 GC heap before
{Heap before GC invocations=7 (full 0):
 def new generation   total 4928K, used 4928K [0x05200000, 0x05750000, 0x0a750000)
  eden space 4416K, 100% used [0x05200000, 0x05650000, 0x05650000)
  from space 512K, 100% used [0x056d0000, 0x05750000, 0x05750000)
  to   space 512K,   0% used [0x05650000, 0x05650000, 0x056d0000)
 tenured generation   total 10944K, used 3722K [0x0a750000, 0x0b200000, 0x15200000)
   the space 10944K,  34% used [0x0a750000, 0x0aaf2b98, 0x0aaf2c00, 0x0b200000)
 Metaspace       used 11071K, capacity 11258K, committed 11264K, reserved 11648K
}
Event: 1.179 GC heap after
{Heap after GC invocations=8 (full 0):
 def new generation   total 4928K, used 512K [0x05200000, 0x05750000, 0x0a750000)
  eden space 4416K,   0% used [0x05200000, 0x05200000, 0x05650000)
  from space 512K, 100% used [0x05650000, 0x056d0000, 0x056d0000)
  to   space 512K,   0% used [0x056d0000, 0x056d0000, 0x05750000)
 tenured generation   total 10944K, used 4837K [0x0a750000, 0x0b200000, 0x15200000)
   the space 10944K,  44% used [0x0a750000, 0x0ac09720, 0x0ac09800, 0x0b200000)
 Metaspace       used 11071K, capacity 11258K, committed 11264K, reserved 11648K
}
Event: 1.247 GC heap before
{Heap before GC invocations=8 (full 0):
 def new generation   total 4928K, used 3144K [0x05200000, 0x05750000, 0x0a750000)
  eden space 4416K,  59% used [0x05200000, 0x05492108, 0x05650000)
  from space 512K, 100% used [0x05650000, 0x056d0000, 0x056d0000)
  to   space 512K,   0% used [0x056d0000, 0x056d0000, 0x05750000)
 tenured generation   total 10944K, used 4837K [0x0a750000, 0x0b200000, 0x15200000)
   the space 10944K,  44% used [0x0a750000, 0x0ac09720, 0x0ac09800, 0x0b200000)
 Metaspace       used 11512K, capacity 11685K, committed 11776K, reserved 12672K
}
Event: 1.250 GC heap after
{Heap after GC invocations=9 (full 0):
 def new generation   total 4928K, used 158K [0x05200000, 0x05750000, 0x0a750000)
  eden space 4416K,   0% used [0x05200000, 0x05200000, 0x05650000)
  from space 512K,  31% used [0x056d0000, 0x056f7b58, 0x05750000)
  to   space 512K,   0% used [0x05650000, 0x05650000, 0x056d0000)
 tenured generation   total 10944K, used 5858K [0x0a750000, 0x0b200000, 0x15200000)
   the space 10944K,  53% used [0x0a750000, 0x0ad08940, 0x0ad08a00, 0x0b200000)
 Metaspace       used 11512K, capacity 11685K, committed 11776K, reserved 12672K
}
Event: 1.292 GC heap before
{Heap before GC invocations=9 (full 0):
 def new generation   total 4928K, used 4574K [0x05200000, 0x05750000, 0x0a750000)
  eden space 4416K, 100% used [0x05200000, 0x05650000, 0x05650000)
  from space 512K,  31% used [0x056d0000, 0x056f7b58, 0x05750000)
  to   space 512K,   0% used [0x05650000, 0x05650000, 0x056d0000)
 tenured generation   total 10944K, used 5858K [0x0a750000, 0x0b200000, 0x15200000)
   the space 10944K,  53% used [0x0a750000, 0x0ad08940, 0x0ad08a00, 0x0b200000)
 Metaspace       used 11783K, capacity 11944K, committed 12032K, reserved 12672K
}
Event: 1.296 GC heap after
{Heap after GC invocations=10 (full 0):
 def new generation   total 4928K, used 216K [0x05200000, 0x05750000, 0x0a750000)
  eden space 4416K,   0% used [0x05200000, 0x05200000, 0x05650000)
  from space 512K,  42% used [0x05650000, 0x056860d8, 0x056d0000)
  to   space 512K,   0% used [0x056d0000, 0x056d0000, 0x05750000)
 tenured generation   total 10944K, used 8672K [0x0a750000, 0x0b200000, 0x15200000)
   the space 10944K,  79% used [0x0a750000, 0x0afc8000, 0x0afc8000, 0x0b200000)
 Metaspace       used 11783K, capacity 11944K, committed 12032K, reserved 12672K
}
Event: 1.336 GC heap before
{Heap before GC invocations=10 (full 0):
 def new generation   total 4928K, used 2003K [0x05200000, 0x05750000, 0x0a750000)
  eden space 4416K,  40% used [0x05200000, 0x053bedc8, 0x05650000)
  from space 512K,  42% used [0x05650000, 0x056860d8, 0x056d0000)
  to   space 512K,   0% used [0x056d0000, 0x056d0000, 0x05750000)
 tenured generation   total 10944K, used 8672K [0x0a750000, 0x0b200000, 0x15200000)
   the space 10944K,  79% used [0x0a750000, 0x0afc8000, 0x0afc8000, 0x0b200000)
 Metaspace       used 12087K, capacity 12264K, committed 12288K, reserved 12672K
}
Event: 1.348 GC heap after
{Heap after GC invocations=11 (full 1):
 def new generation   total 6848K, used 0K [0x05200000, 0x05960000, 0x0a750000)
  eden space 6144K,   0% used [0x05200000, 0x05200000, 0x05800000)
  from space 704K,   0% used [0x05800000, 0x05800000, 0x058b0000)
  to   space 704K,   0% used [0x058b0000, 0x058b0000, 0x05960000)
 tenured generation   total 14964K, used 8977K [0x0a750000, 0x0b5ed000, 0x15200000)
   the space 14964K,  59% used [0x0a750000, 0x0b014748, 0x0b014800, 0x0b5ed000)
 Metaspace       used 12087K, capacity 12264K, committed 12288K, reserved 12672K
}
Event: 1.544 GC heap before
{Heap before GC invocations=11 (full 1):
 def new generation   total 6848K, used 6144K [0x05200000, 0x05960000, 0x0a750000)
  eden space 6144K, 100% used [0x05200000, 0x05800000, 0x05800000)
  from space 704K,   0% used [0x05800000, 0x05800000, 0x058b0000)
  to   space 704K,   0% used [0x058b0000, 0x058b0000, 0x05960000)
 tenured generation   total 14964K, used 8977K [0x0a750000, 0x0b5ed000, 0x15200000)
   the space 14964K,  59% used [0x0a750000, 0x0b014748, 0x0b014800, 0x0b5ed000)
 Metaspace       used 12803K, capacity 13000K, committed 13056K, reserved 13696K
}
Event: 1.547 GC heap after
{Heap after GC invocations=12 (full 1):
 def new generation   total 6848K, used 703K [0x05200000, 0x05960000, 0x0a750000)
  eden space 6144K,   0% used [0x05200000, 0x05200000, 0x05800000)
  from space 704K,  99% used [0x058b0000, 0x0595fff8, 0x05960000)
  to   space 704K,   0% used [0x05800000, 0x05800000, 0x058b0000)
 tenured generation   total 14964K, used 9058K [0x0a750000, 0x0b5ed000, 0x15200000)
   the space 14964K,  60% used [0x0a750000, 0x0b028930, 0x0b028a00, 0x0b5ed000)
 Metaspace       used 12803K, capacity 13000K, committed 13056K, reserved 13696K
}
Event: 1.703 GC heap before
{Heap before GC invocations=12 (full 1):
 def new generation   total 6848K, used 6842K [0x05200000, 0x05960000, 0x0a750000)
  eden space 6144K,  99% used [0x05200000, 0x057fe978, 0x05800000)
  from space 704K,  99% used [0x058b0000, 0x0595fff8, 0x05960000)
  to   space 704K,   0% used [0x05800000, 0x05800000, 0x058b0000)
 tenured generation   total 14964K, used 9058K [0x0a750000, 0x0b5ed000, 0x15200000)
   the space 14964K,  60% used [0x0a750000, 0x0b028930, 0x0b028a00, 0x0b5ed000)
 Metaspace       used 13697K, capacity 13934K, committed 13952K, reserved 14720K
}
Event: 1.710 GC heap after
{Heap after GC invocations=13 (full 1):
 def new generation   total 6848K, used 703K [0x05200000, 0x05960000, 0x0a750000)
  eden space 6144K,   0% used [0x05200000, 0x05200000, 0x05800000)
  from space 704K,  99% used [0x05800000, 0x058afff8, 0x058b0000)
  to   space 704K,   0% used [0x058b0000, 0x058b0000, 0x05960000)
 tenured generation   total 14964K, used 10779K [0x0a750000, 0x0b5ed000, 0x15200000)
   the space 14964K,  72% used [0x0a750000, 0x0b1d6e68, 0x0b1d7000, 0x0b5ed000)
 Metaspace       used 13697K, capacity 13934K, committed 13952K, reserved 14720K
}
Event: 9.042 GC heap before
{Heap before GC invocations=13 (full 1):
 def new generation   total 6848K, used 6236K [0x05200000, 0x05960000, 0x0a750000)
  eden space 6144K,  90% used [0x05200000, 0x057671e0, 0x05800000)
  from space 704K,  99% used [0x05800000, 0x058afff8, 0x058b0000)
  to   space 704K,   0% used [0x058b0000, 0x058b0000, 0x05960000)
 tenured generation   total 14964K, used 10779K [0x0a750000, 0x0b5ed000, 0x15200000)
   the space 14964K,  72% used [0x0a750000, 0x0b1d6e68, 0x0b1d7000, 0x0b5ed000)
 Metaspace       used 14108K, capacity 14363K, committed 14464K, reserved 14720K
}
Event: 9.048 GC heap after
{Heap after GC invocations=14 (full 1):
 def new generation   total 6848K, used 423K [0x05200000, 0x05960000, 0x0a750000)
  eden space 6144K,   0% used [0x05200000, 0x05200000, 0x05800000)
  from space 704K,  60% used [0x058b0000, 0x05919d78, 0x05960000)
  to   space 704K,   0% used [0x05800000, 0x05800000, 0x058b0000)
 tenured generation   total 14964K, used 13584K [0x0a750000, 0x0b5ed000, 0x15200000)
   the space 14964K,  90% used [0x0a750000, 0x0b4943d8, 0x0b494400, 0x0b5ed000)
 Metaspace       used 14108K, capacity 14363K, committed 14464K, reserved 14720K
}
Event: 9.137 GC heap before
{Heap before GC invocations=14 (full 1):
 def new generation   total 6848K, used 6567K [0x05200000, 0x05960000, 0x0a750000)
  eden space 6144K, 100% used [0x05200000, 0x05800000, 0x05800000)
  from space 704K,  60% used [0x058b0000, 0x05919d78, 0x05960000)
  to   space 704K,   0% used [0x05800000, 0x05800000, 0x058b0000)
 tenured generation   total 14964K, used 13584K [0x0a750000, 0x0b5ed000, 0x15200000)
   the space 14964K,  90% used [0x0a750000, 0x0b4943d8, 0x0b494400, 0x0b5ed000)
 Metaspace       used 14684K, capacity 14994K, committed 15104K, reserved 15744K
}
Event: 9.162 GC heap after
{Heap after GC invocations=15 (full 2):
 def new generation   total 12096K, used 0K [0x05200000, 0x05f10000, 0x0a750000)
  eden space 10816K,   0% used [0x05200000, 0x05200000, 0x05c90000)
  from space 1280K,   0% used [0x05c90000, 0x05c90000, 0x05dd0000)
  to   space 1280K,   0% used [0x05dd0000, 0x05dd0000, 0x05f10000)
 tenured generation   total 26652K, used 15989K [0x0a750000, 0x0c157000, 0x15200000)
   the space 26652K,  59% used [0x0a750000, 0x0b6ed6f8, 0x0b6ed800, 0x0c157000)
 Metaspace       used 14469K, capacity 14729K, committed 15104K, reserved 15744K
}

