# JRE version: OpenJDK Runtime Environment Temurin-11.0.21+9 (11.0.21+9) (build 11.0.21+9)
# Java VM: OpenJDK Client VM Temurin-11.0.21+9 (11.0.21+9, mixed mode, serial gc, windows-x86)
Heap:
 def new generation   total 12160K, used 5041K [0x04e00000, 0x05b30000, 0x0a350000)
  eden space 10816K,  46% used [0x04e00000, 0x052ec4f8, 0x05890000)
  from space 1344K,   0% used [0x05890000, 0x05890000, 0x059e0000)
  to   space 1344K,   0% used [0x059e0000, 0x059e0000, 0x05b30000)
 tenured generation   total 26944K, used 16165K [0x0a350000, 0x0bda0000, 0x14e00000)
   the space 26944K,  59% used [0x0a350000, 0x0b319700, 0x0b319800, 0x0bda0000)
 Metaspace       used 15095K, capacity 15413K, committed 15488K, reserved 15744K
GC Heap History (20 events):
Event: 1.018 GC heap before
{Heap before GC invocations=5 (full 0):
 def new generation   total 4928K, used 4826K [0x04e00000, 0x05350000, 0x0a350000)
  eden space 4416K, 100% used [0x04e00000, 0x05250000, 0x05250000)
  from space 512K,  80% used [0x052d0000, 0x05336958, 0x05350000)
  to   space 512K,   0% used [0x05250000, 0x05250000, 0x052d0000)
 tenured generation   total 10944K, used 2191K [0x0a350000, 0x0ae00000, 0x14e00000)
   the space 10944K,  20% used [0x0a350000, 0x0a573df8, 0x0a573e00, 0x0ae00000)
 Metaspace       used 8964K, capacity 9087K, committed 9088K, reserved 9600K
}
Event: 1.020 GC heap after
{Heap after GC invocations=6 (full 0):
 def new generation   total 4928K, used 512K [0x04e00000, 0x05350000, 0x0a350000)
  eden space 4416K,   0% used [0x04e00000, 0x04e00000, 0x05250000)
  from space 512K, 100% used [0x05250000, 0x052d0000, 0x052d0000)
  to   space 512K,   0% used [0x052d0000, 0x052d0000, 0x05350000)
 tenured generation   total 10944K, used 2592K [0x0a350000, 0x0ae00000, 0x14e00000)
   the space 10944K,  23% used [0x0a350000, 0x0a5d81c8, 0x0a5d8200, 0x0ae00000)
 Metaspace       used 8964K, capacity 9087K, committed 9088K, reserved 9600K
}
Event: 1.143 GC heap before
{Heap before GC invocations=6 (full 0):
 def new generation   total 4928K, used 4923K [0x04e00000, 0x05350000, 0x0a350000)
  eden space 4416K,  99% used [0x04e00000, 0x0524ec20, 0x05250000)
  from space 512K, 100% used [0x05250000, 0x052d0000, 0x052d0000)
  to   space 512K,   0% used [0x052d0000, 0x052d0000, 0x05350000)
 tenured generation   total 10944K, used 2592K [0x0a350000, 0x0ae00000, 0x14e00000)
   the space 10944K,  23% used [0x0a350000, 0x0a5d81c8, 0x0a5d8200, 0x0ae00000)
 Metaspace       used 10614K, capacity 10768K, committed 10880K, reserved 11648K
}
Event: 1.148 GC heap after
{Heap after GC invocations=7 (full 0):
 def new generation   total 4928K, used 512K [0x04e00000, 0x05350000, 0x0a350000)
  eden space 4416K,   0% used [0x04e00000, 0x04e00000, 0x05250000)
  from space 512K, 100% used [0x052d0000, 0x05350000, 0x05350000)
  to   space 512K,   0% used [0x05250000, 0x05250000, 0x052d0000)
 tenured generation   total 10944K, used 3570K [0x0a350000, 0x0ae00000, 0x14e00000)
   the space 10944K,  32% used [0x0a350000, 0x0a6cc908, 0x0a6cca00, 0x0ae00000)
 Metaspace       used 10614K, capacity 10768K, committed 10880K, reserved 11648K
}
Event: 1.215 GC heap before
{Heap before GC invocations=7 (full 0):
 def new generation   total 4928K, used 4928K [0x04e00000, 0x05350000, 0x0a350000)
  eden space 4416K, 100% used [0x04e00000, 0x05250000, 0x05250000)
  from space 512K, 100% used [0x052d0000, 0x05350000, 0x05350000)
  to   space 512K,   0% used [0x05250000, 0x05250000, 0x052d0000)
 tenured generation   total 10944K, used 3570K [0x0a350000, 0x0ae00000, 0x14e00000)
   the space 10944K,  32% used [0x0a350000, 0x0a6cc908, 0x0a6cca00, 0x0ae00000)
 Metaspace       used 11068K, capacity 11258K, committed 11264K, reserved 11648K
}
Event: 1.219 GC heap after
{Heap after GC invocations=8 (full 0):
 def new generation   total 4928K, used 512K [0x04e00000, 0x05350000, 0x0a350000)
  eden space 4416K,   0% used [0x04e00000, 0x04e00000, 0x05250000)
  from space 512K, 100% used [0x05250000, 0x052d0000, 0x052d0000)
  to   space 512K,   0% used [0x052d0000, 0x052d0000, 0x05350000)
 tenured generation   total 10944K, used 4685K [0x0a350000, 0x0ae00000, 0x14e00000)
   the space 10944K,  42% used [0x0a350000, 0x0a7e34f0, 0x0a7e3600, 0x0ae00000)
 Metaspace       used 11068K, capacity 11258K, committed 11264K, reserved 11648K
}
Event: 1.288 GC heap before
{Heap before GC invocations=8 (full 0):
 def new generation   total 4928K, used 3186K [0x04e00000, 0x05350000, 0x0a350000)
  eden space 4416K,  60% used [0x04e00000, 0x0509c818, 0x05250000)
  from space 512K, 100% used [0x05250000, 0x052d0000, 0x052d0000)
  to   space 512K,   0% used [0x052d0000, 0x052d0000, 0x05350000)
 tenured generation   total 10944K, used 4685K [0x0a350000, 0x0ae00000, 0x14e00000)
   the space 10944K,  42% used [0x0a350000, 0x0a7e34f0, 0x0a7e3600, 0x0ae00000)
 Metaspace       used 11512K, capacity 11685K, committed 11776K, reserved 12672K
}
Event: 1.291 GC heap after
{Heap after GC invocations=9 (full 0):
 def new generation   total 4928K, used 159K [0x04e00000, 0x05350000, 0x0a350000)
  eden space 4416K,   0% used [0x04e00000, 0x04e00000, 0x05250000)
  from space 512K,  31% used [0x052d0000, 0x052f7e88, 0x05350000)
  to   space 512K,   0% used [0x05250000, 0x05250000, 0x052d0000)
 tenured generation   total 10944K, used 5705K [0x0a350000, 0x0ae00000, 0x14e00000)
   the space 10944K,  52% used [0x0a350000, 0x0a8e2710, 0x0a8e2800, 0x0ae00000)
 Metaspace       used 11512K, capacity 11685K, committed 11776K, reserved 12672K
}
Event: 1.340 GC heap before
{Heap before GC invocations=9 (full 0):
 def new generation   total 4928K, used 4575K [0x04e00000, 0x05350000, 0x0a350000)
  eden space 4416K, 100% used [0x04e00000, 0x05250000, 0x05250000)
  from space 512K,  31% used [0x052d0000, 0x052f7e88, 0x05350000)
  to   space 512K,   0% used [0x05250000, 0x05250000, 0x052d0000)
 tenured generation   total 10944K, used 5705K [0x0a350000, 0x0ae00000, 0x14e00000)
   the space 10944K,  52% used [0x0a350000, 0x0a8e2710, 0x0a8e2800, 0x0ae00000)
 Metaspace       used 11784K, capacity 11976K, committed 12032K, reserved 12672K
}
Event: 1.343 GC heap after
{Heap after GC invocations=10 (full 0):
 def new generation   total 4928K, used 207K [0x04e00000, 0x05350000, 0x0a350000)
  eden space 4416K,   0% used [0x04e00000, 0x04e00000, 0x05250000)
  from space 512K,  40% used [0x05250000, 0x05283fc8, 0x052d0000)
  to   space 512K,   0% used [0x052d0000, 0x052d0000, 0x05350000)
 tenured generation   total 10944K, used 8519K [0x0a350000, 0x0ae00000, 0x14e00000)
   the space 10944K,  77% used [0x0a350000, 0x0aba1dd0, 0x0aba1e00, 0x0ae00000)
 Metaspace       used 11784K, capacity 11976K, committed 12032K, reserved 12672K
}
Event: 1.380 GC heap before
{Heap before GC invocations=10 (full 0):
 def new generation   total 4928K, used 1980K [0x04e00000, 0x05350000, 0x0a350000)
  eden space 4416K,  40% used [0x04e00000, 0x04fbb380, 0x05250000)
  from space 512K,  40% used [0x05250000, 0x05283fc8, 0x052d0000)
  to   space 512K,   0% used [0x052d0000, 0x052d0000, 0x05350000)
 tenured generation   total 10944K, used 8519K [0x0a350000, 0x0ae00000, 0x14e00000)
   the space 10944K,  77% used [0x0a350000, 0x0aba1dd0, 0x0aba1e00, 0x0ae00000)
 Metaspace       used 12087K, capacity 12264K, committed 12288K, reserved 12672K
}
Event: 1.396 GC heap after
{Heap after GC invocations=11 (full 1):
 def new generation   total 6720K, used 0K [0x04e00000, 0x05540000, 0x0a350000)
  eden space 6016K,   0% used [0x04e00000, 0x04e00000, 0x053e0000)
  from space 704K,   0% used [0x053e0000, 0x053e0000, 0x05490000)
  to   space 704K,   0% used [0x05490000, 0x05490000, 0x05540000)
 tenured generation   total 14712K, used 8826K [0x0a350000, 0x0b1ae000, 0x14e00000)
   the space 14712K,  59% used [0x0a350000, 0x0abee880, 0x0abeea00, 0x0b1ae000)
 Metaspace       used 12087K, capacity 12264K, committed 12288K, reserved 12672K
}
Event: 1.590 GC heap before
{Heap before GC invocations=11 (full 1):
 def new generation   total 6720K, used 6016K [0x04e00000, 0x05540000, 0x0a350000)
  eden space 6016K, 100% used [0x04e00000, 0x053e0000, 0x053e0000)
  from space 704K,   0% used [0x053e0000, 0x053e0000, 0x05490000)
  to   space 704K,   0% used [0x05490000, 0x05490000, 0x05540000)
 tenured generation   total 14712K, used 8826K [0x0a350000, 0x0b1ae000, 0x14e00000)
   the space 14712K,  59% used [0x0a350000, 0x0abee880, 0x0abeea00, 0x0b1ae000)
 Metaspace       used 12787K, capacity 12990K, committed 13056K, reserved 13696K
}
Event: 1.593 GC heap after
{Heap after GC invocations=12 (full 1):
 def new generation   total 6720K, used 704K [0x04e00000, 0x05540000, 0x0a350000)
  eden space 6016K,   0% used [0x04e00000, 0x04e00000, 0x053e0000)
  from space 704K, 100% used [0x05490000, 0x05540000, 0x05540000)
  to   space 704K,   0% used [0x053e0000, 0x053e0000, 0x05490000)
 tenured generation   total 14712K, used 8884K [0x0a350000, 0x0b1ae000, 0x14e00000)
   the space 14712K,  60% used [0x0a350000, 0x0abfd148, 0x0abfd200, 0x0b1ae000)
 Metaspace       used 12787K, capacity 12990K, committed 13056K, reserved 13696K
}
Event: 1.758 GC heap before
{Heap before GC invocations=12 (full 1):
 def new generation   total 6720K, used 5854K [0x04e00000, 0x05540000, 0x0a350000)
  eden space 6016K,  85% used [0x04e00000, 0x05307aa8, 0x053e0000)
  from space 704K, 100% used [0x05490000, 0x05540000, 0x05540000)
  to   space 704K,   0% used [0x053e0000, 0x053e0000, 0x05490000)
 tenured generation   total 14712K, used 8884K [0x0a350000, 0x0b1ae000, 0x14e00000)
   the space 14712K,  60% used [0x0a350000, 0x0abfd148, 0x0abfd200, 0x0b1ae000)
 Metaspace       used 13704K, capacity 13906K, committed 13952K, reserved 14720K
}
Event: 1.764 GC heap after
{Heap after GC invocations=13 (full 1):
 def new generation   total 6720K, used 704K [0x04e00000, 0x05540000, 0x0a350000)
  eden space 6016K,   0% used [0x04e00000, 0x04e00000, 0x053e0000)
  from space 704K, 100% used [0x053e0000, 0x05490000, 0x05490000)
  to   space 704K,   0% used [0x05490000, 0x05490000, 0x05540000)
 tenured generation   total 14712K, used 9601K [0x0a350000, 0x0b1ae000, 0x14e00000)
   the space 14712K,  65% used [0x0a350000, 0x0acb06b8, 0x0acb0800, 0x0b1ae000)
 Metaspace       used 13704K, capacity 13906K, committed 13952K, reserved 14720K
}
Event: 5.776 GC heap before
{Heap before GC invocations=13 (full 1):
 def new generation   total 6720K, used 6720K [0x04e00000, 0x05540000, 0x0a350000)
  eden space 6016K, 100% used [0x04e00000, 0x053e0000, 0x053e0000)
  from space 704K, 100% used [0x053e0000, 0x05490000, 0x05490000)
  to   space 704K,   0% used [0x05490000, 0x05490000, 0x05540000)
 tenured generation   total 14712K, used 9601K [0x0a350000, 0x0b1ae000, 0x14e00000)
   the space 14712K,  65% used [0x0a350000, 0x0acb06b8, 0x0acb0800, 0x0b1ae000)
 Metaspace       used 14043K, capacity 14284K, committed 14336K, reserved 14720K
}
Event: 5.783 GC heap after
{Heap after GC invocations=14 (full 1):
 def new generation   total 6720K, used 333K [0x04e00000, 0x05540000, 0x0a350000)
  eden space 6016K,   0% used [0x04e00000, 0x04e00000, 0x053e0000)
  from space 704K,  47% used [0x05490000, 0x054e3748, 0x05540000)
  to   space 704K,   0% used [0x053e0000, 0x053e0000, 0x05490000)
 tenured generation   total 14712K, used 13431K [0x0a350000, 0x0b1ae000, 0x14e00000)
   the space 14712K,  91% used [0x0a350000, 0x0b06df88, 0x0b06e000, 0x0b1ae000)
 Metaspace       used 14043K, capacity 14284K, committed 14336K, reserved 14720K
}
Event: 5.909 GC heap before
{Heap before GC invocations=14 (full 1):
 def new generation   total 6720K, used 6349K [0x04e00000, 0x05540000, 0x0a350000)
  eden space 6016K, 100% used [0x04e00000, 0x053e0000, 0x053e0000)
  from space 704K,  47% used [0x05490000, 0x054e3748, 0x05540000)
  to   space 704K,   0% used [0x053e0000, 0x053e0000, 0x05490000)
 tenured generation   total 14712K, used 13431K [0x0a350000, 0x0b1ae000, 0x14e00000)
   the space 14712K,  91% used [0x0a350000, 0x0b06df88, 0x0b06e000, 0x0b1ae000)
 Metaspace       used 14604K, capacity 14898K, committed 14976K, reserved 15744K
}
Event: 5.935 GC heap after
{Heap after GC invocations=15 (full 2):
 def new generation   total 12160K, used 0K [0x04e00000, 0x05b30000, 0x0a350000)
  eden space 10816K,   0% used [0x04e00000, 0x04e00000, 0x05890000)
  from space 1344K,   0% used [0x05890000, 0x05890000, 0x059e0000)
  to   space 1344K,   0% used [0x059e0000, 0x059e0000, 0x05b30000)
 tenured generation   total 26944K, used 16165K [0x0a350000, 0x0bda0000, 0x14e00000)
   the space 26944K,  59% used [0x0a350000, 0x0b319700, 0x0b319800, 0x0bda0000)
 Metaspace       used 14604K, capacity 14898K, committed 14976K, reserved 15744K
}

