# JRE version: OpenJDK Runtime Environment Temurin-11.0.21+9 (11.0.21+9) (build 11.0.21+9)
# Java VM: OpenJDK Client VM Temurin-11.0.21+9 (11.0.21+9, mixed mode, serial gc, windows-x86)
Heap:
 def new generation   total 12096K, used 10087K [0x05000000, 0x05d20000, 0x0a550000)
  eden space 10752K,  93% used [0x05000000, 0x059d9cb8, 0x05a80000)
  from space 1344K,   0% used [0x05a80000, 0x05a80000, 0x05bd0000)
  to   space 1344K,   0% used [0x05bd0000, 0x05bd0000, 0x05d20000)
 tenured generation   total 26736K, used 16041K [0x0a550000, 0x0bf6c000, 0x15000000)
   the space 26736K,  59% used [0x0a550000, 0x0b4fa400, 0x0b4fa400, 0x0bf6c000)
 Metaspace       used 14919K, capacity 15184K, committed 15232K, reserved 15744K
GC Heap History (20 events):
Event: 1.251 GC heap before
{Heap before GC invocations=5 (full 0):
 def new generation   total 4928K, used 4826K [0x05000000, 0x05550000, 0x0a550000)
  eden space 4416K,  99% used [0x05000000, 0x0544fec8, 0x05450000)
  from space 512K,  80% used [0x054d0000, 0x05536958, 0x05550000)
  to   space 512K,   0% used [0x05450000, 0x05450000, 0x054d0000)
 tenured generation   total 10944K, used 2191K [0x0a550000, 0x0b000000, 0x15000000)
   the space 10944K,  20% used [0x0a550000, 0x0a773df8, 0x0a773e00, 0x0b000000)
 Metaspace       used 8967K, capacity 9087K, committed 9088K, reserved 9600K
}
Event: 1.255 GC heap after
{Heap after GC invocations=6 (full 0):
 def new generation   total 4928K, used 512K [0x05000000, 0x05550000, 0x0a550000)
  eden space 4416K,   0% used [0x05000000, 0x05000000, 0x05450000)
  from space 512K, 100% used [0x05450000, 0x054d0000, 0x054d0000)
  to   space 512K,   0% used [0x054d0000, 0x054d0000, 0x05550000)
 tenured generation   total 10944K, used 2600K [0x0a550000, 0x0b000000, 0x15000000)
   the space 10944K,  23% used [0x0a550000, 0x0a7da1d8, 0x0a7da200, 0x0b000000)
 Metaspace       used 8967K, capacity 9087K, committed 9088K, reserved 9600K
}
Event: 1.372 GC heap before
{Heap before GC invocations=6 (full 0):
 def new generation   total 4928K, used 4928K [0x05000000, 0x05550000, 0x0a550000)
  eden space 4416K, 100% used [0x05000000, 0x05450000, 0x05450000)
  from space 512K, 100% used [0x05450000, 0x054d0000, 0x054d0000)
  to   space 512K,   0% used [0x054d0000, 0x054d0000, 0x05550000)
 tenured generation   total 10944K, used 2600K [0x0a550000, 0x0b000000, 0x15000000)
   the space 10944K,  23% used [0x0a550000, 0x0a7da1d8, 0x0a7da200, 0x0b000000)
 Metaspace       used 10614K, capacity 10768K, committed 10880K, reserved 11648K
}
Event: 1.376 GC heap after
{Heap after GC invocations=7 (full 0):
 def new generation   total 4928K, used 512K [0x05000000, 0x05550000, 0x0a550000)
  eden space 4416K,   0% used [0x05000000, 0x05000000, 0x05450000)
  from space 512K, 100% used [0x054d0000, 0x05550000, 0x05550000)
  to   space 512K,   0% used [0x05450000, 0x05450000, 0x054d0000)
 tenured generation   total 10944K, used 3577K [0x0a550000, 0x0b000000, 0x15000000)
   the space 10944K,  32% used [0x0a550000, 0x0a8ce650, 0x0a8ce800, 0x0b000000)
 Metaspace       used 10614K, capacity 10768K, committed 10880K, reserved 11648K
}
Event: 1.444 GC heap before
{Heap before GC invocations=7 (full 0):
 def new generation   total 4928K, used 4928K [0x05000000, 0x05550000, 0x0a550000)
  eden space 4416K, 100% used [0x05000000, 0x05450000, 0x05450000)
  from space 512K, 100% used [0x054d0000, 0x05550000, 0x05550000)
  to   space 512K,   0% used [0x05450000, 0x05450000, 0x054d0000)
 tenured generation   total 10944K, used 3577K [0x0a550000, 0x0b000000, 0x15000000)
   the space 10944K,  32% used [0x0a550000, 0x0a8ce650, 0x0a8ce800, 0x0b000000)
 Metaspace       used 11068K, capacity 11258K, committed 11264K, reserved 11648K
}
Event: 1.448 GC heap after
{Heap after GC invocations=8 (full 0):
 def new generation   total 4928K, used 512K [0x05000000, 0x05550000, 0x0a550000)
  eden space 4416K,   0% used [0x05000000, 0x05000000, 0x05450000)
  from space 512K, 100% used [0x05450000, 0x054d0000, 0x054d0000)
  to   space 512K,   0% used [0x054d0000, 0x054d0000, 0x05550000)
 tenured generation   total 10944K, used 4685K [0x0a550000, 0x0b000000, 0x15000000)
   the space 10944K,  42% used [0x0a550000, 0x0a9e3540, 0x0a9e3600, 0x0b000000)
 Metaspace       used 11068K, capacity 11258K, committed 11264K, reserved 11648K
}
Event: 1.515 GC heap before
{Heap before GC invocations=8 (full 0):
 def new generation   total 4928K, used 3187K [0x05000000, 0x05550000, 0x0a550000)
  eden space 4416K,  60% used [0x05000000, 0x0529ce28, 0x05450000)
  from space 512K, 100% used [0x05450000, 0x054d0000, 0x054d0000)
  to   space 512K,   0% used [0x054d0000, 0x054d0000, 0x05550000)
 tenured generation   total 10944K, used 4685K [0x0a550000, 0x0b000000, 0x15000000)
   the space 10944K,  42% used [0x0a550000, 0x0a9e3540, 0x0a9e3600, 0x0b000000)
 Metaspace       used 11512K, capacity 11685K, committed 11776K, reserved 12672K
}
Event: 1.518 GC heap after
{Heap after GC invocations=9 (full 0):
 def new generation   total 4928K, used 159K [0x05000000, 0x05550000, 0x0a550000)
  eden space 4416K,   0% used [0x05000000, 0x05000000, 0x05450000)
  from space 512K,  31% used [0x054d0000, 0x054f7e88, 0x05550000)
  to   space 512K,   0% used [0x05450000, 0x05450000, 0x054d0000)
 tenured generation   total 10944K, used 5705K [0x0a550000, 0x0b000000, 0x15000000)
   the space 10944K,  52% used [0x0a550000, 0x0aae2760, 0x0aae2800, 0x0b000000)
 Metaspace       used 11512K, capacity 11685K, committed 11776K, reserved 12672K
}
Event: 1.577 GC heap before
{Heap before GC invocations=9 (full 0):
 def new generation   total 4928K, used 4575K [0x05000000, 0x05550000, 0x0a550000)
  eden space 4416K, 100% used [0x05000000, 0x05450000, 0x05450000)
  from space 512K,  31% used [0x054d0000, 0x054f7e88, 0x05550000)
  to   space 512K,   0% used [0x05450000, 0x05450000, 0x054d0000)
 tenured generation   total 10944K, used 5705K [0x0a550000, 0x0b000000, 0x15000000)
   the space 10944K,  52% used [0x0a550000, 0x0aae2760, 0x0aae2800, 0x0b000000)
 Metaspace       used 11784K, capacity 11976K, committed 12032K, reserved 12672K
}
Event: 1.580 GC heap after
{Heap after GC invocations=10 (full 0):
 def new generation   total 4928K, used 207K [0x05000000, 0x05550000, 0x0a550000)
  eden space 4416K,   0% used [0x05000000, 0x05000000, 0x05450000)
  from space 512K,  40% used [0x05450000, 0x05483fc8, 0x054d0000)
  to   space 512K,   0% used [0x054d0000, 0x054d0000, 0x05550000)
 tenured generation   total 10944K, used 8519K [0x0a550000, 0x0b000000, 0x15000000)
   the space 10944K,  77% used [0x0a550000, 0x0ada1e20, 0x0ada2000, 0x0b000000)
 Metaspace       used 11784K, capacity 11976K, committed 12032K, reserved 12672K
}
Event: 1.627 GC heap before
{Heap before GC invocations=10 (full 0):
 def new generation   total 4928K, used 1991K [0x05000000, 0x05550000, 0x0a550000)
  eden space 4416K,  40% used [0x05000000, 0x051bdea0, 0x05450000)
  from space 512K,  40% used [0x05450000, 0x05483fc8, 0x054d0000)
  to   space 512K,   0% used [0x054d0000, 0x054d0000, 0x05550000)
 tenured generation   total 10944K, used 8519K [0x0a550000, 0x0b000000, 0x15000000)
   the space 10944K,  77% used [0x0a550000, 0x0ada1e20, 0x0ada2000, 0x0b000000)
 Metaspace       used 12087K, capacity 12264K, committed 12288K, reserved 12672K
}
Event: 1.642 GC heap after
{Heap after GC invocations=11 (full 1):
 def new generation   total 6720K, used 0K [0x05000000, 0x05740000, 0x0a550000)
  eden space 6016K,   0% used [0x05000000, 0x05000000, 0x055e0000)
  from space 704K,   0% used [0x055e0000, 0x055e0000, 0x05690000)
  to   space 704K,   0% used [0x05690000, 0x05690000, 0x05740000)
 tenured generation   total 14712K, used 8826K [0x0a550000, 0x0b3ae000, 0x15000000)
   the space 14712K,  59% used [0x0a550000, 0x0adee8e8, 0x0adeea00, 0x0b3ae000)
 Metaspace       used 12087K, capacity 12264K, committed 12288K, reserved 12672K
}
Event: 1.850 GC heap before
{Heap before GC invocations=11 (full 1):
 def new generation   total 6720K, used 6016K [0x05000000, 0x05740000, 0x0a550000)
  eden space 6016K, 100% used [0x05000000, 0x055e0000, 0x055e0000)
  from space 704K,   0% used [0x055e0000, 0x055e0000, 0x05690000)
  to   space 704K,   0% used [0x05690000, 0x05690000, 0x05740000)
 tenured generation   total 14712K, used 8826K [0x0a550000, 0x0b3ae000, 0x15000000)
   the space 14712K,  59% used [0x0a550000, 0x0adee8e8, 0x0adeea00, 0x0b3ae000)
 Metaspace       used 12791K, capacity 12992K, committed 13056K, reserved 13696K
}
Event: 1.853 GC heap after
{Heap after GC invocations=12 (full 1):
 def new generation   total 6720K, used 703K [0x05000000, 0x05740000, 0x0a550000)
  eden space 6016K,   0% used [0x05000000, 0x05000000, 0x055e0000)
  from space 704K,  99% used [0x05690000, 0x0573fff8, 0x05740000)
  to   space 704K,   0% used [0x055e0000, 0x055e0000, 0x05690000)
 tenured generation   total 14712K, used 8886K [0x0a550000, 0x0b3ae000, 0x15000000)
   the space 14712K,  60% used [0x0a550000, 0x0adfd9c8, 0x0adfda00, 0x0b3ae000)
 Metaspace       used 12791K, capacity 12992K, committed 13056K, reserved 13696K
}
Event: 2.013 GC heap before
{Heap before GC invocations=12 (full 1):
 def new generation   total 6720K, used 5756K [0x05000000, 0x05740000, 0x0a550000)
  eden space 6016K,  83% used [0x05000000, 0x054ef170, 0x055e0000)
  from space 704K,  99% used [0x05690000, 0x0573fff8, 0x05740000)
  to   space 704K,   0% used [0x055e0000, 0x055e0000, 0x05690000)
 tenured generation   total 14712K, used 8886K [0x0a550000, 0x0b3ae000, 0x15000000)
   the space 14712K,  60% used [0x0a550000, 0x0adfd9c8, 0x0adfda00, 0x0b3ae000)
 Metaspace       used 13678K, capacity 13902K, committed 13952K, reserved 14720K
}
Event: 2.018 GC heap after
{Heap after GC invocations=13 (full 1):
 def new generation   total 6720K, used 704K [0x05000000, 0x05740000, 0x0a550000)
  eden space 6016K,   0% used [0x05000000, 0x05000000, 0x055e0000)
  from space 704K, 100% used [0x055e0000, 0x05690000, 0x05690000)
  to   space 704K,   0% used [0x05690000, 0x05690000, 0x05740000)
 tenured generation   total 14712K, used 9597K [0x0a550000, 0x0b3ae000, 0x15000000)
   the space 14712K,  65% used [0x0a550000, 0x0aeaf5d0, 0x0aeaf600, 0x0b3ae000)
 Metaspace       used 13678K, capacity 13902K, committed 13952K, reserved 14720K
}
Event: 22.984 GC heap before
{Heap before GC invocations=13 (full 1):
 def new generation   total 6720K, used 4639K [0x05000000, 0x05740000, 0x0a550000)
  eden space 6016K,  65% used [0x05000000, 0x053d7db0, 0x055e0000)
  from space 704K, 100% used [0x055e0000, 0x05690000, 0x05690000)
  to   space 704K,   0% used [0x05690000, 0x05690000, 0x05740000)
 tenured generation   total 14712K, used 9597K [0x0a550000, 0x0b3ae000, 0x15000000)
   the space 14712K,  65% used [0x0a550000, 0x0aeaf5d0, 0x0aeaf600, 0x0b3ae000)
 Metaspace       used 14016K, capacity 14260K, committed 14336K, reserved 14720K
}
Event: 22.988 GC heap after
{Heap after GC invocations=14 (full 1):
 def new generation   total 6720K, used 248K [0x05000000, 0x05740000, 0x0a550000)
  eden space 6016K,   0% used [0x05000000, 0x05000000, 0x055e0000)
  from space 704K,  35% used [0x05690000, 0x056ce348, 0x05740000)
  to   space 704K,   0% used [0x055e0000, 0x055e0000, 0x05690000)
 tenured generation   total 14712K, used 11308K [0x0a550000, 0x0b3ae000, 0x15000000)
   the space 14712K,  76% used [0x0a550000, 0x0b05b108, 0x0b05b200, 0x0b3ae000)
 Metaspace       used 14016K, capacity 14260K, committed 14336K, reserved 14720K
}
Event: 24.458 GC heap before
{Heap before GC invocations=14 (full 1):
 def new generation   total 6720K, used 6255K [0x05000000, 0x05740000, 0x0a550000)
  eden space 6016K,  99% used [0x05000000, 0x055ddc88, 0x055e0000)
  from space 704K,  35% used [0x05690000, 0x056ce348, 0x05740000)
  to   space 704K,   0% used [0x055e0000, 0x055e0000, 0x05690000)
 tenured generation   total 14712K, used 11308K [0x0a550000, 0x0b3ae000, 0x15000000)
   the space 14712K,  76% used [0x0a550000, 0x0b05b108, 0x0b05b200, 0x0b3ae000)
 Metaspace       used 14176K, capacity 14438K, committed 14464K, reserved 14720K
}
Event: 24.489 GC heap after
{Heap after GC invocations=15 (full 2):
 def new generation   total 12096K, used 0K [0x05000000, 0x05d20000, 0x0a550000)
  eden space 10752K,   0% used [0x05000000, 0x05000000, 0x05a80000)
  from space 1344K,   0% used [0x05a80000, 0x05a80000, 0x05bd0000)
  to   space 1344K,   0% used [0x05bd0000, 0x05bd0000, 0x05d20000)
 tenured generation   total 26736K, used 16041K [0x0a550000, 0x0bf6c000, 0x15000000)
   the space 26736K,  59% used [0x0a550000, 0x0b4fa400, 0x0b4fa400, 0x0bf6c000)
 Metaspace       used 13947K, capacity 14157K, committed 14464K, reserved 14720K
}

