# JRE version: OpenJDK Runtime Environment Temurin-11.0.21+9 (11.0.21+9) (build 11.0.21+9)
# Java VM: OpenJDK Client VM Temurin-11.0.21+9 (11.0.21+9, mixed mode, serial gc, windows-x86)
Heap:
 def new generation   total 12160K, used 3564K [0x04a00000, 0x05730000, 0x09f50000)
  eden space 10816K,  32% used [0x04a00000, 0x04d7b0c8, 0x05490000)
  from space 1344K,   0% used [0x05490000, 0x05490000, 0x055e0000)
  to   space 1344K,   0% used [0x055e0000, 0x055e0000, 0x05730000)
 tenured generation   total 26952K, used 16169K [0x09f50000, 0x0b9a2000, 0x14a00000)
   the space 26952K,  59% used [0x09f50000, 0x0af1a6e0, 0x0af1a800, 0x0b9a2000)
 Metaspace       used 14726K, capacity 14988K, committed 15360K, reserved 15744K
GC Heap History (20 events):
Event: 1.853 GC heap before
{Heap before GC invocations=5 (full 0):
 def new generation   total 4928K, used 4839K [0x04a00000, 0x04f50000, 0x09f50000)
  eden space 4416K, 100% used [0x04a00000, 0x04e50000, 0x04e50000)
  from space 512K,  82% used [0x04ed0000, 0x04f39db8, 0x04f50000)
  to   space 512K,   0% used [0x04e50000, 0x04e50000, 0x04ed0000)
 tenured generation   total 10944K, used 2505K [0x09f50000, 0x0aa00000, 0x14a00000)
   the space 10944K,  22% used [0x09f50000, 0x0a1c24a8, 0x0a1c2600, 0x0aa00000)
 Metaspace       used 8982K, capacity 9121K, committed 9216K, reserved 9600K
}
Event: 1.856 GC heap after
{Heap after GC invocations=6 (full 0):
 def new generation   total 4928K, used 512K [0x04a00000, 0x04f50000, 0x09f50000)
  eden space 4416K,   0% used [0x04a00000, 0x04a00000, 0x04e50000)
  from space 512K, 100% used [0x04e50000, 0x04ed0000, 0x04ed0000)
  to   space 512K,   0% used [0x04ed0000, 0x04ed0000, 0x04f50000)
 tenured generation   total 10944K, used 2914K [0x09f50000, 0x0aa00000, 0x14a00000)
   the space 10944K,  26% used [0x09f50000, 0x0a2288d0, 0x0a228a00, 0x0aa00000)
 Metaspace       used 8982K, capacity 9121K, committed 9216K, reserved 9600K
}
Event: 2.119 GC heap before
{Heap before GC invocations=6 (full 0):
 def new generation   total 4928K, used 4922K [0x04a00000, 0x04f50000, 0x09f50000)
  eden space 4416K,  99% used [0x04a00000, 0x04e4eb90, 0x04e50000)
  from space 512K, 100% used [0x04e50000, 0x04ed0000, 0x04ed0000)
  to   space 512K,   0% used [0x04ed0000, 0x04ed0000, 0x04f50000)
 tenured generation   total 10944K, used 2914K [0x09f50000, 0x0aa00000, 0x14a00000)
   the space 10944K,  26% used [0x09f50000, 0x0a2288d0, 0x0a228a00, 0x0aa00000)
 Metaspace       used 10631K, capacity 10802K, committed 10880K, reserved 11648K
}
Event: 2.127 GC heap after
{Heap after GC invocations=7 (full 0):
 def new generation   total 4928K, used 512K [0x04a00000, 0x04f50000, 0x09f50000)
  eden space 4416K,   0% used [0x04a00000, 0x04a00000, 0x04e50000)
  from space 512K, 100% used [0x04ed0000, 0x04f50000, 0x04f50000)
  to   space 512K,   0% used [0x04e50000, 0x04e50000, 0x04ed0000)
 tenured generation   total 10944K, used 3905K [0x09f50000, 0x0aa00000, 0x14a00000)
   the space 10944K,  35% used [0x09f50000, 0x0a3204a8, 0x0a320600, 0x0aa00000)
 Metaspace       used 10631K, capacity 10802K, committed 10880K, reserved 11648K
}
Event: 2.265 GC heap before
{Heap before GC invocations=7 (full 0):
 def new generation   total 4928K, used 4928K [0x04a00000, 0x04f50000, 0x09f50000)
  eden space 4416K, 100% used [0x04a00000, 0x04e50000, 0x04e50000)
  from space 512K, 100% used [0x04ed0000, 0x04f50000, 0x04f50000)
  to   space 512K,   0% used [0x04e50000, 0x04e50000, 0x04ed0000)
 tenured generation   total 10944K, used 3905K [0x09f50000, 0x0aa00000, 0x14a00000)
   the space 10944K,  35% used [0x09f50000, 0x0a3204a8, 0x0a320600, 0x0aa00000)
 Metaspace       used 11080K, capacity 11258K, committed 11264K, reserved 11648K
}
Event: 2.271 GC heap after
{Heap after GC invocations=8 (full 0):
 def new generation   total 4928K, used 511K [0x04a00000, 0x04f50000, 0x09f50000)
  eden space 4416K,   0% used [0x04a00000, 0x04a00000, 0x04e50000)
  from space 512K,  99% used [0x04e50000, 0x04ecfff8, 0x04ed0000)
  to   space 512K,   0% used [0x04ed0000, 0x04ed0000, 0x04f50000)
 tenured generation   total 10944K, used 5002K [0x09f50000, 0x0aa00000, 0x14a00000)
   the space 10944K,  45% used [0x09f50000, 0x0a432b20, 0x0a432c00, 0x0aa00000)
 Metaspace       used 11080K, capacity 11258K, committed 11264K, reserved 11648K
}
Event: 2.371 GC heap before
{Heap before GC invocations=8 (full 0):
 def new generation   total 4928K, used 3106K [0x04a00000, 0x04f50000, 0x09f50000)
  eden space 4416K,  58% used [0x04a00000, 0x04c888e8, 0x04e50000)
  from space 512K,  99% used [0x04e50000, 0x04ecfff8, 0x04ed0000)
  to   space 512K,   0% used [0x04ed0000, 0x04ed0000, 0x04f50000)
 tenured generation   total 10944K, used 5002K [0x09f50000, 0x0aa00000, 0x14a00000)
   the space 10944K,  45% used [0x09f50000, 0x0a432b20, 0x0a432c00, 0x0aa00000)
 Metaspace       used 11512K, capacity 11685K, committed 11776K, reserved 12672K
}
Event: 2.375 GC heap after
{Heap after GC invocations=9 (full 0):
 def new generation   total 4928K, used 155K [0x04a00000, 0x04f50000, 0x09f50000)
  eden space 4416K,   0% used [0x04a00000, 0x04a00000, 0x04e50000)
  from space 512K,  30% used [0x04ed0000, 0x04ef6db0, 0x04f50000)
  to   space 512K,   0% used [0x04e50000, 0x04e50000, 0x04ed0000)
 tenured generation   total 10944K, used 6024K [0x09f50000, 0x0aa00000, 0x14a00000)
   the space 10944K,  55% used [0x09f50000, 0x0a532098, 0x0a532200, 0x0aa00000)
 Metaspace       used 11512K, capacity 11685K, committed 11776K, reserved 12672K
}
Event: 2.448 GC heap before
{Heap before GC invocations=9 (full 0):
 def new generation   total 4928K, used 4558K [0x04a00000, 0x04f50000, 0x09f50000)
  eden space 4416K,  99% used [0x04a00000, 0x04e4cc98, 0x04e50000)
  from space 512K,  30% used [0x04ed0000, 0x04ef6db0, 0x04f50000)
  to   space 512K,   0% used [0x04e50000, 0x04e50000, 0x04ed0000)
 tenured generation   total 10944K, used 6024K [0x09f50000, 0x0aa00000, 0x14a00000)
   the space 10944K,  55% used [0x09f50000, 0x0a532098, 0x0a532200, 0x0aa00000)
 Metaspace       used 11776K, capacity 11966K, committed 12032K, reserved 12672K
}
Event: 2.452 GC heap after
{Heap after GC invocations=10 (full 0):
 def new generation   total 4928K, used 299K [0x04a00000, 0x04f50000, 0x09f50000)
  eden space 4416K,   0% used [0x04a00000, 0x04a00000, 0x04e50000)
  from space 512K,  58% used [0x04e50000, 0x04e9af40, 0x04ed0000)
  to   space 512K,   0% used [0x04ed0000, 0x04ed0000, 0x04f50000)
 tenured generation   total 10944K, used 8837K [0x09f50000, 0x0aa00000, 0x14a00000)
   the space 10944K,  80% used [0x09f50000, 0x0a7f1758, 0x0a7f1800, 0x0aa00000)
 Metaspace       used 11776K, capacity 11966K, committed 12032K, reserved 12672K
}
Event: 2.496 GC heap before
{Heap before GC invocations=10 (full 0):
 def new generation   total 4928K, used 2131K [0x04a00000, 0x04f50000, 0x09f50000)
  eden space 4416K,  41% used [0x04a00000, 0x04bca020, 0x04e50000)
  from space 512K,  58% used [0x04e50000, 0x04e9af40, 0x04ed0000)
  to   space 512K,   0% used [0x04ed0000, 0x04ed0000, 0x04f50000)
 tenured generation   total 10944K, used 8837K [0x09f50000, 0x0aa00000, 0x14a00000)
   the space 10944K,  80% used [0x09f50000, 0x0a7f1758, 0x0a7f1800, 0x0aa00000)
 Metaspace       used 12089K, capacity 12258K, committed 12288K, reserved 12672K
}
Event: 2.514 GC heap after
{Heap after GC invocations=11 (full 1):
 def new generation   total 6912K, used 0K [0x04a00000, 0x05180000, 0x09f50000)
  eden space 6144K,   0% used [0x04a00000, 0x04a00000, 0x05000000)
  from space 768K,   0% used [0x05000000, 0x05000000, 0x050c0000)
  to   space 768K,   0% used [0x050c0000, 0x050c0000, 0x05180000)
 tenured generation   total 15264K, used 9156K [0x09f50000, 0x0ae38000, 0x14a00000)
   the space 15264K,  59% used [0x09f50000, 0x0a8413c0, 0x0a841400, 0x0ae38000)
 Metaspace       used 12089K, capacity 12258K, committed 12288K, reserved 12672K
}
Event: 2.809 GC heap before
{Heap before GC invocations=11 (full 1):
 def new generation   total 6912K, used 6144K [0x04a00000, 0x05180000, 0x09f50000)
  eden space 6144K, 100% used [0x04a00000, 0x05000000, 0x05000000)
  from space 768K,   0% used [0x05000000, 0x05000000, 0x050c0000)
  to   space 768K,   0% used [0x050c0000, 0x050c0000, 0x05180000)
 tenured generation   total 15264K, used 9156K [0x09f50000, 0x0ae38000, 0x14a00000)
   the space 15264K,  59% used [0x09f50000, 0x0a8413c0, 0x0a841400, 0x0ae38000)
 Metaspace       used 12795K, capacity 12984K, committed 13056K, reserved 13696K
}
Event: 2.812 GC heap after
{Heap after GC invocations=12 (full 1):
 def new generation   total 6912K, used 767K [0x04a00000, 0x05180000, 0x09f50000)
  eden space 6144K,   0% used [0x04a00000, 0x04a00000, 0x05000000)
  from space 768K,  99% used [0x050c0000, 0x0517fd88, 0x05180000)
  to   space 768K,   0% used [0x05000000, 0x05000000, 0x050c0000)
 tenured generation   total 15264K, used 9156K [0x09f50000, 0x0ae38000, 0x14a00000)
   the space 15264K,  59% used [0x09f50000, 0x0a8413c0, 0x0a841400, 0x0ae38000)
 Metaspace       used 12795K, capacity 12984K, committed 13056K, reserved 13696K
}
Event: 3.012 GC heap before
{Heap before GC invocations=12 (full 1):
 def new generation   total 6912K, used 6002K [0x04a00000, 0x05180000, 0x09f50000)
  eden space 6144K,  85% used [0x04a00000, 0x04f1cc90, 0x05000000)
  from space 768K,  99% used [0x050c0000, 0x0517fd88, 0x05180000)
  to   space 768K,   0% used [0x05000000, 0x05000000, 0x050c0000)
 tenured generation   total 15264K, used 9156K [0x09f50000, 0x0ae38000, 0x14a00000)
   the space 15264K,  59% used [0x09f50000, 0x0a8413c0, 0x0a841400, 0x0ae38000)
 Metaspace       used 13707K, capacity 13926K, committed 13952K, reserved 14720K
}
Event: 3.018 GC heap after
{Heap after GC invocations=13 (full 1):
 def new generation   total 6912K, used 720K [0x04a00000, 0x05180000, 0x09f50000)
  eden space 6144K,   0% used [0x04a00000, 0x04a00000, 0x05000000)
  from space 768K,  93% used [0x05000000, 0x050b43f8, 0x050c0000)
  to   space 768K,   0% used [0x050c0000, 0x050c0000, 0x05180000)
 tenured generation   total 15264K, used 9915K [0x09f50000, 0x0ae38000, 0x14a00000)
   the space 15264K,  64% used [0x09f50000, 0x0a8fedd8, 0x0a8fee00, 0x0ae38000)
 Metaspace       used 13707K, capacity 13926K, committed 13952K, reserved 14720K
}
Event: 16.892 GC heap before
{Heap before GC invocations=13 (full 1):
 def new generation   total 6912K, used 6864K [0x04a00000, 0x05180000, 0x09f50000)
  eden space 6144K, 100% used [0x04a00000, 0x05000000, 0x05000000)
  from space 768K,  93% used [0x05000000, 0x050b43f8, 0x050c0000)
  to   space 768K,   0% used [0x050c0000, 0x050c0000, 0x05180000)
 tenured generation   total 15264K, used 9915K [0x09f50000, 0x0ae38000, 0x14a00000)
   the space 15264K,  64% used [0x09f50000, 0x0a8fedd8, 0x0a8fee00, 0x0ae38000)
 Metaspace       used 14105K, capacity 14341K, committed 14464K, reserved 14720K
}
Event: 16.899 GC heap after
{Heap after GC invocations=14 (full 1):
 def new generation   total 6912K, used 348K [0x04a00000, 0x05180000, 0x09f50000)
  eden space 6144K,   0% used [0x04a00000, 0x04a00000, 0x05000000)
  from space 768K,  45% used [0x050c0000, 0x05117270, 0x05180000)
  to   space 768K,   0% used [0x05000000, 0x05000000, 0x050c0000)
 tenured generation   total 15264K, used 13763K [0x09f50000, 0x0ae38000, 0x14a00000)
   the space 15264K,  90% used [0x09f50000, 0x0acc0eb8, 0x0acc1000, 0x0ae38000)
 Metaspace       used 14105K, capacity 14341K, committed 14464K, reserved 14720K
}
Event: 17.028 GC heap before
{Heap before GC invocations=14 (full 1):
 def new generation   total 6912K, used 6492K [0x04a00000, 0x05180000, 0x09f50000)
  eden space 6144K, 100% used [0x04a00000, 0x05000000, 0x05000000)
  from space 768K,  45% used [0x050c0000, 0x05117270, 0x05180000)
  to   space 768K,   0% used [0x05000000, 0x05000000, 0x050c0000)
 tenured generation   total 15264K, used 13763K [0x09f50000, 0x0ae38000, 0x14a00000)
   the space 15264K,  90% used [0x09f50000, 0x0acc0eb8, 0x0acc1000, 0x0ae38000)
 Metaspace       used 14681K, capacity 14955K, committed 14976K, reserved 15744K
}
Event: 17.054 GC heap after
{Heap after GC invocations=15 (full 2):
 def new generation   total 12160K, used 0K [0x04a00000, 0x05730000, 0x09f50000)
  eden space 10816K,   0% used [0x04a00000, 0x04a00000, 0x05490000)
  from space 1344K,   0% used [0x05490000, 0x05490000, 0x055e0000)
  to   space 1344K,   0% used [0x055e0000, 0x055e0000, 0x05730000)
 tenured generation   total 26952K, used 16169K [0x09f50000, 0x0b9a2000, 0x14a00000)
   the space 26952K,  59% used [0x09f50000, 0x0af1a6e0, 0x0af1a800, 0x0b9a2000)
 Metaspace       used 14447K, capacity 14668K, committed 14976K, reserved 15744K
}

