# JRE version: OpenJDK Runtime Environment Temurin-11.0.21+9 (11.0.21+9) (build 11.0.21+9)
# Java VM: OpenJDK Client VM Temurin-11.0.21+9 (11.0.21+9, mixed mode, serial gc, windows-x86)
Heap:
 def new generation   total 6784K, used 4782K [0x04e00000, 0x05550000, 0x0a350000)
  eden space 6080K,  72% used [0x04e00000, 0x052494b0, 0x053f0000)
  from space 704K,  55% used [0x054a0000, 0x05502520, 0x05550000)
  to   space 704K,   0% used [0x053f0000, 0x053f0000, 0x054a0000)
 tenured generation   total 14844K, used 11380K [0x0a350000, 0x0b1cf000, 0x14e00000)
   the space 14844K,  76% used [0x0a350000, 0x0ae6d278, 0x0ae6d400, 0x0b1cf000)
 Metaspace       used 14794K, capacity 15106K, committed 15232K, reserved 15744K
GC Heap History (20 events):
Event: 0.428 GC heap before
{Heap before GC invocations=4 (full 0):
 def new generation   total 4928K, used 4646K [0x04e00000, 0x05350000, 0x0a350000)
  eden space 4416K, 100% used [0x04e00000, 0x05250000, 0x05250000)
  from space 512K,  45% used [0x05250000, 0x05289be8, 0x052d0000)
  to   space 512K,   0% used [0x052d0000, 0x052d0000, 0x05350000)
 tenured generation   total 10944K, used 1787K [0x0a350000, 0x0ae00000, 0x14e00000)
   the space 10944K,  16% used [0x0a350000, 0x0a50ee78, 0x0a50f000, 0x0ae00000)
 Metaspace       used 7763K, capacity 7877K, committed 7936K, reserved 8576K
}
Event: 0.429 GC heap after
{Heap after GC invocations=5 (full 0):
 def new generation   total 4928K, used 476K [0x04e00000, 0x05350000, 0x0a350000)
  eden space 4416K,   0% used [0x04e00000, 0x04e00000, 0x05250000)
  from space 512K,  93% used [0x052d0000, 0x05347200, 0x05350000)
  to   space 512K,   0% used [0x05250000, 0x05250000, 0x052d0000)
 tenured generation   total 10944K, used 2235K [0x0a350000, 0x0ae00000, 0x14e00000)
   the space 10944K,  20% used [0x0a350000, 0x0a57ee88, 0x0a57f000, 0x0ae00000)
 Metaspace       used 7763K, capacity 7877K, committed 7936K, reserved 8576K
}
Event: 0.479 GC heap before
{Heap before GC invocations=5 (full 0):
 def new generation   total 4928K, used 4892K [0x04e00000, 0x05350000, 0x0a350000)
  eden space 4416K, 100% used [0x04e00000, 0x05250000, 0x05250000)
  from space 512K,  93% used [0x052d0000, 0x05347200, 0x05350000)
  to   space 512K,   0% used [0x05250000, 0x05250000, 0x052d0000)
 tenured generation   total 10944K, used 2235K [0x0a350000, 0x0ae00000, 0x14e00000)
   the space 10944K,  20% used [0x0a350000, 0x0a57ee88, 0x0a57f000, 0x0ae00000)
 Metaspace       used 9344K, capacity 9475K, committed 9600K, reserved 9600K
}
Event: 0.481 GC heap after
{Heap after GC invocations=6 (full 0):
 def new generation   total 4928K, used 512K [0x04e00000, 0x05350000, 0x0a350000)
  eden space 4416K,   0% used [0x04e00000, 0x04e00000, 0x05250000)
  from space 512K, 100% used [0x05250000, 0x052d0000, 0x052d0000)
  to   space 512K,   0% used [0x052d0000, 0x052d0000, 0x05350000)
 tenured generation   total 10944K, used 2957K [0x0a350000, 0x0ae00000, 0x14e00000)
   the space 10944K,  27% used [0x0a350000, 0x0a6334c8, 0x0a633600, 0x0ae00000)
 Metaspace       used 9344K, capacity 9475K, committed 9600K, reserved 9600K
}
Event: 0.528 GC heap before
{Heap before GC invocations=6 (full 0):
 def new generation   total 4928K, used 4928K [0x04e00000, 0x05350000, 0x0a350000)
  eden space 4416K, 100% used [0x04e00000, 0x05250000, 0x05250000)
  from space 512K, 100% used [0x05250000, 0x052d0000, 0x052d0000)
  to   space 512K,   0% used [0x052d0000, 0x052d0000, 0x05350000)
 tenured generation   total 10944K, used 2957K [0x0a350000, 0x0ae00000, 0x14e00000)
   the space 10944K,  27% used [0x0a350000, 0x0a6334c8, 0x0a633600, 0x0ae00000)
 Metaspace       used 10689K, capacity 10869K, committed 10880K, reserved 11648K
}
Event: 0.530 GC heap after
{Heap after GC invocations=7 (full 0):
 def new generation   total 4928K, used 512K [0x04e00000, 0x05350000, 0x0a350000)
  eden space 4416K,   0% used [0x04e00000, 0x04e00000, 0x05250000)
  from space 512K, 100% used [0x052d0000, 0x05350000, 0x05350000)
  to   space 512K,   0% used [0x05250000, 0x05250000, 0x052d0000)
 tenured generation   total 10944K, used 3740K [0x0a350000, 0x0ae00000, 0x14e00000)
   the space 10944K,  34% used [0x0a350000, 0x0a6f7290, 0x0a6f7400, 0x0ae00000)
 Metaspace       used 10689K, capacity 10869K, committed 10880K, reserved 11648K
}
Event: 0.562 GC heap before
{Heap before GC invocations=7 (full 0):
 def new generation   total 4928K, used 4928K [0x04e00000, 0x05350000, 0x0a350000)
  eden space 4416K, 100% used [0x04e00000, 0x05250000, 0x05250000)
  from space 512K, 100% used [0x052d0000, 0x05350000, 0x05350000)
  to   space 512K,   0% used [0x05250000, 0x05250000, 0x052d0000)
 tenured generation   total 10944K, used 3740K [0x0a350000, 0x0ae00000, 0x14e00000)
   the space 10944K,  34% used [0x0a350000, 0x0a6f7290, 0x0a6f7400, 0x0ae00000)
 Metaspace       used 11120K, capacity 11293K, committed 11392K, reserved 11648K
}
Event: 0.564 GC heap after
{Heap after GC invocations=8 (full 0):
 def new generation   total 4928K, used 512K [0x04e00000, 0x05350000, 0x0a350000)
  eden space 4416K,   0% used [0x04e00000, 0x04e00000, 0x05250000)
  from space 512K, 100% used [0x05250000, 0x052d0000, 0x052d0000)
  to   space 512K,   0% used [0x052d0000, 0x052d0000, 0x05350000)
 tenured generation   total 10944K, used 4830K [0x0a350000, 0x0ae00000, 0x14e00000)
   the space 10944K,  44% used [0x0a350000, 0x0a807980, 0x0a807a00, 0x0ae00000)
 Metaspace       used 11120K, capacity 11293K, committed 11392K, reserved 11648K
}
Event: 0.584 GC heap before
{Heap before GC invocations=8 (full 0):
 def new generation   total 4928K, used 2178K [0x04e00000, 0x05350000, 0x0a350000)
  eden space 4416K,  37% used [0x04e00000, 0x04fa0988, 0x05250000)
  from space 512K, 100% used [0x05250000, 0x052d0000, 0x052d0000)
  to   space 512K,   0% used [0x052d0000, 0x052d0000, 0x05350000)
 tenured generation   total 10944K, used 4830K [0x0a350000, 0x0ae00000, 0x14e00000)
   the space 10944K,  44% used [0x0a350000, 0x0a807980, 0x0a807a00, 0x0ae00000)
 Metaspace       used 11386K, capacity 11556K, committed 11648K, reserved 11648K
}
Event: 0.586 GC heap after
{Heap after GC invocations=9 (full 0):
 def new generation   total 4928K, used 57K [0x04e00000, 0x05350000, 0x0a350000)
  eden space 4416K,   0% used [0x04e00000, 0x04e00000, 0x05250000)
  from space 512K,  11% used [0x052d0000, 0x052de460, 0x05350000)
  to   space 512K,   0% used [0x05250000, 0x05250000, 0x052d0000)
 tenured generation   total 10944K, used 5851K [0x0a350000, 0x0ae00000, 0x14e00000)
   the space 10944K,  53% used [0x0a350000, 0x0a906d48, 0x0a906e00, 0x0ae00000)
 Metaspace       used 11386K, capacity 11556K, committed 11648K, reserved 11648K
}
Event: 0.604 GC heap before
{Heap before GC invocations=9 (full 0):
 def new generation   total 4928K, used 4473K [0x04e00000, 0x05350000, 0x0a350000)
  eden space 4416K, 100% used [0x04e00000, 0x05250000, 0x05250000)
  from space 512K,  11% used [0x052d0000, 0x052de460, 0x05350000)
  to   space 512K,   0% used [0x05250000, 0x05250000, 0x052d0000)
 tenured generation   total 10944K, used 5851K [0x0a350000, 0x0ae00000, 0x14e00000)
   the space 10944K,  53% used [0x0a350000, 0x0a906d48, 0x0a906e00, 0x0ae00000)
 Metaspace       used 11643K, capacity 11837K, committed 11904K, reserved 12672K
}
Event: 0.605 GC heap after
{Heap after GC invocations=10 (full 0):
 def new generation   total 4928K, used 138K [0x04e00000, 0x05350000, 0x0a350000)
  eden space 4416K,   0% used [0x04e00000, 0x04e00000, 0x05250000)
  from space 512K,  26% used [0x05250000, 0x052728d0, 0x052d0000)
  to   space 512K,   0% used [0x052d0000, 0x052d0000, 0x05350000)
 tenured generation   total 10944K, used 8665K [0x0a350000, 0x0ae00000, 0x14e00000)
   the space 10944K,  79% used [0x0a350000, 0x0abc6408, 0x0abc6600, 0x0ae00000)
 Metaspace       used 11643K, capacity 11837K, committed 11904K, reserved 12672K
}
Event: 0.627 GC heap before
{Heap before GC invocations=10 (full 0):
 def new generation   total 4928K, used 2834K [0x04e00000, 0x05350000, 0x0a350000)
  eden space 4416K,  61% used [0x04e00000, 0x050a2150, 0x05250000)
  from space 512K,  26% used [0x05250000, 0x052728d0, 0x052d0000)
  to   space 512K,   0% used [0x052d0000, 0x052d0000, 0x05350000)
 tenured generation   total 10944K, used 8665K [0x0a350000, 0x0ae00000, 0x14e00000)
   the space 10944K,  79% used [0x0a350000, 0x0abc6408, 0x0abc6600, 0x0ae00000)
 Metaspace       used 12090K, capacity 12258K, committed 12288K, reserved 12672K
}
Event: 0.633 GC heap after
{Heap after GC invocations=11 (full 1):
 def new generation   total 6784K, used 0K [0x04e00000, 0x05550000, 0x0a350000)
  eden space 6080K,   0% used [0x04e00000, 0x04e00000, 0x053f0000)
  from space 704K,   0% used [0x053f0000, 0x053f0000, 0x054a0000)
  to   space 704K,   0% used [0x054a0000, 0x054a0000, 0x05550000)
 tenured generation   total 14844K, used 8906K [0x0a350000, 0x0b1cf000, 0x14e00000)
   the space 14844K,  59% used [0x0a350000, 0x0ac02890, 0x0ac02a00, 0x0b1cf000)
 Metaspace       used 12090K, capacity 12258K, committed 12288K, reserved 12672K
}
Event: 0.722 GC heap before
{Heap before GC invocations=11 (full 1):
 def new generation   total 6784K, used 6079K [0x04e00000, 0x05550000, 0x0a350000)
  eden space 6080K,  99% used [0x04e00000, 0x053efec0, 0x053f0000)
  from space 704K,   0% used [0x053f0000, 0x053f0000, 0x054a0000)
  to   space 704K,   0% used [0x054a0000, 0x054a0000, 0x05550000)
 tenured generation   total 14844K, used 8906K [0x0a350000, 0x0b1cf000, 0x14e00000)
   the space 14844K,  59% used [0x0a350000, 0x0ac02890, 0x0ac02a00, 0x0b1cf000)
 Metaspace       used 12782K, capacity 12984K, committed 13056K, reserved 13696K
}
Event: 0.723 GC heap after
{Heap after GC invocations=12 (full 1):
 def new generation   total 6784K, used 703K [0x04e00000, 0x05550000, 0x0a350000)
  eden space 6080K,   0% used [0x04e00000, 0x04e00000, 0x053f0000)
  from space 704K,  99% used [0x054a0000, 0x0554fff8, 0x05550000)
  to   space 704K,   0% used [0x053f0000, 0x053f0000, 0x054a0000)
 tenured generation   total 14844K, used 8972K [0x0a350000, 0x0b1cf000, 0x14e00000)
   the space 14844K,  60% used [0x0a350000, 0x0ac132e8, 0x0ac13400, 0x0b1cf000)
 Metaspace       used 12782K, capacity 12984K, committed 13056K, reserved 13696K
}
Event: 0.799 GC heap before
{Heap before GC invocations=12 (full 1):
 def new generation   total 6784K, used 6065K [0x04e00000, 0x05550000, 0x0a350000)
  eden space 6080K,  88% used [0x04e00000, 0x0533c640, 0x053f0000)
  from space 704K,  99% used [0x054a0000, 0x0554fff8, 0x05550000)
  to   space 704K,   0% used [0x053f0000, 0x053f0000, 0x054a0000)
 tenured generation   total 14844K, used 8972K [0x0a350000, 0x0b1cf000, 0x14e00000)
   the space 14844K,  60% used [0x0a350000, 0x0ac132e8, 0x0ac13400, 0x0b1cf000)
 Metaspace       used 13716K, capacity 13930K, committed 13952K, reserved 14720K
}
Event: 0.802 GC heap after
{Heap after GC invocations=13 (full 1):
 def new generation   total 6784K, used 704K [0x04e00000, 0x05550000, 0x0a350000)
  eden space 6080K,   0% used [0x04e00000, 0x04e00000, 0x053f0000)
  from space 704K, 100% used [0x053f0000, 0x054a0000, 0x054a0000)
  to   space 704K,   0% used [0x054a0000, 0x054a0000, 0x05550000)
 tenured generation   total 14844K, used 9666K [0x0a350000, 0x0b1cf000, 0x14e00000)
   the space 14844K,  65% used [0x0a350000, 0x0acc0898, 0x0acc0a00, 0x0b1cf000)
 Metaspace       used 13716K, capacity 13930K, committed 13952K, reserved 14720K
}
Event: 2.153 GC heap before
{Heap before GC invocations=13 (full 1):
 def new generation   total 6784K, used 6784K [0x04e00000, 0x05550000, 0x0a350000)
  eden space 6080K, 100% used [0x04e00000, 0x053f0000, 0x053f0000)
  from space 704K, 100% used [0x053f0000, 0x054a0000, 0x054a0000)
  to   space 704K,   0% used [0x054a0000, 0x054a0000, 0x05550000)
 tenured generation   total 14844K, used 9666K [0x0a350000, 0x0b1cf000, 0x14e00000)
   the space 14844K,  65% used [0x0a350000, 0x0acc0898, 0x0acc0a00, 0x0b1cf000)
 Metaspace       used 14557K, capacity 14867K, committed 14976K, reserved 15744K
}
Event: 2.156 GC heap after
{Heap after GC invocations=14 (full 1):
 def new generation   total 6784K, used 393K [0x04e00000, 0x05550000, 0x0a350000)
  eden space 6080K,   0% used [0x04e00000, 0x04e00000, 0x053f0000)
  from space 704K,  55% used [0x054a0000, 0x05502520, 0x05550000)
  to   space 704K,   0% used [0x053f0000, 0x053f0000, 0x054a0000)
 tenured generation   total 14844K, used 11380K [0x0a350000, 0x0b1cf000, 0x14e00000)
   the space 14844K,  76% used [0x0a350000, 0x0ae6d278, 0x0ae6d400, 0x0b1cf000)
 Metaspace       used 14557K, capacity 14867K, committed 14976K, reserved 15744K
}

