# JRE version: OpenJDK Runtime Environment Temurin-11.0.21+9 (11.0.21+9) (build 11.0.21+9)
# Java VM: OpenJDK Client VM Temurin-11.0.21+9 (11.0.21+9, mixed mode, serial gc, windows-x86)
Heap:
 def new generation   total 6912K, used 2845K [0x05000000, 0x05780000, 0x0a550000)
  eden space 6144K,  39% used [0x05000000, 0x05264c80, 0x05600000)
  from space 768K,  51% used [0x056c0000, 0x057229e8, 0x05780000)
  to   space 768K,   0% used [0x05600000, 0x05600000, 0x056c0000)
 tenured generation   total 15264K, used 11643K [0x0a550000, 0x0b438000, 0x15000000)
   the space 15264K,  76% used [0x0a550000, 0x0b0aedd8, 0x0b0aee00, 0x0b438000)
 Metaspace       used 14781K, capacity 15094K, committed 15104K, reserved 15744K
GC Heap History (20 events):
Event: 0.843 GC heap before
{Heap before GC invocations=4 (full 0):
 def new generation   total 4928K, used 4646K [0x05000000, 0x05550000, 0x0a550000)
  eden space 4416K, 100% used [0x05000000, 0x05450000, 0x05450000)
  from space 512K,  45% used [0x05450000, 0x05489ac0, 0x054d0000)
  to   space 512K,   0% used [0x054d0000, 0x054d0000, 0x05550000)
 tenured generation   total 10944K, used 2059K [0x0a550000, 0x0b000000, 0x15000000)
   the space 10944K,  18% used [0x0a550000, 0x0a752f80, 0x0a753000, 0x0b000000)
 Metaspace       used 7749K, capacity 7839K, committed 7936K, reserved 8576K
}
Event: 0.846 GC heap after
{Heap after GC invocations=5 (full 0):
 def new generation   total 4928K, used 422K [0x05000000, 0x05550000, 0x0a550000)
  eden space 4416K,   0% used [0x05000000, 0x05000000, 0x05450000)
  from space 512K,  82% used [0x054d0000, 0x05539b40, 0x05550000)
  to   space 512K,   0% used [0x05450000, 0x05450000, 0x054d0000)
 tenured generation   total 10944K, used 2507K [0x0a550000, 0x0b000000, 0x15000000)
   the space 10944K,  22% used [0x0a550000, 0x0a7c2f90, 0x0a7c3000, 0x0b000000)
 Metaspace       used 7749K, capacity 7839K, committed 7936K, reserved 8576K
}
Event: 0.941 GC heap before
{Heap before GC invocations=5 (full 0):
 def new generation   total 4928K, used 4838K [0x05000000, 0x05550000, 0x0a550000)
  eden space 4416K, 100% used [0x05000000, 0x05450000, 0x05450000)
  from space 512K,  82% used [0x054d0000, 0x05539b40, 0x05550000)
  to   space 512K,   0% used [0x05450000, 0x05450000, 0x054d0000)
 tenured generation   total 10944K, used 2507K [0x0a550000, 0x0b000000, 0x15000000)
   the space 10944K,  22% used [0x0a550000, 0x0a7c2f90, 0x0a7c3000, 0x0b000000)
 Metaspace       used 8984K, capacity 9123K, committed 9216K, reserved 9600K
}
Event: 0.944 GC heap after
{Heap after GC invocations=6 (full 0):
 def new generation   total 4928K, used 512K [0x05000000, 0x05550000, 0x0a550000)
  eden space 4416K,   0% used [0x05000000, 0x05000000, 0x05450000)
  from space 512K, 100% used [0x05450000, 0x054d0000, 0x054d0000)
  to   space 512K,   0% used [0x054d0000, 0x054d0000, 0x05550000)
 tenured generation   total 10944K, used 2911K [0x0a550000, 0x0b000000, 0x15000000)
   the space 10944K,  26% used [0x0a550000, 0x0a827f58, 0x0a828000, 0x0b000000)
 Metaspace       used 8984K, capacity 9123K, committed 9216K, reserved 9600K
}
Event: 1.070 GC heap before
{Heap before GC invocations=6 (full 0):
 def new generation   total 4928K, used 4928K [0x05000000, 0x05550000, 0x0a550000)
  eden space 4416K, 100% used [0x05000000, 0x05450000, 0x05450000)
  from space 512K, 100% used [0x05450000, 0x054d0000, 0x054d0000)
  to   space 512K,   0% used [0x054d0000, 0x054d0000, 0x05550000)
 tenured generation   total 10944K, used 2911K [0x0a550000, 0x0b000000, 0x15000000)
   the space 10944K,  26% used [0x0a550000, 0x0a827f58, 0x0a828000, 0x0b000000)
 Metaspace       used 10631K, capacity 10802K, committed 10880K, reserved 11648K
}
Event: 1.073 GC heap after
{Heap after GC invocations=7 (full 0):
 def new generation   total 4928K, used 512K [0x05000000, 0x05550000, 0x0a550000)
  eden space 4416K,   0% used [0x05000000, 0x05000000, 0x05450000)
  from space 512K, 100% used [0x054d0000, 0x05550000, 0x05550000)
  to   space 512K,   0% used [0x05450000, 0x05450000, 0x054d0000)
 tenured generation   total 10944K, used 3898K [0x0a550000, 0x0b000000, 0x15000000)
   the space 10944K,  35% used [0x0a550000, 0x0a91e9c8, 0x0a91ea00, 0x0b000000)
 Metaspace       used 10631K, capacity 10802K, committed 10880K, reserved 11648K
}
Event: 1.145 GC heap before
{Heap before GC invocations=7 (full 0):
 def new generation   total 4928K, used 4928K [0x05000000, 0x05550000, 0x0a550000)
  eden space 4416K, 100% used [0x05000000, 0x05450000, 0x05450000)
  from space 512K, 100% used [0x054d0000, 0x05550000, 0x05550000)
  to   space 512K,   0% used [0x05450000, 0x05450000, 0x054d0000)
 tenured generation   total 10944K, used 3898K [0x0a550000, 0x0b000000, 0x15000000)
   the space 10944K,  35% used [0x0a550000, 0x0a91e9c8, 0x0a91ea00, 0x0b000000)
 Metaspace       used 11080K, capacity 11258K, committed 11264K, reserved 11648K
}
Event: 1.149 GC heap after
{Heap after GC invocations=8 (full 0):
 def new generation   total 4928K, used 511K [0x05000000, 0x05550000, 0x0a550000)
  eden space 4416K,   0% used [0x05000000, 0x05000000, 0x05450000)
  from space 512K,  99% used [0x05450000, 0x054cfff8, 0x054d0000)
  to   space 512K,   0% used [0x054d0000, 0x054d0000, 0x05550000)
 tenured generation   total 10944K, used 5004K [0x0a550000, 0x0b000000, 0x15000000)
   the space 10944K,  45% used [0x0a550000, 0x0aa33258, 0x0aa33400, 0x0b000000)
 Metaspace       used 11080K, capacity 11258K, committed 11264K, reserved 11648K
}
Event: 1.215 GC heap before
{Heap before GC invocations=8 (full 0):
 def new generation   total 4928K, used 3078K [0x05000000, 0x05550000, 0x0a550000)
  eden space 4416K,  58% used [0x05000000, 0x05281998, 0x05450000)
  from space 512K,  99% used [0x05450000, 0x054cfff8, 0x054d0000)
  to   space 512K,   0% used [0x054d0000, 0x054d0000, 0x05550000)
 tenured generation   total 10944K, used 5004K [0x0a550000, 0x0b000000, 0x15000000)
   the space 10944K,  45% used [0x0a550000, 0x0aa33258, 0x0aa33400, 0x0b000000)
 Metaspace       used 11512K, capacity 11685K, committed 11776K, reserved 12672K
}
Event: 1.218 GC heap after
{Heap after GC invocations=9 (full 0):
 def new generation   total 4928K, used 154K [0x05000000, 0x05550000, 0x0a550000)
  eden space 4416K,   0% used [0x05000000, 0x05000000, 0x05450000)
  from space 512K,  30% used [0x054d0000, 0x054f6b60, 0x05550000)
  to   space 512K,   0% used [0x05450000, 0x05450000, 0x054d0000)
 tenured generation   total 10944K, used 6025K [0x0a550000, 0x0b000000, 0x15000000)
   the space 10944K,  55% used [0x0a550000, 0x0ab327c0, 0x0ab32800, 0x0b000000)
 Metaspace       used 11512K, capacity 11685K, committed 11776K, reserved 12672K
}
Event: 1.268 GC heap before
{Heap before GC invocations=9 (full 0):
 def new generation   total 4928K, used 4552K [0x05000000, 0x05550000, 0x0a550000)
  eden space 4416K,  99% used [0x05000000, 0x0544b730, 0x05450000)
  from space 512K,  30% used [0x054d0000, 0x054f6b60, 0x05550000)
  to   space 512K,   0% used [0x05450000, 0x05450000, 0x054d0000)
 tenured generation   total 10944K, used 6025K [0x0a550000, 0x0b000000, 0x15000000)
   the space 10944K,  55% used [0x0a550000, 0x0ab327c0, 0x0ab32800, 0x0b000000)
 Metaspace       used 11776K, capacity 11966K, committed 12032K, reserved 12672K
}
Event: 1.272 GC heap after
{Heap after GC invocations=10 (full 0):
 def new generation   total 4928K, used 299K [0x05000000, 0x05550000, 0x0a550000)
  eden space 4416K,   0% used [0x05000000, 0x05000000, 0x05450000)
  from space 512K,  58% used [0x05450000, 0x0549ac80, 0x054d0000)
  to   space 512K,   0% used [0x054d0000, 0x054d0000, 0x05550000)
 tenured generation   total 10944K, used 8839K [0x0a550000, 0x0b000000, 0x15000000)
   the space 10944K,  80% used [0x0a550000, 0x0adf1e80, 0x0adf2000, 0x0b000000)
 Metaspace       used 11776K, capacity 11966K, committed 12032K, reserved 12672K
}
Event: 1.305 GC heap before
{Heap before GC invocations=10 (full 0):
 def new generation   total 4928K, used 2084K [0x05000000, 0x05550000, 0x0a550000)
  eden space 4416K,  40% used [0x05000000, 0x051be528, 0x05450000)
  from space 512K,  58% used [0x05450000, 0x0549ac80, 0x054d0000)
  to   space 512K,   0% used [0x054d0000, 0x054d0000, 0x05550000)
 tenured generation   total 10944K, used 8839K [0x0a550000, 0x0b000000, 0x15000000)
   the space 10944K,  80% used [0x0a550000, 0x0adf1e80, 0x0adf2000, 0x0b000000)
 Metaspace       used 12089K, capacity 12258K, committed 12288K, reserved 12672K
}
Event: 1.318 GC heap after
{Heap after GC invocations=11 (full 1):
 def new generation   total 6912K, used 0K [0x05000000, 0x05780000, 0x0a550000)
  eden space 6144K,   0% used [0x05000000, 0x05000000, 0x05600000)
  from space 768K,   0% used [0x05600000, 0x05600000, 0x056c0000)
  to   space 768K,   0% used [0x056c0000, 0x056c0000, 0x05780000)
 tenured generation   total 15264K, used 9157K [0x0a550000, 0x0b438000, 0x15000000)
   the space 15264K,  59% used [0x0a550000, 0x0ae415e8, 0x0ae41600, 0x0b438000)
 Metaspace       used 12089K, capacity 12258K, committed 12288K, reserved 12672K
}
Event: 1.503 GC heap before
{Heap before GC invocations=11 (full 1):
 def new generation   total 6912K, used 6144K [0x05000000, 0x05780000, 0x0a550000)
  eden space 6144K, 100% used [0x05000000, 0x05600000, 0x05600000)
  from space 768K,   0% used [0x05600000, 0x05600000, 0x056c0000)
  to   space 768K,   0% used [0x056c0000, 0x056c0000, 0x05780000)
 tenured generation   total 15264K, used 9157K [0x0a550000, 0x0b438000, 0x15000000)
   the space 15264K,  59% used [0x0a550000, 0x0ae415e8, 0x0ae41600, 0x0b438000)
 Metaspace       used 12795K, capacity 12984K, committed 13056K, reserved 13696K
}
Event: 1.507 GC heap after
{Heap after GC invocations=12 (full 1):
 def new generation   total 6912K, used 768K [0x05000000, 0x05780000, 0x0a550000)
  eden space 6144K,   0% used [0x05000000, 0x05000000, 0x05600000)
  from space 768K, 100% used [0x056c0000, 0x05780000, 0x05780000)
  to   space 768K,   0% used [0x05600000, 0x05600000, 0x056c0000)
 tenured generation   total 15264K, used 9164K [0x0a550000, 0x0b438000, 0x15000000)
   the space 15264K,  60% used [0x0a550000, 0x0ae43198, 0x0ae43200, 0x0b438000)
 Metaspace       used 12795K, capacity 12984K, committed 13056K, reserved 13696K
}
Event: 1.655 GC heap before
{Heap before GC invocations=12 (full 1):
 def new generation   total 6912K, used 6122K [0x05000000, 0x05780000, 0x0a550000)
  eden space 6144K,  87% used [0x05000000, 0x0553aa70, 0x05600000)
  from space 768K, 100% used [0x056c0000, 0x05780000, 0x05780000)
  to   space 768K,   0% used [0x05600000, 0x05600000, 0x056c0000)
 tenured generation   total 15264K, used 9164K [0x0a550000, 0x0b438000, 0x15000000)
   the space 15264K,  60% used [0x0a550000, 0x0ae43198, 0x0ae43200, 0x0b438000)
 Metaspace       used 13714K, capacity 13930K, committed 13952K, reserved 14720K
}
Event: 1.660 GC heap after
{Heap after GC invocations=13 (full 1):
 def new generation   total 6912K, used 716K [0x05000000, 0x05780000, 0x0a550000)
  eden space 6144K,   0% used [0x05000000, 0x05000000, 0x05600000)
  from space 768K,  93% used [0x05600000, 0x056b33f0, 0x056c0000)
  to   space 768K,   0% used [0x056c0000, 0x056c0000, 0x05780000)
 tenured generation   total 15264K, used 9915K [0x0a550000, 0x0b438000, 0x15000000)
   the space 15264K,  64% used [0x0a550000, 0x0aefee30, 0x0aeff000, 0x0b438000)
 Metaspace       used 13714K, capacity 13930K, committed 13952K, reserved 14720K
}
Event: 2.755 GC heap before
{Heap before GC invocations=13 (full 1):
 def new generation   total 6912K, used 6860K [0x05000000, 0x05780000, 0x0a550000)
  eden space 6144K, 100% used [0x05000000, 0x05600000, 0x05600000)
  from space 768K,  93% used [0x05600000, 0x056b33f0, 0x056c0000)
  to   space 768K,   0% used [0x056c0000, 0x056c0000, 0x05780000)
 tenured generation   total 15264K, used 9915K [0x0a550000, 0x0b438000, 0x15000000)
   the space 15264K,  64% used [0x0a550000, 0x0aefee30, 0x0aeff000, 0x0b438000)
 Metaspace       used 14569K, capacity 14871K, committed 14976K, reserved 15744K
}
Event: 2.759 GC heap after
{Heap after GC invocations=14 (full 1):
 def new generation   total 6912K, used 394K [0x05000000, 0x05780000, 0x0a550000)
  eden space 6144K,   0% used [0x05000000, 0x05000000, 0x05600000)
  from space 768K,  51% used [0x056c0000, 0x057229e8, 0x05780000)
  to   space 768K,   0% used [0x05600000, 0x05600000, 0x056c0000)
 tenured generation   total 15264K, used 11643K [0x0a550000, 0x0b438000, 0x15000000)
   the space 15264K,  76% used [0x0a550000, 0x0b0aedd8, 0x0b0aee00, 0x0b438000)
 Metaspace       used 14569K, capacity 14871K, committed 14976K, reserved 15744K
}

