# JRE version: OpenJDK Runtime Environment Temurin-11.0.21+9 (11.0.21+9) (build 11.0.21+9)
# Java VM: OpenJDK Client VM Temurin-11.0.21+9 (11.0.21+9, mixed mode, serial gc, windows-x86)
Heap:
 def new generation   total 6912K, used 3279K [0x05000000, 0x05780000, 0x0a550000)
  eden space 6144K,  46% used [0x05000000, 0x052d0ab0, 0x05600000)
  from space 768K,  51% used [0x056c0000, 0x05723308, 0x05780000)
  to   space 768K,   0% used [0x05600000, 0x05600000, 0x056c0000)
 tenured generation   total 15264K, used 11643K [0x0a550000, 0x0b438000, 0x15000000)
   the space 15264K,  76% used [0x0a550000, 0x0b0aee70, 0x0b0af000, 0x0b438000)
 Metaspace       used 14781K, capacity 15094K, committed 15104K, reserved 15744K
GC Heap History (20 events):
Event: 0.916 GC heap before
{Heap before GC invocations=4 (full 0):
 def new generation   total 4928K, used 4647K [0x05000000, 0x05550000, 0x0a550000)
  eden space 4416K, 100% used [0x05000000, 0x05450000, 0x05450000)
  from space 512K,  45% used [0x05450000, 0x05489ce8, 0x054d0000)
  to   space 512K,   0% used [0x054d0000, 0x054d0000, 0x05550000)
 tenured generation   total 10944K, used 2059K [0x0a550000, 0x0b000000, 0x15000000)
   the space 10944K,  18% used [0x0a550000, 0x0a752c10, 0x0a752e00, 0x0b000000)
 Metaspace       used 7753K, capacity 7839K, committed 7936K, reserved 8576K
}
Event: 0.918 GC heap after
{Heap after GC invocations=5 (full 0):
 def new generation   total 4928K, used 423K [0x05000000, 0x05550000, 0x0a550000)
  eden space 4416K,   0% used [0x05000000, 0x05000000, 0x05450000)
  from space 512K,  82% used [0x054d0000, 0x05539c50, 0x05550000)
  to   space 512K,   0% used [0x05450000, 0x05450000, 0x054d0000)
 tenured generation   total 10944K, used 2507K [0x0a550000, 0x0b000000, 0x15000000)
   the space 10944K,  22% used [0x0a550000, 0x0a7c2c20, 0x0a7c2e00, 0x0b000000)
 Metaspace       used 7753K, capacity 7839K, committed 7936K, reserved 8576K
}
Event: 1.009 GC heap before
{Heap before GC invocations=5 (full 0):
 def new generation   total 4928K, used 4839K [0x05000000, 0x05550000, 0x0a550000)
  eden space 4416K, 100% used [0x05000000, 0x05450000, 0x05450000)
  from space 512K,  82% used [0x054d0000, 0x05539c50, 0x05550000)
  to   space 512K,   0% used [0x05450000, 0x05450000, 0x054d0000)
 tenured generation   total 10944K, used 2507K [0x0a550000, 0x0b000000, 0x15000000)
   the space 10944K,  22% used [0x0a550000, 0x0a7c2c20, 0x0a7c2e00, 0x0b000000)
 Metaspace       used 8982K, capacity 9121K, committed 9216K, reserved 9600K
}
Event: 1.012 GC heap after
{Heap after GC invocations=6 (full 0):
 def new generation   total 4928K, used 512K [0x05000000, 0x05550000, 0x0a550000)
  eden space 4416K,   0% used [0x05000000, 0x05000000, 0x05450000)
  from space 512K, 100% used [0x05450000, 0x054d0000, 0x054d0000)
  to   space 512K,   0% used [0x054d0000, 0x054d0000, 0x05550000)
 tenured generation   total 10944K, used 2916K [0x0a550000, 0x0b000000, 0x15000000)
   the space 10944K,  26% used [0x0a550000, 0x0a829128, 0x0a829200, 0x0b000000)
 Metaspace       used 8982K, capacity 9121K, committed 9216K, reserved 9600K
}
Event: 1.134 GC heap before
{Heap before GC invocations=6 (full 0):
 def new generation   total 4928K, used 4927K [0x05000000, 0x05550000, 0x0a550000)
  eden space 4416K,  99% used [0x05000000, 0x0544ff40, 0x05450000)
  from space 512K, 100% used [0x05450000, 0x054d0000, 0x054d0000)
  to   space 512K,   0% used [0x054d0000, 0x054d0000, 0x05550000)
 tenured generation   total 10944K, used 2916K [0x0a550000, 0x0b000000, 0x15000000)
   the space 10944K,  26% used [0x0a550000, 0x0a829128, 0x0a829200, 0x0b000000)
 Metaspace       used 10631K, capacity 10802K, committed 10880K, reserved 11648K
}
Event: 1.137 GC heap after
{Heap after GC invocations=7 (full 0):
 def new generation   total 4928K, used 512K [0x05000000, 0x05550000, 0x0a550000)
  eden space 4416K,   0% used [0x05000000, 0x05000000, 0x05450000)
  from space 512K, 100% used [0x054d0000, 0x05550000, 0x05550000)
  to   space 512K,   0% used [0x05450000, 0x05450000, 0x054d0000)
 tenured generation   total 10944K, used 3907K [0x0a550000, 0x0b000000, 0x15000000)
   the space 10944K,  35% used [0x0a550000, 0x0a920c10, 0x0a920e00, 0x0b000000)
 Metaspace       used 10631K, capacity 10802K, committed 10880K, reserved 11648K
}
Event: 1.207 GC heap before
{Heap before GC invocations=7 (full 0):
 def new generation   total 4928K, used 4928K [0x05000000, 0x05550000, 0x0a550000)
  eden space 4416K, 100% used [0x05000000, 0x05450000, 0x05450000)
  from space 512K, 100% used [0x054d0000, 0x05550000, 0x05550000)
  to   space 512K,   0% used [0x05450000, 0x05450000, 0x054d0000)
 tenured generation   total 10944K, used 3907K [0x0a550000, 0x0b000000, 0x15000000)
   the space 10944K,  35% used [0x0a550000, 0x0a920c10, 0x0a920e00, 0x0b000000)
 Metaspace       used 11080K, capacity 11258K, committed 11264K, reserved 11648K
}
Event: 1.211 GC heap after
{Heap after GC invocations=8 (full 0):
 def new generation   total 4928K, used 512K [0x05000000, 0x05550000, 0x0a550000)
  eden space 4416K,   0% used [0x05000000, 0x05000000, 0x05450000)
  from space 512K, 100% used [0x05450000, 0x054d0000, 0x054d0000)
  to   space 512K,   0% used [0x054d0000, 0x054d0000, 0x05550000)
 tenured generation   total 10944K, used 5003K [0x0a550000, 0x0b000000, 0x15000000)
   the space 10944K,  45% used [0x0a550000, 0x0aa32fe8, 0x0aa33000, 0x0b000000)
 Metaspace       used 11080K, capacity 11258K, committed 11264K, reserved 11648K
}
Event: 1.278 GC heap before
{Heap before GC invocations=8 (full 0):
 def new generation   total 4928K, used 3084K [0x05000000, 0x05550000, 0x0a550000)
  eden space 4416K,  58% used [0x05000000, 0x05283028, 0x05450000)
  from space 512K, 100% used [0x05450000, 0x054d0000, 0x054d0000)
  to   space 512K,   0% used [0x054d0000, 0x054d0000, 0x05550000)
 tenured generation   total 10944K, used 5003K [0x0a550000, 0x0b000000, 0x15000000)
   the space 10944K,  45% used [0x0a550000, 0x0aa32fe8, 0x0aa33000, 0x0b000000)
 Metaspace       used 11512K, capacity 11685K, committed 11776K, reserved 12672K
}
Event: 1.282 GC heap after
{Heap after GC invocations=9 (full 0):
 def new generation   total 4928K, used 154K [0x05000000, 0x05550000, 0x0a550000)
  eden space 4416K,   0% used [0x05000000, 0x05000000, 0x05450000)
  from space 512K,  30% used [0x054d0000, 0x054f6ba8, 0x05550000)
  to   space 512K,   0% used [0x05450000, 0x05450000, 0x054d0000)
 tenured generation   total 10944K, used 6026K [0x0a550000, 0x0b000000, 0x15000000)
   the space 10944K,  55% used [0x0a550000, 0x0ab32828, 0x0ab32a00, 0x0b000000)
 Metaspace       used 11512K, capacity 11685K, committed 11776K, reserved 12672K
}
Event: 1.334 GC heap before
{Heap before GC invocations=9 (full 0):
 def new generation   total 4928K, used 4570K [0x05000000, 0x05550000, 0x0a550000)
  eden space 4416K, 100% used [0x05000000, 0x05450000, 0x05450000)
  from space 512K,  30% used [0x054d0000, 0x054f6ba8, 0x05550000)
  to   space 512K,   0% used [0x05450000, 0x05450000, 0x054d0000)
 tenured generation   total 10944K, used 6026K [0x0a550000, 0x0b000000, 0x15000000)
   the space 10944K,  55% used [0x0a550000, 0x0ab32828, 0x0ab32a00, 0x0b000000)
 Metaspace       used 11776K, capacity 11966K, committed 12032K, reserved 12672K
}
Event: 1.337 GC heap after
{Heap after GC invocations=10 (full 0):
 def new generation   total 4928K, used 299K [0x05000000, 0x05550000, 0x0a550000)
  eden space 4416K,   0% used [0x05000000, 0x05000000, 0x05450000)
  from space 512K,  58% used [0x05450000, 0x0549acc8, 0x054d0000)
  to   space 512K,   0% used [0x054d0000, 0x054d0000, 0x05550000)
 tenured generation   total 10944K, used 8839K [0x0a550000, 0x0b000000, 0x15000000)
   the space 10944K,  80% used [0x0a550000, 0x0adf1ee8, 0x0adf2000, 0x0b000000)
 Metaspace       used 11776K, capacity 11966K, committed 12032K, reserved 12672K
}
Event: 1.375 GC heap before
{Heap before GC invocations=10 (full 0):
 def new generation   total 4928K, used 2073K [0x05000000, 0x05550000, 0x0a550000)
  eden space 4416K,  40% used [0x05000000, 0x051bbad8, 0x05450000)
  from space 512K,  58% used [0x05450000, 0x0549acc8, 0x054d0000)
  to   space 512K,   0% used [0x054d0000, 0x054d0000, 0x05550000)
 tenured generation   total 10944K, used 8839K [0x0a550000, 0x0b000000, 0x15000000)
   the space 10944K,  80% used [0x0a550000, 0x0adf1ee8, 0x0adf2000, 0x0b000000)
 Metaspace       used 12089K, capacity 12258K, committed 12288K, reserved 12672K
}
Event: 1.391 GC heap after
{Heap after GC invocations=11 (full 1):
 def new generation   total 6912K, used 0K [0x05000000, 0x05780000, 0x0a550000)
  eden space 6144K,   0% used [0x05000000, 0x05000000, 0x05600000)
  from space 768K,   0% used [0x05600000, 0x05600000, 0x056c0000)
  to   space 768K,   0% used [0x056c0000, 0x056c0000, 0x05780000)
 tenured generation   total 15264K, used 9157K [0x0a550000, 0x0b438000, 0x15000000)
   the space 15264K,  59% used [0x0a550000, 0x0ae41698, 0x0ae41800, 0x0b438000)
 Metaspace       used 12089K, capacity 12258K, committed 12288K, reserved 12672K
}
Event: 1.587 GC heap before
{Heap before GC invocations=11 (full 1):
 def new generation   total 6912K, used 6144K [0x05000000, 0x05780000, 0x0a550000)
  eden space 6144K, 100% used [0x05000000, 0x05600000, 0x05600000)
  from space 768K,   0% used [0x05600000, 0x05600000, 0x056c0000)
  to   space 768K,   0% used [0x056c0000, 0x056c0000, 0x05780000)
 tenured generation   total 15264K, used 9157K [0x0a550000, 0x0b438000, 0x15000000)
   the space 15264K,  59% used [0x0a550000, 0x0ae41698, 0x0ae41800, 0x0b438000)
 Metaspace       used 12795K, capacity 12984K, committed 13056K, reserved 13696K
}
Event: 1.591 GC heap after
{Heap after GC invocations=12 (full 1):
 def new generation   total 6912K, used 768K [0x05000000, 0x05780000, 0x0a550000)
  eden space 6144K,   0% used [0x05000000, 0x05000000, 0x05600000)
  from space 768K, 100% used [0x056c0000, 0x05780000, 0x05780000)
  to   space 768K,   0% used [0x05600000, 0x05600000, 0x056c0000)
 tenured generation   total 15264K, used 9164K [0x0a550000, 0x0b438000, 0x15000000)
   the space 15264K,  60% used [0x0a550000, 0x0ae43210, 0x0ae43400, 0x0b438000)
 Metaspace       used 12795K, capacity 12984K, committed 13056K, reserved 13696K
}
Event: 1.735 GC heap before
{Heap before GC invocations=12 (full 1):
 def new generation   total 6912K, used 6079K [0x05000000, 0x05780000, 0x0a550000)
  eden space 6144K,  86% used [0x05000000, 0x0552fe30, 0x05600000)
  from space 768K, 100% used [0x056c0000, 0x05780000, 0x05780000)
  to   space 768K,   0% used [0x05600000, 0x05600000, 0x056c0000)
 tenured generation   total 15264K, used 9164K [0x0a550000, 0x0b438000, 0x15000000)
   the space 15264K,  60% used [0x0a550000, 0x0ae43210, 0x0ae43400, 0x0b438000)
 Metaspace       used 13715K, capacity 13930K, committed 13952K, reserved 14720K
}
Event: 1.740 GC heap after
{Heap after GC invocations=13 (full 1):
 def new generation   total 6912K, used 716K [0x05000000, 0x05780000, 0x0a550000)
  eden space 6144K,   0% used [0x05000000, 0x05000000, 0x05600000)
  from space 768K,  93% used [0x05600000, 0x056b33e0, 0x056c0000)
  to   space 768K,   0% used [0x056c0000, 0x056c0000, 0x05780000)
 tenured generation   total 15264K, used 9915K [0x0a550000, 0x0b438000, 0x15000000)
   the space 15264K,  64% used [0x0a550000, 0x0aefeec0, 0x0aeff000, 0x0b438000)
 Metaspace       used 13715K, capacity 13930K, committed 13952K, reserved 14720K
}
Event: 3.185 GC heap before
{Heap before GC invocations=13 (full 1):
 def new generation   total 6912K, used 6860K [0x05000000, 0x05780000, 0x0a550000)
  eden space 6144K, 100% used [0x05000000, 0x05600000, 0x05600000)
  from space 768K,  93% used [0x05600000, 0x056b33e0, 0x056c0000)
  to   space 768K,   0% used [0x056c0000, 0x056c0000, 0x05780000)
 tenured generation   total 15264K, used 9915K [0x0a550000, 0x0b438000, 0x15000000)
   the space 15264K,  64% used [0x0a550000, 0x0aefeec0, 0x0aeff000, 0x0b438000)
 Metaspace       used 14566K, capacity 14867K, committed 14976K, reserved 15744K
}
Event: 3.189 GC heap after
{Heap after GC invocations=14 (full 1):
 def new generation   total 6912K, used 396K [0x05000000, 0x05780000, 0x0a550000)
  eden space 6144K,   0% used [0x05000000, 0x05000000, 0x05600000)
  from space 768K,  51% used [0x056c0000, 0x05723308, 0x05780000)
  to   space 768K,   0% used [0x05600000, 0x05600000, 0x056c0000)
 tenured generation   total 15264K, used 11643K [0x0a550000, 0x0b438000, 0x15000000)
   the space 15264K,  76% used [0x0a550000, 0x0b0aee70, 0x0b0af000, 0x0b438000)
 Metaspace       used 14566K, capacity 14867K, committed 14976K, reserved 15744K
}

