# JRE version: OpenJDK Runtime Environment Temurin-11.0.21+9 (11.0.21+9) (build 11.0.21+9)
# Java VM: OpenJDK Client VM Temurin-11.0.21+9 (11.0.21+9, mixed mode, serial gc, windows-x86)
Heap:
 def new generation   total 12288K, used 6462K [0x05400000, 0x06150000, 0x0a950000)
  eden space 10944K,  59% used [0x05400000, 0x05a4f890, 0x05eb0000)
  from space 1344K,   0% used [0x05eb0000, 0x05eb0000, 0x06000000)
  to   space 1344K,   0% used [0x06000000, 0x06000000, 0x06150000)
 tenured generation   total 27216K, used 16328K [0x0a950000, 0x0c3e4000, 0x15400000)
   the space 27216K,  59% used [0x0a950000, 0x0b9420a8, 0x0b942200, 0x0c3e4000)
 Metaspace       used 15109K, capacity 15416K, committed 15488K, reserved 15744K
GC Heap History (20 events):
Event: 0.937 GC heap before
{Heap before GC invocations=5 (full 0):
 def new generation   total 4928K, used 4822K [0x05400000, 0x05950000, 0x0a950000)
  eden space 4416K,  99% used [0x05400000, 0x0584eb10, 0x05850000)
  from space 512K,  80% used [0x058d0000, 0x05936fe0, 0x05950000)
  to   space 512K,   0% used [0x05850000, 0x05850000, 0x058d0000)
 tenured generation   total 10944K, used 2342K [0x0a950000, 0x0b400000, 0x15400000)
   the space 10944K,  21% used [0x0a950000, 0x0ab99a08, 0x0ab99c00, 0x0b400000)
 Metaspace       used 8968K, capacity 9087K, committed 9088K, reserved 9600K
}
Event: 0.939 GC heap after
{Heap after GC invocations=6 (full 0):
 def new generation   total 4928K, used 512K [0x05400000, 0x05950000, 0x0a950000)
  eden space 4416K,   0% used [0x05400000, 0x05400000, 0x05850000)
  from space 512K, 100% used [0x05850000, 0x058d0000, 0x058d0000)
  to   space 512K,   0% used [0x058d0000, 0x058d0000, 0x05950000)
 tenured generation   total 10944K, used 2741K [0x0a950000, 0x0b400000, 0x15400000)
   the space 10944K,  25% used [0x0a950000, 0x0abfd700, 0x0abfd800, 0x0b400000)
 Metaspace       used 8968K, capacity 9087K, committed 9088K, reserved 9600K
}
Event: 1.053 GC heap before
{Heap before GC invocations=6 (full 0):
 def new generation   total 4928K, used 4923K [0x05400000, 0x05950000, 0x0a950000)
  eden space 4416K,  99% used [0x05400000, 0x0584ec28, 0x05850000)
  from space 512K, 100% used [0x05850000, 0x058d0000, 0x058d0000)
  to   space 512K,   0% used [0x058d0000, 0x058d0000, 0x05950000)
 tenured generation   total 10944K, used 2741K [0x0a950000, 0x0b400000, 0x15400000)
   the space 10944K,  25% used [0x0a950000, 0x0abfd700, 0x0abfd800, 0x0b400000)
 Metaspace       used 10614K, capacity 10768K, committed 10880K, reserved 11648K
}
Event: 1.057 GC heap after
{Heap after GC invocations=7 (full 0):
 def new generation   total 4928K, used 512K [0x05400000, 0x05950000, 0x0a950000)
  eden space 4416K,   0% used [0x05400000, 0x05400000, 0x05850000)
  from space 512K, 100% used [0x058d0000, 0x05950000, 0x05950000)
  to   space 512K,   0% used [0x05850000, 0x05850000, 0x058d0000)
 tenured generation   total 10944K, used 3736K [0x0a950000, 0x0b400000, 0x15400000)
   the space 10944K,  34% used [0x0a950000, 0x0acf62f8, 0x0acf6400, 0x0b400000)
 Metaspace       used 10614K, capacity 10768K, committed 10880K, reserved 11648K
}
Event: 1.134 GC heap before
{Heap before GC invocations=7 (full 0):
 def new generation   total 4928K, used 4928K [0x05400000, 0x05950000, 0x0a950000)
  eden space 4416K, 100% used [0x05400000, 0x05850000, 0x05850000)
  from space 512K, 100% used [0x058d0000, 0x05950000, 0x05950000)
  to   space 512K,   0% used [0x05850000, 0x05850000, 0x058d0000)
 tenured generation   total 10944K, used 3736K [0x0a950000, 0x0b400000, 0x15400000)
   the space 10944K,  34% used [0x0a950000, 0x0acf62f8, 0x0acf6400, 0x0b400000)
 Metaspace       used 11069K, capacity 11258K, committed 11264K, reserved 11648K
}
Event: 1.138 GC heap after
{Heap after GC invocations=8 (full 0):
 def new generation   total 4928K, used 511K [0x05400000, 0x05950000, 0x0a950000)
  eden space 4416K,   0% used [0x05400000, 0x05400000, 0x05850000)
  from space 512K,  99% used [0x05850000, 0x058cfff8, 0x058d0000)
  to   space 512K,   0% used [0x058d0000, 0x058d0000, 0x05950000)
 tenured generation   total 10944K, used 4837K [0x0a950000, 0x0b400000, 0x15400000)
   the space 10944K,  44% used [0x0a950000, 0x0ae095a8, 0x0ae09600, 0x0b400000)
 Metaspace       used 11069K, capacity 11258K, committed 11264K, reserved 11648K
}
Event: 1.214 GC heap before
{Heap before GC invocations=8 (full 0):
 def new generation   total 4928K, used 3158K [0x05400000, 0x05950000, 0x0a950000)
  eden space 4416K,  59% used [0x05400000, 0x05695b60, 0x05850000)
  from space 512K,  99% used [0x05850000, 0x058cfff8, 0x058d0000)
  to   space 512K,   0% used [0x058d0000, 0x058d0000, 0x05950000)
 tenured generation   total 10944K, used 4837K [0x0a950000, 0x0b400000, 0x15400000)
   the space 10944K,  44% used [0x0a950000, 0x0ae095a8, 0x0ae09600, 0x0b400000)
 Metaspace       used 11512K, capacity 11685K, committed 11776K, reserved 12672K
}
Event: 1.217 GC heap after
{Heap after GC invocations=9 (full 0):
 def new generation   total 4928K, used 159K [0x05400000, 0x05950000, 0x0a950000)
  eden space 4416K,   0% used [0x05400000, 0x05400000, 0x05850000)
  from space 512K,  31% used [0x058d0000, 0x058f7cb8, 0x05950000)
  to   space 512K,   0% used [0x05850000, 0x05850000, 0x058d0000)
 tenured generation   total 10944K, used 5857K [0x0a950000, 0x0b400000, 0x15400000)
   the space 10944K,  53% used [0x0a950000, 0x0af087f8, 0x0af08800, 0x0b400000)
 Metaspace       used 11512K, capacity 11685K, committed 11776K, reserved 12672K
}
Event: 1.255 GC heap before
{Heap before GC invocations=9 (full 0):
 def new generation   total 4928K, used 4575K [0x05400000, 0x05950000, 0x0a950000)
  eden space 4416K, 100% used [0x05400000, 0x05850000, 0x05850000)
  from space 512K,  31% used [0x058d0000, 0x058f7cb8, 0x05950000)
  to   space 512K,   0% used [0x05850000, 0x05850000, 0x058d0000)
 tenured generation   total 10944K, used 5857K [0x0a950000, 0x0b400000, 0x15400000)
   the space 10944K,  53% used [0x0a950000, 0x0af087f8, 0x0af08800, 0x0b400000)
 Metaspace       used 11783K, capacity 11944K, committed 12032K, reserved 12672K
}
Event: 1.259 GC heap after
{Heap after GC invocations=10 (full 0):
 def new generation   total 4928K, used 216K [0x05400000, 0x05950000, 0x0a950000)
  eden space 4416K,   0% used [0x05400000, 0x05400000, 0x05850000)
  from space 512K,  42% used [0x05850000, 0x058862a8, 0x058d0000)
  to   space 512K,   0% used [0x058d0000, 0x058d0000, 0x05950000)
 tenured generation   total 10944K, used 8671K [0x0a950000, 0x0b400000, 0x15400000)
   the space 10944K,  79% used [0x0a950000, 0x0b1c7eb8, 0x0b1c8000, 0x0b400000)
 Metaspace       used 11783K, capacity 11944K, committed 12032K, reserved 12672K
}
Event: 1.297 GC heap before
{Heap before GC invocations=10 (full 0):
 def new generation   total 4928K, used 1986K [0x05400000, 0x05950000, 0x0a950000)
  eden space 4416K,  40% used [0x05400000, 0x055ba760, 0x05850000)
  from space 512K,  42% used [0x05850000, 0x058862a8, 0x058d0000)
  to   space 512K,   0% used [0x058d0000, 0x058d0000, 0x05950000)
 tenured generation   total 10944K, used 8671K [0x0a950000, 0x0b400000, 0x15400000)
   the space 10944K,  79% used [0x0a950000, 0x0b1c7eb8, 0x0b1c8000, 0x0b400000)
 Metaspace       used 12087K, capacity 12264K, committed 12288K, reserved 12672K
}
Event: 1.313 GC heap after
{Heap after GC invocations=11 (full 1):
 def new generation   total 6848K, used 0K [0x05400000, 0x05b60000, 0x0a950000)
  eden space 6144K,   0% used [0x05400000, 0x05400000, 0x05a00000)
  from space 704K,   0% used [0x05a00000, 0x05a00000, 0x05ab0000)
  to   space 704K,   0% used [0x05ab0000, 0x05ab0000, 0x05b60000)
 tenured generation   total 14964K, used 8977K [0x0a950000, 0x0b7ed000, 0x15400000)
   the space 14964K,  59% used [0x0a950000, 0x0b2147d0, 0x0b214800, 0x0b7ed000)
 Metaspace       used 12087K, capacity 12264K, committed 12288K, reserved 12672K
}
Event: 1.529 GC heap before
{Heap before GC invocations=11 (full 1):
 def new generation   total 6848K, used 6144K [0x05400000, 0x05b60000, 0x0a950000)
  eden space 6144K, 100% used [0x05400000, 0x05a00000, 0x05a00000)
  from space 704K,   0% used [0x05a00000, 0x05a00000, 0x05ab0000)
  to   space 704K,   0% used [0x05ab0000, 0x05ab0000, 0x05b60000)
 tenured generation   total 14964K, used 8977K [0x0a950000, 0x0b7ed000, 0x15400000)
   the space 14964K,  59% used [0x0a950000, 0x0b2147d0, 0x0b214800, 0x0b7ed000)
 Metaspace       used 12802K, capacity 13000K, committed 13056K, reserved 13696K
}
Event: 1.532 GC heap after
{Heap after GC invocations=12 (full 1):
 def new generation   total 6848K, used 703K [0x05400000, 0x05b60000, 0x0a950000)
  eden space 6144K,   0% used [0x05400000, 0x05400000, 0x05a00000)
  from space 704K,  99% used [0x05ab0000, 0x05b5fff8, 0x05b60000)
  to   space 704K,   0% used [0x05a00000, 0x05a00000, 0x05ab0000)
 tenured generation   total 14964K, used 9058K [0x0a950000, 0x0b7ed000, 0x15400000)
   the space 14964K,  60% used [0x0a950000, 0x0b228998, 0x0b228a00, 0x0b7ed000)
 Metaspace       used 12802K, capacity 13000K, committed 13056K, reserved 13696K
}
Event: 1.686 GC heap before
{Heap before GC invocations=12 (full 1):
 def new generation   total 6848K, used 5887K [0x05400000, 0x05b60000, 0x0a950000)
  eden space 6144K,  84% used [0x05400000, 0x0590fd90, 0x05a00000)
  from space 704K,  99% used [0x05ab0000, 0x05b5fff8, 0x05b60000)
  to   space 704K,   0% used [0x05a00000, 0x05a00000, 0x05ab0000)
 tenured generation   total 14964K, used 9058K [0x0a950000, 0x0b7ed000, 0x15400000)
   the space 14964K,  60% used [0x0a950000, 0x0b228998, 0x0b228a00, 0x0b7ed000)
 Metaspace       used 13713K, capacity 13943K, committed 13952K, reserved 14720K
}
Event: 1.691 GC heap after
{Heap after GC invocations=13 (full 1):
 def new generation   total 6848K, used 703K [0x05400000, 0x05b60000, 0x0a950000)
  eden space 6144K,   0% used [0x05400000, 0x05400000, 0x05a00000)
  from space 704K,  99% used [0x05a00000, 0x05aafff8, 0x05ab0000)
  to   space 704K,   0% used [0x05ab0000, 0x05ab0000, 0x05b60000)
 tenured generation   total 14964K, used 9764K [0x0a950000, 0x0b7ed000, 0x15400000)
   the space 14964K,  65% used [0x0a950000, 0x0b2d9010, 0x0b2d9200, 0x0b7ed000)
 Metaspace       used 13713K, capacity 13943K, committed 13952K, reserved 14720K
}
Event: 5.008 GC heap before
{Heap before GC invocations=13 (full 1):
 def new generation   total 6848K, used 6847K [0x05400000, 0x05b60000, 0x0a950000)
  eden space 6144K, 100% used [0x05400000, 0x05a00000, 0x05a00000)
  from space 704K,  99% used [0x05a00000, 0x05aafff8, 0x05ab0000)
  to   space 704K,   0% used [0x05ab0000, 0x05ab0000, 0x05b60000)
 tenured generation   total 14964K, used 9764K [0x0a950000, 0x0b7ed000, 0x15400000)
   the space 14964K,  65% used [0x0a950000, 0x0b2d9010, 0x0b2d9200, 0x0b7ed000)
 Metaspace       used 14089K, capacity 14354K, committed 14464K, reserved 14720K
}
Event: 5.014 GC heap after
{Heap after GC invocations=14 (full 1):
 def new generation   total 6848K, used 332K [0x05400000, 0x05b60000, 0x0a950000)
  eden space 6144K,   0% used [0x05400000, 0x05400000, 0x05a00000)
  from space 704K,  47% used [0x05ab0000, 0x05b030c8, 0x05b60000)
  to   space 704K,   0% used [0x05a00000, 0x05a00000, 0x05ab0000)
 tenured generation   total 14964K, used 13592K [0x0a950000, 0x0b7ed000, 0x15400000)
   the space 14964K,  90% used [0x0a950000, 0x0b6963c0, 0x0b696400, 0x0b7ed000)
 Metaspace       used 14089K, capacity 14354K, committed 14464K, reserved 14720K
}
Event: 5.128 GC heap before
{Heap before GC invocations=14 (full 1):
 def new generation   total 6848K, used 6476K [0x05400000, 0x05b60000, 0x0a950000)
  eden space 6144K, 100% used [0x05400000, 0x05a00000, 0x05a00000)
  from space 704K,  47% used [0x05ab0000, 0x05b030c8, 0x05b60000)
  to   space 704K,   0% used [0x05a00000, 0x05a00000, 0x05ab0000)
 tenured generation   total 14964K, used 13592K [0x0a950000, 0x0b7ed000, 0x15400000)
   the space 14964K,  90% used [0x0a950000, 0x0b6963c0, 0x0b696400, 0x0b7ed000)
 Metaspace       used 14646K, capacity 14962K, committed 14976K, reserved 15744K
}
Event: 5.152 GC heap after
{Heap after GC invocations=15 (full 2):
 def new generation   total 12288K, used 0K [0x05400000, 0x06150000, 0x0a950000)
  eden space 10944K,   0% used [0x05400000, 0x05400000, 0x05eb0000)
  from space 1344K,   0% used [0x05eb0000, 0x05eb0000, 0x06000000)
  to   space 1344K,   0% used [0x06000000, 0x06000000, 0x06150000)
 tenured generation   total 27216K, used 16328K [0x0a950000, 0x0c3e4000, 0x15400000)
   the space 27216K,  59% used [0x0a950000, 0x0b9420a8, 0x0b942200, 0x0c3e4000)
 Metaspace       used 14646K, capacity 14962K, committed 14976K, reserved 15744K
}

