# JRE version: OpenJDK Runtime Environment Temurin-11.0.21+9 (11.0.21+9) (build 11.0.21+9)
# Java VM: OpenJDK Client VM Temurin-11.0.21+9 (11.0.21+9, mixed mode, serial gc, windows-x86)
Heap:
 def new generation   total 6848K, used 6493K [0x05800000, 0x05f60000, 0x0ad50000)
  eden space 6144K,  98% used [0x05800000, 0x05df0390, 0x05e00000)
  from space 704K,  58% used [0x05e00000, 0x05e673e8, 0x05eb0000)
  to   space 704K,   0% used [0x05eb0000, 0x05eb0000, 0x05f60000)
 tenured generation   total 14964K, used 14064K [0x0ad50000, 0x0bbed000, 0x15800000)
   the space 14964K,  93% used [0x0ad50000, 0x0bb0c2d8, 0x0bb0c400, 0x0bbed000)
 Metaspace       used 15638K, capacity 16028K, committed 16128K, reserved 16768K
GC Heap History (20 events):
Event: 0.470 GC heap before
{Heap before GC invocations=5 (full 0):
 def new generation   total 4928K, used 4826K [0x05800000, 0x05d50000, 0x0ad50000)
  eden space 4416K, 100% used [0x05800000, 0x05c50000, 0x05c50000)
  from space 512K,  80% used [0x05cd0000, 0x05d369e0, 0x05d50000)
  to   space 512K,   0% used [0x05c50000, 0x05c50000, 0x05cd0000)
 tenured generation   total 10944K, used 2343K [0x0ad50000, 0x0b800000, 0x15800000)
   the space 10944K,  21% used [0x0ad50000, 0x0af99c60, 0x0af99e00, 0x0b800000)
 Metaspace       used 8967K, capacity 9087K, committed 9088K, reserved 9600K
}
Event: 0.471 GC heap after
{Heap after GC invocations=6 (full 0):
 def new generation   total 4928K, used 512K [0x05800000, 0x05d50000, 0x0ad50000)
  eden space 4416K,   0% used [0x05800000, 0x05800000, 0x05c50000)
  from space 512K, 100% used [0x05c50000, 0x05cd0000, 0x05cd0000)
  to   space 512K,   0% used [0x05cd0000, 0x05cd0000, 0x05d50000)
 tenured generation   total 10944K, used 2741K [0x0ad50000, 0x0b800000, 0x15800000)
   the space 10944K,  25% used [0x0ad50000, 0x0affd5f8, 0x0affd600, 0x0b800000)
 Metaspace       used 8967K, capacity 9087K, committed 9088K, reserved 9600K
}
Event: 0.527 GC heap before
{Heap before GC invocations=6 (full 0):
 def new generation   total 4928K, used 4926K [0x05800000, 0x05d50000, 0x0ad50000)
  eden space 4416K,  99% used [0x05800000, 0x05c4f9d8, 0x05c50000)
  from space 512K, 100% used [0x05c50000, 0x05cd0000, 0x05cd0000)
  to   space 512K,   0% used [0x05cd0000, 0x05cd0000, 0x05d50000)
 tenured generation   total 10944K, used 2741K [0x0ad50000, 0x0b800000, 0x15800000)
   the space 10944K,  25% used [0x0ad50000, 0x0affd5f8, 0x0affd600, 0x0b800000)
 Metaspace       used 10614K, capacity 10768K, committed 10880K, reserved 11648K
}
Event: 0.529 GC heap after
{Heap after GC invocations=7 (full 0):
 def new generation   total 4928K, used 512K [0x05800000, 0x05d50000, 0x0ad50000)
  eden space 4416K,   0% used [0x05800000, 0x05800000, 0x05c50000)
  from space 512K, 100% used [0x05cd0000, 0x05d50000, 0x05d50000)
  to   space 512K,   0% used [0x05c50000, 0x05c50000, 0x05cd0000)
 tenured generation   total 10944K, used 3736K [0x0ad50000, 0x0b800000, 0x15800000)
   the space 10944K,  34% used [0x0ad50000, 0x0b0f63b8, 0x0b0f6400, 0x0b800000)
 Metaspace       used 10614K, capacity 10768K, committed 10880K, reserved 11648K
}
Event: 0.561 GC heap before
{Heap before GC invocations=7 (full 0):
 def new generation   total 4928K, used 4928K [0x05800000, 0x05d50000, 0x0ad50000)
  eden space 4416K, 100% used [0x05800000, 0x05c50000, 0x05c50000)
  from space 512K, 100% used [0x05cd0000, 0x05d50000, 0x05d50000)
  to   space 512K,   0% used [0x05c50000, 0x05c50000, 0x05cd0000)
 tenured generation   total 10944K, used 3736K [0x0ad50000, 0x0b800000, 0x15800000)
   the space 10944K,  34% used [0x0ad50000, 0x0b0f63b8, 0x0b0f6400, 0x0b800000)
 Metaspace       used 11069K, capacity 11258K, committed 11264K, reserved 11648K
}
Event: 0.563 GC heap after
{Heap after GC invocations=8 (full 0):
 def new generation   total 4928K, used 511K [0x05800000, 0x05d50000, 0x0ad50000)
  eden space 4416K,   0% used [0x05800000, 0x05800000, 0x05c50000)
  from space 512K,  99% used [0x05c50000, 0x05ccfff8, 0x05cd0000)
  to   space 512K,   0% used [0x05cd0000, 0x05cd0000, 0x05d50000)
 tenured generation   total 10944K, used 4837K [0x0ad50000, 0x0b800000, 0x15800000)
   the space 10944K,  44% used [0x0ad50000, 0x0b209668, 0x0b209800, 0x0b800000)
 Metaspace       used 11069K, capacity 11258K, committed 11264K, reserved 11648K
}
Event: 0.594 GC heap before
{Heap before GC invocations=8 (full 0):
 def new generation   total 4928K, used 3184K [0x05800000, 0x05d50000, 0x0ad50000)
  eden space 4416K,  60% used [0x05800000, 0x05a9c360, 0x05c50000)
  from space 512K,  99% used [0x05c50000, 0x05ccfff8, 0x05cd0000)
  to   space 512K,   0% used [0x05cd0000, 0x05cd0000, 0x05d50000)
 tenured generation   total 10944K, used 4837K [0x0ad50000, 0x0b800000, 0x15800000)
   the space 10944K,  44% used [0x0ad50000, 0x0b209668, 0x0b209800, 0x0b800000)
 Metaspace       used 11512K, capacity 11685K, committed 11776K, reserved 12672K
}
Event: 0.595 GC heap after
{Heap after GC invocations=9 (full 0):
 def new generation   total 4928K, used 159K [0x05800000, 0x05d50000, 0x0ad50000)
  eden space 4416K,   0% used [0x05800000, 0x05800000, 0x05c50000)
  from space 512K,  31% used [0x05cd0000, 0x05cf7cb8, 0x05d50000)
  to   space 512K,   0% used [0x05c50000, 0x05c50000, 0x05cd0000)
 tenured generation   total 10944K, used 5858K [0x0ad50000, 0x0b800000, 0x15800000)
   the space 10944K,  53% used [0x0ad50000, 0x0b3088b8, 0x0b308a00, 0x0b800000)
 Metaspace       used 11512K, capacity 11685K, committed 11776K, reserved 12672K
}
Event: 0.614 GC heap before
{Heap before GC invocations=9 (full 0):
 def new generation   total 4928K, used 4575K [0x05800000, 0x05d50000, 0x0ad50000)
  eden space 4416K, 100% used [0x05800000, 0x05c50000, 0x05c50000)
  from space 512K,  31% used [0x05cd0000, 0x05cf7cb8, 0x05d50000)
  to   space 512K,   0% used [0x05c50000, 0x05c50000, 0x05cd0000)
 tenured generation   total 10944K, used 5858K [0x0ad50000, 0x0b800000, 0x15800000)
   the space 10944K,  53% used [0x0ad50000, 0x0b3088b8, 0x0b308a00, 0x0b800000)
 Metaspace       used 11783K, capacity 11944K, committed 12032K, reserved 12672K
}
Event: 0.616 GC heap after
{Heap after GC invocations=10 (full 0):
 def new generation   total 4928K, used 208K [0x05800000, 0x05d50000, 0x0ad50000)
  eden space 4416K,   0% used [0x05800000, 0x05800000, 0x05c50000)
  from space 512K,  40% used [0x05c50000, 0x05c84298, 0x05cd0000)
  to   space 512K,   0% used [0x05cd0000, 0x05cd0000, 0x05d50000)
 tenured generation   total 10944K, used 8671K [0x0ad50000, 0x0b800000, 0x15800000)
   the space 10944K,  79% used [0x0ad50000, 0x0b5c7f78, 0x0b5c8000, 0x0b800000)
 Metaspace       used 11783K, capacity 11944K, committed 12032K, reserved 12672K
}
Event: 0.632 GC heap before
{Heap before GC invocations=10 (full 0):
 def new generation   total 4928K, used 1995K [0x05800000, 0x05d50000, 0x0ad50000)
  eden space 4416K,  40% used [0x05800000, 0x059bebd8, 0x05c50000)
  from space 512K,  40% used [0x05c50000, 0x05c84298, 0x05cd0000)
  to   space 512K,   0% used [0x05cd0000, 0x05cd0000, 0x05d50000)
 tenured generation   total 10944K, used 8671K [0x0ad50000, 0x0b800000, 0x15800000)
   the space 10944K,  79% used [0x0ad50000, 0x0b5c7f78, 0x0b5c8000, 0x0b800000)
 Metaspace       used 12087K, capacity 12264K, committed 12288K, reserved 12672K
}
Event: 0.639 GC heap after
{Heap after GC invocations=11 (full 1):
 def new generation   total 6848K, used 0K [0x05800000, 0x05f60000, 0x0ad50000)
  eden space 6144K,   0% used [0x05800000, 0x05800000, 0x05e00000)
  from space 704K,   0% used [0x05e00000, 0x05e00000, 0x05eb0000)
  to   space 704K,   0% used [0x05eb0000, 0x05eb0000, 0x05f60000)
 tenured generation   total 14964K, used 8978K [0x0ad50000, 0x0bbed000, 0x15800000)
   the space 14964K,  59% used [0x0ad50000, 0x0b614890, 0x0b614a00, 0x0bbed000)
 Metaspace       used 12087K, capacity 12264K, committed 12288K, reserved 12672K
}
Event: 0.729 GC heap before
{Heap before GC invocations=11 (full 1):
 def new generation   total 6848K, used 6144K [0x05800000, 0x05f60000, 0x0ad50000)
  eden space 6144K, 100% used [0x05800000, 0x05e00000, 0x05e00000)
  from space 704K,   0% used [0x05e00000, 0x05e00000, 0x05eb0000)
  to   space 704K,   0% used [0x05eb0000, 0x05eb0000, 0x05f60000)
 tenured generation   total 14964K, used 8978K [0x0ad50000, 0x0bbed000, 0x15800000)
   the space 14964K,  59% used [0x0ad50000, 0x0b614890, 0x0b614a00, 0x0bbed000)
 Metaspace       used 12804K, capacity 13001K, committed 13056K, reserved 13696K
}
Event: 0.731 GC heap after
{Heap after GC invocations=12 (full 1):
 def new generation   total 6848K, used 703K [0x05800000, 0x05f60000, 0x0ad50000)
  eden space 6144K,   0% used [0x05800000, 0x05800000, 0x05e00000)
  from space 704K,  99% used [0x05eb0000, 0x05f5fff8, 0x05f60000)
  to   space 704K,   0% used [0x05e00000, 0x05e00000, 0x05eb0000)
 tenured generation   total 14964K, used 9055K [0x0ad50000, 0x0bbed000, 0x15800000)
   the space 14964K,  60% used [0x0ad50000, 0x0b627cb8, 0x0b627e00, 0x0bbed000)
 Metaspace       used 12804K, capacity 13001K, committed 13056K, reserved 13696K
}
Event: 0.810 GC heap before
{Heap before GC invocations=12 (full 1):
 def new generation   total 6848K, used 6847K [0x05800000, 0x05f60000, 0x0ad50000)
  eden space 6144K, 100% used [0x05800000, 0x05e00000, 0x05e00000)
  from space 704K,  99% used [0x05eb0000, 0x05f5fff8, 0x05f60000)
  to   space 704K,   0% used [0x05e00000, 0x05e00000, 0x05eb0000)
 tenured generation   total 14964K, used 9055K [0x0ad50000, 0x0bbed000, 0x15800000)
   the space 14964K,  60% used [0x0ad50000, 0x0b627cb8, 0x0b627e00, 0x0bbed000)
 Metaspace       used 13686K, capacity 13902K, committed 13952K, reserved 14720K
}
Event: 0.813 GC heap after
{Heap after GC invocations=13 (full 1):
 def new generation   total 6848K, used 703K [0x05800000, 0x05f60000, 0x0ad50000)
  eden space 6144K,   0% used [0x05800000, 0x05800000, 0x05e00000)
  from space 704K,  99% used [0x05e00000, 0x05eafff8, 0x05eb0000)
  to   space 704K,   0% used [0x05eb0000, 0x05eb0000, 0x05f60000)
 tenured generation   total 14964K, used 10780K [0x0ad50000, 0x0bbed000, 0x15800000)
   the space 14964K,  72% used [0x0ad50000, 0x0b7d73c8, 0x0b7d7400, 0x0bbed000)
 Metaspace       used 13686K, capacity 13902K, committed 13952K, reserved 14720K
}
Event: 2.553 GC heap before
{Heap before GC invocations=13 (full 1):
 def new generation   total 6848K, used 6847K [0x05800000, 0x05f60000, 0x0ad50000)
  eden space 6144K, 100% used [0x05800000, 0x05e00000, 0x05e00000)
  from space 704K,  99% used [0x05e00000, 0x05eafff8, 0x05eb0000)
  to   space 704K,   0% used [0x05eb0000, 0x05eb0000, 0x05f60000)
 tenured generation   total 14964K, used 10780K [0x0ad50000, 0x0bbed000, 0x15800000)
   the space 14964K,  72% used [0x0ad50000, 0x0b7d73c8, 0x0b7d7400, 0x0bbed000)
 Metaspace       used 14631K, capacity 14926K, committed 14976K, reserved 15744K
}
Event: 2.558 GC heap after
{Heap after GC invocations=14 (full 1):
 def new generation   total 6848K, used 496K [0x05800000, 0x05f60000, 0x0ad50000)
  eden space 6144K,   0% used [0x05800000, 0x05800000, 0x05e00000)
  from space 704K,  70% used [0x05eb0000, 0x05f2c010, 0x05f60000)
  to   space 704K,   0% used [0x05e00000, 0x05e00000, 0x05eb0000)
 tenured generation   total 14964K, used 11464K [0x0ad50000, 0x0bbed000, 0x15800000)
   the space 14964K,  76% used [0x0ad50000, 0x0b8820c8, 0x0b882200, 0x0bbed000)
 Metaspace       used 14631K, capacity 14926K, committed 14976K, reserved 15744K
}
Event: 4.468 GC heap before
{Heap before GC invocations=14 (full 1):
 def new generation   total 6848K, used 6640K [0x05800000, 0x05f60000, 0x0ad50000)
  eden space 6144K, 100% used [0x05800000, 0x05e00000, 0x05e00000)
  from space 704K,  70% used [0x05eb0000, 0x05f2c010, 0x05f60000)
  to   space 704K,   0% used [0x05e00000, 0x05e00000, 0x05eb0000)
 tenured generation   total 14964K, used 11464K [0x0ad50000, 0x0bbed000, 0x15800000)
   the space 14964K,  76% used [0x0ad50000, 0x0b8820c8, 0x0b882200, 0x0bbed000)
 Metaspace       used 15157K, capacity 15521K, committed 15616K, reserved 15744K
}
Event: 4.476 GC heap after
{Heap after GC invocations=15 (full 1):
 def new generation   total 6848K, used 412K [0x05800000, 0x05f60000, 0x0ad50000)
  eden space 6144K,   0% used [0x05800000, 0x05800000, 0x05e00000)
  from space 704K,  58% used [0x05e00000, 0x05e673e8, 0x05eb0000)
  to   space 704K,   0% used [0x05eb0000, 0x05eb0000, 0x05f60000)
 tenured generation   total 14964K, used 14064K [0x0ad50000, 0x0bbed000, 0x15800000)
   the space 14964K,  93% used [0x0ad50000, 0x0bb0c2d8, 0x0bb0c400, 0x0bbed000)
 Metaspace       used 15157K, capacity 15521K, committed 15616K, reserved 15744K
}

