# JRE version: OpenJDK Runtime Environment Temurin-11.0.21+9 (11.0.21+9) (build 11.0.21+9)
# Java VM: OpenJDK Client VM Temurin-11.0.21+9 (11.0.21+9, mixed mode, serial gc, windows-x86)
Heap:
 def new generation   total 12416K, used 2530K [0x05400000, 0x06170000, 0x0a950000)
  eden space 11072K,  22% used [0x05400000, 0x05678988, 0x05ed0000)
  from space 1344K,   0% used [0x05ed0000, 0x05ed0000, 0x06020000)
  to   space 1344K,   0% used [0x06020000, 0x06020000, 0x06170000)
 tenured generation   total 27480K, used 16487K [0x0a950000, 0x0c426000, 0x15400000)
   the space 27480K,  59% used [0x0a950000, 0x0b969c40, 0x0b969e00, 0x0c426000)
 Metaspace       used 14900K, capacity 15218K, committed 15232K, reserved 15744K
GC Heap History (20 events):
Event: 0.492 GC heap before
{Heap before GC invocations=5 (full 0):
 def new generation   total 4928K, used 4826K [0x05400000, 0x05950000, 0x0a950000)
  eden space 4416K, 100% used [0x05400000, 0x05850000, 0x05850000)
  from space 512K,  80% used [0x058d0000, 0x05936a40, 0x05950000)
  to   space 512K,   0% used [0x05850000, 0x05850000, 0x058d0000)
 tenured generation   total 10944K, used 2505K [0x0a950000, 0x0b400000, 0x15400000)
   the space 10944K,  22% used [0x0a950000, 0x0abc2550, 0x0abc2600, 0x0b400000)
 Metaspace       used 8968K, capacity 9087K, committed 9088K, reserved 9600K
}
Event: 0.493 GC heap after
{Heap after GC invocations=6 (full 0):
 def new generation   total 4928K, used 512K [0x05400000, 0x05950000, 0x0a950000)
  eden space 4416K,   0% used [0x05400000, 0x05400000, 0x05850000)
  from space 512K, 100% used [0x05850000, 0x058d0000, 0x058d0000)
  to   space 512K,   0% used [0x058d0000, 0x058d0000, 0x05950000)
 tenured generation   total 10944K, used 2903K [0x0a950000, 0x0b400000, 0x15400000)
   the space 10944K,  26% used [0x0a950000, 0x0ac25f98, 0x0ac26000, 0x0b400000)
 Metaspace       used 8968K, capacity 9087K, committed 9088K, reserved 9600K
}
Event: 0.547 GC heap before
{Heap before GC invocations=6 (full 0):
 def new generation   total 4928K, used 4926K [0x05400000, 0x05950000, 0x0a950000)
  eden space 4416K,  99% used [0x05400000, 0x0584fac8, 0x05850000)
  from space 512K, 100% used [0x05850000, 0x058d0000, 0x058d0000)
  to   space 512K,   0% used [0x058d0000, 0x058d0000, 0x05950000)
 tenured generation   total 10944K, used 2903K [0x0a950000, 0x0b400000, 0x15400000)
   the space 10944K,  26% used [0x0a950000, 0x0ac25f98, 0x0ac26000, 0x0b400000)
 Metaspace       used 10614K, capacity 10768K, committed 10880K, reserved 11648K
}
Event: 0.549 GC heap after
{Heap after GC invocations=7 (full 0):
 def new generation   total 4928K, used 512K [0x05400000, 0x05950000, 0x0a950000)
  eden space 4416K,   0% used [0x05400000, 0x05400000, 0x05850000)
  from space 512K, 100% used [0x058d0000, 0x05950000, 0x05950000)
  to   space 512K,   0% used [0x05850000, 0x05850000, 0x058d0000)
 tenured generation   total 10944K, used 3899K [0x0a950000, 0x0b400000, 0x15400000)
   the space 10944K,  35% used [0x0a950000, 0x0ad1ece0, 0x0ad1ee00, 0x0b400000)
 Metaspace       used 10614K, capacity 10768K, committed 10880K, reserved 11648K
}
Event: 0.580 GC heap before
{Heap before GC invocations=7 (full 0):
 def new generation   total 4928K, used 4928K [0x05400000, 0x05950000, 0x0a950000)
  eden space 4416K, 100% used [0x05400000, 0x05850000, 0x05850000)
  from space 512K, 100% used [0x058d0000, 0x05950000, 0x05950000)
  to   space 512K,   0% used [0x05850000, 0x05850000, 0x058d0000)
 tenured generation   total 10944K, used 3899K [0x0a950000, 0x0b400000, 0x15400000)
   the space 10944K,  35% used [0x0a950000, 0x0ad1ece0, 0x0ad1ee00, 0x0b400000)
 Metaspace       used 11069K, capacity 11258K, committed 11264K, reserved 11648K
}
Event: 0.582 GC heap after
{Heap after GC invocations=8 (full 0):
 def new generation   total 4928K, used 511K [0x05400000, 0x05950000, 0x0a950000)
  eden space 4416K,   0% used [0x05400000, 0x05400000, 0x05850000)
  from space 512K,  99% used [0x05850000, 0x058cfff8, 0x058d0000)
  to   space 512K,   0% used [0x058d0000, 0x058d0000, 0x05950000)
 tenured generation   total 10944K, used 4999K [0x0a950000, 0x0b400000, 0x15400000)
   the space 10944K,  45% used [0x0a950000, 0x0ae31eb0, 0x0ae32000, 0x0b400000)
 Metaspace       used 11069K, capacity 11258K, committed 11264K, reserved 11648K
}
Event: 0.612 GC heap before
{Heap before GC invocations=8 (full 0):
 def new generation   total 4928K, used 3182K [0x05400000, 0x05950000, 0x0a950000)
  eden space 4416K,  60% used [0x05400000, 0x0569b900, 0x05850000)
  from space 512K,  99% used [0x05850000, 0x058cfff8, 0x058d0000)
  to   space 512K,   0% used [0x058d0000, 0x058d0000, 0x05950000)
 tenured generation   total 10944K, used 4999K [0x0a950000, 0x0b400000, 0x15400000)
   the space 10944K,  45% used [0x0a950000, 0x0ae31eb0, 0x0ae32000, 0x0b400000)
 Metaspace       used 11512K, capacity 11685K, committed 11776K, reserved 12672K
}
Event: 0.614 GC heap after
{Heap after GC invocations=9 (full 0):
 def new generation   total 4928K, used 159K [0x05400000, 0x05950000, 0x0a950000)
  eden space 4416K,   0% used [0x05400000, 0x05400000, 0x05850000)
  from space 512K,  31% used [0x058d0000, 0x058f7d80, 0x05950000)
  to   space 512K,   0% used [0x05850000, 0x05850000, 0x058d0000)
 tenured generation   total 10944K, used 6020K [0x0a950000, 0x0b400000, 0x15400000)
   the space 10944K,  55% used [0x0a950000, 0x0af31138, 0x0af31200, 0x0b400000)
 Metaspace       used 11512K, capacity 11685K, committed 11776K, reserved 12672K
}
Event: 0.633 GC heap before
{Heap before GC invocations=9 (full 0):
 def new generation   total 4928K, used 4501K [0x05400000, 0x05950000, 0x0a950000)
  eden space 4416K,  98% used [0x05400000, 0x0583d870, 0x05850000)
  from space 512K,  31% used [0x058d0000, 0x058f7d80, 0x05950000)
  to   space 512K,   0% used [0x05850000, 0x05850000, 0x058d0000)
 tenured generation   total 10944K, used 6020K [0x0a950000, 0x0b400000, 0x15400000)
   the space 10944K,  55% used [0x0a950000, 0x0af31138, 0x0af31200, 0x0b400000)
 Metaspace       used 11767K, capacity 11942K, committed 12032K, reserved 12672K
}
Event: 0.635 GC heap after
{Heap after GC invocations=10 (full 0):
 def new generation   total 4928K, used 300K [0x05400000, 0x05950000, 0x0a950000)
  eden space 4416K,   0% used [0x05400000, 0x05400000, 0x05850000)
  from space 512K,  58% used [0x05850000, 0x0589b200, 0x058d0000)
  to   space 512K,   0% used [0x058d0000, 0x058d0000, 0x05950000)
 tenured generation   total 10944K, used 8833K [0x0a950000, 0x0b400000, 0x15400000)
   the space 10944K,  80% used [0x0a950000, 0x0b1f07f8, 0x0b1f0800, 0x0b400000)
 Metaspace       used 11767K, capacity 11942K, committed 12032K, reserved 12672K
}
Event: 0.653 GC heap before
{Heap before GC invocations=10 (full 0):
 def new generation   total 4928K, used 2183K [0x05400000, 0x05950000, 0x0a950000)
  eden space 4416K,  42% used [0x05400000, 0x055d6a98, 0x05850000)
  from space 512K,  58% used [0x05850000, 0x0589b200, 0x058d0000)
  to   space 512K,   0% used [0x058d0000, 0x058d0000, 0x05950000)
 tenured generation   total 10944K, used 8833K [0x0a950000, 0x0b400000, 0x15400000)
   the space 10944K,  80% used [0x0a950000, 0x0b1f07f8, 0x0b1f0800, 0x0b400000)
 Metaspace       used 12087K, capacity 12264K, committed 12288K, reserved 12672K
}
Event: 0.660 GC heap after
{Heap after GC invocations=11 (full 1):
 def new generation   total 6912K, used 0K [0x05400000, 0x05b80000, 0x0a950000)
  eden space 6144K,   0% used [0x05400000, 0x05400000, 0x05a00000)
  from space 768K,   0% used [0x05a00000, 0x05a00000, 0x05ac0000)
  to   space 768K,   0% used [0x05ac0000, 0x05ac0000, 0x05b80000)
 tenured generation   total 15236K, used 9141K [0x0a950000, 0x0b831000, 0x15400000)
   the space 15236K,  59% used [0x0a950000, 0x0b23d588, 0x0b23d600, 0x0b831000)
 Metaspace       used 12087K, capacity 12264K, committed 12288K, reserved 12672K
}
Event: 0.762 GC heap before
{Heap before GC invocations=11 (full 1):
 def new generation   total 6912K, used 6144K [0x05400000, 0x05b80000, 0x0a950000)
  eden space 6144K, 100% used [0x05400000, 0x05a00000, 0x05a00000)
  from space 768K,   0% used [0x05a00000, 0x05a00000, 0x05ac0000)
  to   space 768K,   0% used [0x05ac0000, 0x05ac0000, 0x05b80000)
 tenured generation   total 15236K, used 9141K [0x0a950000, 0x0b831000, 0x15400000)
   the space 15236K,  59% used [0x0a950000, 0x0b23d588, 0x0b23d600, 0x0b831000)
 Metaspace       used 12793K, capacity 13011K, committed 13056K, reserved 13696K
}
Event: 0.764 GC heap after
{Heap after GC invocations=12 (full 1):
 def new generation   total 6912K, used 768K [0x05400000, 0x05b80000, 0x0a950000)
  eden space 6144K,   0% used [0x05400000, 0x05400000, 0x05a00000)
  from space 768K, 100% used [0x05ac0000, 0x05b80000, 0x05b80000)
  to   space 768K,   0% used [0x05a00000, 0x05a00000, 0x05ac0000)
 tenured generation   total 15236K, used 9155K [0x0a950000, 0x0b831000, 0x15400000)
   the space 15236K,  60% used [0x0a950000, 0x0b240c50, 0x0b240e00, 0x0b831000)
 Metaspace       used 12793K, capacity 13011K, committed 13056K, reserved 13696K
}
Event: 0.842 GC heap before
{Heap before GC invocations=12 (full 1):
 def new generation   total 6912K, used 6911K [0x05400000, 0x05b80000, 0x0a950000)
  eden space 6144K,  99% used [0x05400000, 0x059ffd08, 0x05a00000)
  from space 768K, 100% used [0x05ac0000, 0x05b80000, 0x05b80000)
  to   space 768K,   0% used [0x05a00000, 0x05a00000, 0x05ac0000)
 tenured generation   total 15236K, used 9155K [0x0a950000, 0x0b831000, 0x15400000)
   the space 15236K,  60% used [0x0a950000, 0x0b240c50, 0x0b240e00, 0x0b831000)
 Metaspace       used 13681K, capacity 13937K, committed 13952K, reserved 14720K
}
Event: 0.846 GC heap after
{Heap after GC invocations=13 (full 1):
 def new generation   total 6912K, used 696K [0x05400000, 0x05b80000, 0x0a950000)
  eden space 6144K,   0% used [0x05400000, 0x05400000, 0x05a00000)
  from space 768K,  90% used [0x05a00000, 0x05aae180, 0x05ac0000)
  to   space 768K,   0% used [0x05ac0000, 0x05ac0000, 0x05b80000)
 tenured generation   total 15236K, used 10938K [0x0a950000, 0x0b831000, 0x15400000)
   the space 15236K,  71% used [0x0a950000, 0x0b3feb40, 0x0b3fec00, 0x0b831000)
 Metaspace       used 13681K, capacity 13937K, committed 13952K, reserved 14720K
}
Event: 3.890 GC heap before
{Heap before GC invocations=13 (full 1):
 def new generation   total 6912K, used 6099K [0x05400000, 0x05b80000, 0x0a950000)
  eden space 6144K,  87% used [0x05400000, 0x05946cd8, 0x05a00000)
  from space 768K,  90% used [0x05a00000, 0x05aae180, 0x05ac0000)
  to   space 768K,   0% used [0x05ac0000, 0x05ac0000, 0x05b80000)
 tenured generation   total 15236K, used 10938K [0x0a950000, 0x0b831000, 0x15400000)
   the space 15236K,  71% used [0x0a950000, 0x0b3feb40, 0x0b3fec00, 0x0b831000)
 Metaspace       used 14108K, capacity 14363K, committed 14464K, reserved 14720K
}
Event: 3.893 GC heap after
{Heap after GC invocations=14 (full 1):
 def new generation   total 6912K, used 425K [0x05400000, 0x05b80000, 0x0a950000)
  eden space 6144K,   0% used [0x05400000, 0x05400000, 0x05a00000)
  from space 768K,  55% used [0x05ac0000, 0x05b2a728, 0x05b80000)
  to   space 768K,   0% used [0x05a00000, 0x05a00000, 0x05ac0000)
 tenured generation   total 15236K, used 13734K [0x0a950000, 0x0b831000, 0x15400000)
   the space 15236K,  90% used [0x0a950000, 0x0b6b9870, 0x0b6b9a00, 0x0b831000)
 Metaspace       used 14108K, capacity 14363K, committed 14464K, reserved 14720K
}
Event: 3.936 GC heap before
{Heap before GC invocations=14 (full 1):
 def new generation   total 6912K, used 6569K [0x05400000, 0x05b80000, 0x0a950000)
  eden space 6144K, 100% used [0x05400000, 0x05a00000, 0x05a00000)
  from space 768K,  55% used [0x05ac0000, 0x05b2a728, 0x05b80000)
  to   space 768K,   0% used [0x05a00000, 0x05a00000, 0x05ac0000)
 tenured generation   total 15236K, used 13734K [0x0a950000, 0x0b831000, 0x15400000)
   the space 15236K,  90% used [0x0a950000, 0x0b6b9870, 0x0b6b9a00, 0x0b831000)
 Metaspace       used 14685K, capacity 14994K, committed 15104K, reserved 15744K
}
Event: 3.948 GC heap after
{Heap after GC invocations=15 (full 2):
 def new generation   total 12416K, used 0K [0x05400000, 0x06170000, 0x0a950000)
  eden space 11072K,   0% used [0x05400000, 0x05400000, 0x05ed0000)
  from space 1344K,   0% used [0x05ed0000, 0x05ed0000, 0x06020000)
  to   space 1344K,   0% used [0x06020000, 0x06020000, 0x06170000)
 tenured generation   total 27480K, used 16487K [0x0a950000, 0x0c426000, 0x15400000)
   the space 27480K,  59% used [0x0a950000, 0x0b969c40, 0x0b969e00, 0x0c426000)
 Metaspace       used 14685K, capacity 14994K, committed 15104K, reserved 15744K
}

