# JRE version: OpenJDK Runtime Environment Temurin-11.0.21+9 (11.0.21+9) (build 11.0.21+9)
# Java VM: OpenJDK Client VM Temurin-11.0.21+9 (11.0.21+9, mixed mode, serial gc, windows-x86)
Heap:
 def new generation   total 12288K, used 2504K [0x05200000, 0x05f50000, 0x0a750000)
  eden space 10944K,  22% used [0x05200000, 0x054720f0, 0x05cb0000)
  from space 1344K,   0% used [0x05cb0000, 0x05cb0000, 0x05e00000)
  to   space 1344K,   0% used [0x05e00000, 0x05e00000, 0x05f50000)
 tenured generation   total 27236K, used 16341K [0x0a750000, 0x0c1e9000, 0x15200000)
   the space 27236K,  59% used [0x0a750000, 0x0b745550, 0x0b745600, 0x0c1e9000)
 Metaspace       used 14897K, capacity 15218K, committed 15232K, reserved 15744K
GC Heap History (20 events):
Event: 0.929 GC heap before
{Heap before GC invocations=5 (full 0):
 def new generation   total 4928K, used 4829K [0x05200000, 0x05750000, 0x0a750000)
  eden space 4416K, 100% used [0x05200000, 0x05650000, 0x05650000)
  from space 512K,  80% used [0x056d0000, 0x05737430, 0x05750000)
  to   space 512K,   0% used [0x05650000, 0x05650000, 0x056d0000)
 tenured generation   total 10944K, used 2342K [0x0a750000, 0x0b200000, 0x15200000)
   the space 10944K,  21% used [0x0a750000, 0x0a999930, 0x0a999a00, 0x0b200000)
 Metaspace       used 8982K, capacity 9123K, committed 9216K, reserved 9600K
}
Event: 0.931 GC heap after
{Heap after GC invocations=6 (full 0):
 def new generation   total 4928K, used 512K [0x05200000, 0x05750000, 0x0a750000)
  eden space 4416K,   0% used [0x05200000, 0x05200000, 0x05650000)
  from space 512K, 100% used [0x05650000, 0x056d0000, 0x056d0000)
  to   space 512K,   0% used [0x056d0000, 0x056d0000, 0x05750000)
 tenured generation   total 10944K, used 2748K [0x0a750000, 0x0b200000, 0x15200000)
   the space 10944K,  25% used [0x0a750000, 0x0a9ff170, 0x0a9ff200, 0x0b200000)
 Metaspace       used 8982K, capacity 9123K, committed 9216K, reserved 9600K
}
Event: 1.052 GC heap before
{Heap before GC invocations=6 (full 0):
 def new generation   total 4928K, used 4928K [0x05200000, 0x05750000, 0x0a750000)
  eden space 4416K, 100% used [0x05200000, 0x05650000, 0x05650000)
  from space 512K, 100% used [0x05650000, 0x056d0000, 0x056d0000)
  to   space 512K,   0% used [0x056d0000, 0x056d0000, 0x05750000)
 tenured generation   total 10944K, used 2748K [0x0a750000, 0x0b200000, 0x15200000)
   the space 10944K,  25% used [0x0a750000, 0x0a9ff170, 0x0a9ff200, 0x0b200000)
 Metaspace       used 10631K, capacity 10802K, committed 10880K, reserved 11648K
}
Event: 1.057 GC heap after
{Heap after GC invocations=7 (full 0):
 def new generation   total 4928K, used 512K [0x05200000, 0x05750000, 0x0a750000)
  eden space 4416K,   0% used [0x05200000, 0x05200000, 0x05650000)
  from space 512K, 100% used [0x056d0000, 0x05750000, 0x05750000)
  to   space 512K,   0% used [0x05650000, 0x05650000, 0x056d0000)
 tenured generation   total 10944K, used 3733K [0x0a750000, 0x0b200000, 0x15200000)
   the space 10944K,  34% used [0x0a750000, 0x0aaf5658, 0x0aaf5800, 0x0b200000)
 Metaspace       used 10631K, capacity 10802K, committed 10880K, reserved 11648K
}
Event: 1.129 GC heap before
{Heap before GC invocations=7 (full 0):
 def new generation   total 4928K, used 4928K [0x05200000, 0x05750000, 0x0a750000)
  eden space 4416K, 100% used [0x05200000, 0x05650000, 0x05650000)
  from space 512K, 100% used [0x056d0000, 0x05750000, 0x05750000)
  to   space 512K,   0% used [0x05650000, 0x05650000, 0x056d0000)
 tenured generation   total 10944K, used 3733K [0x0a750000, 0x0b200000, 0x15200000)
   the space 10944K,  34% used [0x0a750000, 0x0aaf5658, 0x0aaf5800, 0x0b200000)
 Metaspace       used 11079K, capacity 11258K, committed 11264K, reserved 11648K
}
Event: 1.134 GC heap after
{Heap after GC invocations=8 (full 0):
 def new generation   total 4928K, used 512K [0x05200000, 0x05750000, 0x0a750000)
  eden space 4416K,   0% used [0x05200000, 0x05200000, 0x05650000)
  from space 512K, 100% used [0x05650000, 0x056d0000, 0x056d0000)
  to   space 512K,   0% used [0x056d0000, 0x056d0000, 0x05750000)
 tenured generation   total 10944K, used 4838K [0x0a750000, 0x0b200000, 0x15200000)
   the space 10944K,  44% used [0x0a750000, 0x0ac09878, 0x0ac09a00, 0x0b200000)
 Metaspace       used 11079K, capacity 11258K, committed 11264K, reserved 11648K
}
Event: 1.198 GC heap before
{Heap before GC invocations=8 (full 0):
 def new generation   total 4928K, used 3118K [0x05200000, 0x05750000, 0x0a750000)
  eden space 4416K,  59% used [0x05200000, 0x0548ba80, 0x05650000)
  from space 512K, 100% used [0x05650000, 0x056d0000, 0x056d0000)
  to   space 512K,   0% used [0x056d0000, 0x056d0000, 0x05750000)
 tenured generation   total 10944K, used 4838K [0x0a750000, 0x0b200000, 0x15200000)
   the space 10944K,  44% used [0x0a750000, 0x0ac09878, 0x0ac09a00, 0x0b200000)
 Metaspace       used 11512K, capacity 11685K, committed 11776K, reserved 12672K
}
Event: 1.202 GC heap after
{Heap after GC invocations=9 (full 0):
 def new generation   total 4928K, used 156K [0x05200000, 0x05750000, 0x0a750000)
  eden space 4416K,   0% used [0x05200000, 0x05200000, 0x05650000)
  from space 512K,  30% used [0x056d0000, 0x056f71c0, 0x05750000)
  to   space 512K,   0% used [0x05650000, 0x05650000, 0x056d0000)
 tenured generation   total 10944K, used 5859K [0x0a750000, 0x0b200000, 0x15200000)
   the space 10944K,  53% used [0x0a750000, 0x0ad08ca0, 0x0ad08e00, 0x0b200000)
 Metaspace       used 11512K, capacity 11685K, committed 11776K, reserved 12672K
}
Event: 1.243 GC heap before
{Heap before GC invocations=9 (full 0):
 def new generation   total 4928K, used 4572K [0x05200000, 0x05750000, 0x0a750000)
  eden space 4416K, 100% used [0x05200000, 0x05650000, 0x05650000)
  from space 512K,  30% used [0x056d0000, 0x056f71c0, 0x05750000)
  to   space 512K,   0% used [0x05650000, 0x05650000, 0x056d0000)
 tenured generation   total 10944K, used 5859K [0x0a750000, 0x0b200000, 0x15200000)
   the space 10944K,  53% used [0x0a750000, 0x0ad08ca0, 0x0ad08e00, 0x0b200000)
 Metaspace       used 11784K, capacity 11976K, committed 12032K, reserved 12672K
}
Event: 1.246 GC heap after
{Heap after GC invocations=10 (full 0):
 def new generation   total 4928K, used 204K [0x05200000, 0x05750000, 0x0a750000)
  eden space 4416K,   0% used [0x05200000, 0x05200000, 0x05650000)
  from space 512K,  40% used [0x05650000, 0x056833b8, 0x056d0000)
  to   space 512K,   0% used [0x056d0000, 0x056d0000, 0x05750000)
 tenured generation   total 10944K, used 8672K [0x0a750000, 0x0b200000, 0x15200000)
   the space 10944K,  79% used [0x0a750000, 0x0afc8360, 0x0afc8400, 0x0b200000)
 Metaspace       used 11784K, capacity 11976K, committed 12032K, reserved 12672K
}
Event: 1.284 GC heap before
{Heap before GC invocations=10 (full 0):
 def new generation   total 4928K, used 2016K [0x05200000, 0x05750000, 0x0a750000)
  eden space 4416K,  41% used [0x05200000, 0x053c4cb8, 0x05650000)
  from space 512K,  40% used [0x05650000, 0x056833b8, 0x056d0000)
  to   space 512K,   0% used [0x056d0000, 0x056d0000, 0x05750000)
 tenured generation   total 10944K, used 8672K [0x0a750000, 0x0b200000, 0x15200000)
   the space 10944K,  79% used [0x0a750000, 0x0afc8360, 0x0afc8400, 0x0b200000)
 Metaspace       used 12087K, capacity 12264K, committed 12288K, reserved 12672K
}
Event: 1.300 GC heap after
{Heap after GC invocations=11 (full 1):
 def new generation   total 6848K, used 0K [0x05200000, 0x05960000, 0x0a750000)
  eden space 6144K,   0% used [0x05200000, 0x05200000, 0x05800000)
  from space 704K,   0% used [0x05800000, 0x05800000, 0x058b0000)
  to   space 704K,   0% used [0x058b0000, 0x058b0000, 0x05960000)
 tenured generation   total 14964K, used 8976K [0x0a750000, 0x0b5ed000, 0x15200000)
   the space 14964K,  59% used [0x0a750000, 0x0b014200, 0x0b014200, 0x0b5ed000)
 Metaspace       used 12087K, capacity 12264K, committed 12288K, reserved 12672K
}
Event: 1.490 GC heap before
{Heap before GC invocations=11 (full 1):
 def new generation   total 6848K, used 6144K [0x05200000, 0x05960000, 0x0a750000)
  eden space 6144K, 100% used [0x05200000, 0x05800000, 0x05800000)
  from space 704K,   0% used [0x05800000, 0x05800000, 0x058b0000)
  to   space 704K,   0% used [0x058b0000, 0x058b0000, 0x05960000)
 tenured generation   total 14964K, used 8976K [0x0a750000, 0x0b5ed000, 0x15200000)
   the space 14964K,  59% used [0x0a750000, 0x0b014200, 0x0b014200, 0x0b5ed000)
 Metaspace       used 12802K, capacity 13000K, committed 13056K, reserved 13696K
}
Event: 1.494 GC heap after
{Heap after GC invocations=12 (full 1):
 def new generation   total 6848K, used 704K [0x05200000, 0x05960000, 0x0a750000)
  eden space 6144K,   0% used [0x05200000, 0x05200000, 0x05800000)
  from space 704K, 100% used [0x058b0000, 0x05960000, 0x05960000)
  to   space 704K,   0% used [0x05800000, 0x05800000, 0x058b0000)
 tenured generation   total 14964K, used 9057K [0x0a750000, 0x0b5ed000, 0x15200000)
   the space 14964K,  60% used [0x0a750000, 0x0b028438, 0x0b028600, 0x0b5ed000)
 Metaspace       used 12802K, capacity 13000K, committed 13056K, reserved 13696K
}
Event: 1.653 GC heap before
{Heap before GC invocations=12 (full 1):
 def new generation   total 6848K, used 6848K [0x05200000, 0x05960000, 0x0a750000)
  eden space 6144K, 100% used [0x05200000, 0x05800000, 0x05800000)
  from space 704K, 100% used [0x058b0000, 0x05960000, 0x05960000)
  to   space 704K,   0% used [0x05800000, 0x05800000, 0x058b0000)
 tenured generation   total 14964K, used 9057K [0x0a750000, 0x0b5ed000, 0x15200000)
   the space 14964K,  60% used [0x0a750000, 0x0b028438, 0x0b028600, 0x0b5ed000)
 Metaspace       used 13705K, capacity 13938K, committed 13952K, reserved 14720K
}
Event: 1.659 GC heap after
{Heap after GC invocations=13 (full 1):
 def new generation   total 6848K, used 703K [0x05200000, 0x05960000, 0x0a750000)
  eden space 6144K,   0% used [0x05200000, 0x05200000, 0x05800000)
  from space 704K,  99% used [0x05800000, 0x058afff8, 0x058b0000)
  to   space 704K,   0% used [0x058b0000, 0x058b0000, 0x05960000)
 tenured generation   total 14964K, used 10780K [0x0a750000, 0x0b5ed000, 0x15200000)
   the space 14964K,  72% used [0x0a750000, 0x0b1d70a8, 0x0b1d7200, 0x0b5ed000)
 Metaspace       used 13705K, capacity 13938K, committed 13952K, reserved 14720K
}
Event: 6.008 GC heap before
{Heap before GC invocations=13 (full 1):
 def new generation   total 6848K, used 6166K [0x05200000, 0x05960000, 0x0a750000)
  eden space 6144K,  88% used [0x05200000, 0x05755930, 0x05800000)
  from space 704K,  99% used [0x05800000, 0x058afff8, 0x058b0000)
  to   space 704K,   0% used [0x058b0000, 0x058b0000, 0x05960000)
 tenured generation   total 14964K, used 10780K [0x0a750000, 0x0b5ed000, 0x15200000)
   the space 14964K,  72% used [0x0a750000, 0x0b1d70a8, 0x0b1d7200, 0x0b5ed000)
 Metaspace       used 14108K, capacity 14363K, committed 14464K, reserved 14720K
}
Event: 6.013 GC heap after
{Heap after GC invocations=14 (full 1):
 def new generation   total 6848K, used 422K [0x05200000, 0x05960000, 0x0a750000)
  eden space 6144K,   0% used [0x05200000, 0x05200000, 0x05800000)
  from space 704K,  60% used [0x058b0000, 0x059199c8, 0x05960000)
  to   space 704K,   0% used [0x05800000, 0x05800000, 0x058b0000)
 tenured generation   total 14964K, used 13583K [0x0a750000, 0x0b5ed000, 0x15200000)
   the space 14964K,  90% used [0x0a750000, 0x0b493fe0, 0x0b494000, 0x0b5ed000)
 Metaspace       used 14108K, capacity 14363K, committed 14464K, reserved 14720K
}
Event: 6.106 GC heap before
{Heap before GC invocations=14 (full 1):
 def new generation   total 6848K, used 6558K [0x05200000, 0x05960000, 0x0a750000)
  eden space 6144K,  99% used [0x05200000, 0x057fe160, 0x05800000)
  from space 704K,  60% used [0x058b0000, 0x059199c8, 0x05960000)
  to   space 704K,   0% used [0x05800000, 0x05800000, 0x058b0000)
 tenured generation   total 14964K, used 13583K [0x0a750000, 0x0b5ed000, 0x15200000)
   the space 14964K,  90% used [0x0a750000, 0x0b493fe0, 0x0b494000, 0x0b5ed000)
 Metaspace       used 14681K, capacity 14994K, committed 15104K, reserved 15744K
}
Event: 6.131 GC heap after
{Heap after GC invocations=15 (full 2):
 def new generation   total 12288K, used 0K [0x05200000, 0x05f50000, 0x0a750000)
  eden space 10944K,   0% used [0x05200000, 0x05200000, 0x05cb0000)
  from space 1344K,   0% used [0x05cb0000, 0x05cb0000, 0x05e00000)
  to   space 1344K,   0% used [0x05e00000, 0x05e00000, 0x05f50000)
 tenured generation   total 27236K, used 16341K [0x0a750000, 0x0c1e9000, 0x15200000)
   the space 27236K,  59% used [0x0a750000, 0x0b745550, 0x0b745600, 0x0c1e9000)
 Metaspace       used 14681K, capacity 14994K, committed 15104K, reserved 15744K
}

