# JRE version: OpenJDK Runtime Environment Temurin-11.0.21+9 (11.0.21+9) (build 11.0.21+9)
# Java VM: OpenJDK Client VM Temurin-11.0.21+9 (11.0.21+9, mixed mode, serial gc, windows-x86)
Heap:
 def new generation   total 6848K, used 2196K [0x04e00000, 0x05560000, 0x0a350000)
  eden space 6144K,  27% used [0x04e00000, 0x04fa5e88, 0x05400000)
  from space 704K,  72% used [0x054b0000, 0x0552f2b8, 0x05560000)
  to   space 704K,   0% used [0x05400000, 0x05400000, 0x054b0000)
 tenured generation   total 14964K, used 11465K [0x0a350000, 0x0b1ed000, 0x14e00000)
   the space 14964K,  76% used [0x0a350000, 0x0ae82648, 0x0ae82800, 0x0b1ed000)
 Metaspace       used 14820K, capacity 15160K, committed 15232K, reserved 15744K
GC Heap History (20 events):
Event: 0.426 GC heap before
{Heap before GC invocations=4 (full 0):
 def new generation   total 4928K, used 4647K [0x04e00000, 0x05350000, 0x0a350000)
  eden space 4416K, 100% used [0x04e00000, 0x05250000, 0x05250000)
  from space 512K,  45% used [0x05250000, 0x05289e40, 0x052d0000)
  to   space 512K,   0% used [0x052d0000, 0x052d0000, 0x05350000)
 tenured generation   total 10944K, used 1894K [0x0a350000, 0x0ae00000, 0x14e00000)
   the space 10944K,  17% used [0x0a350000, 0x0a529b28, 0x0a529c00, 0x0ae00000)
 Metaspace       used 7751K, capacity 7839K, committed 7936K, reserved 8576K
}
Event: 0.427 GC heap after
{Heap after GC invocations=5 (full 0):
 def new generation   total 4928K, used 423K [0x04e00000, 0x05350000, 0x0a350000)
  eden space 4416K,   0% used [0x04e00000, 0x04e00000, 0x05250000)
  from space 512K,  82% used [0x052d0000, 0x05339c68, 0x05350000)
  to   space 512K,   0% used [0x05250000, 0x05250000, 0x052d0000)
 tenured generation   total 10944K, used 2342K [0x0a350000, 0x0ae00000, 0x14e00000)
   the space 10944K,  21% used [0x0a350000, 0x0a599b38, 0x0a599c00, 0x0ae00000)
 Metaspace       used 7751K, capacity 7839K, committed 7936K, reserved 8576K
}
Event: 0.469 GC heap before
{Heap before GC invocations=5 (full 0):
 def new generation   total 4928K, used 4839K [0x04e00000, 0x05350000, 0x0a350000)
  eden space 4416K, 100% used [0x04e00000, 0x05250000, 0x05250000)
  from space 512K,  82% used [0x052d0000, 0x05339c68, 0x05350000)
  to   space 512K,   0% used [0x05250000, 0x05250000, 0x052d0000)
 tenured generation   total 10944K, used 2342K [0x0a350000, 0x0ae00000, 0x14e00000)
   the space 10944K,  21% used [0x0a350000, 0x0a599b38, 0x0a599c00, 0x0ae00000)
 Metaspace       used 8980K, capacity 9091K, committed 9216K, reserved 9600K
}
Event: 0.471 GC heap after
{Heap after GC invocations=6 (full 0):
 def new generation   total 4928K, used 512K [0x04e00000, 0x05350000, 0x0a350000)
  eden space 4416K,   0% used [0x04e00000, 0x04e00000, 0x05250000)
  from space 512K, 100% used [0x05250000, 0x052d0000, 0x052d0000)
  to   space 512K,   0% used [0x052d0000, 0x052d0000, 0x05350000)
 tenured generation   total 10944K, used 2747K [0x0a350000, 0x0ae00000, 0x14e00000)
   the space 10944K,  25% used [0x0a350000, 0x0a5fed90, 0x0a5fee00, 0x0ae00000)
 Metaspace       used 8980K, capacity 9091K, committed 9216K, reserved 9600K
}
Event: 0.524 GC heap before
{Heap before GC invocations=6 (full 0):
 def new generation   total 4928K, used 4924K [0x04e00000, 0x05350000, 0x0a350000)
  eden space 4416K,  99% used [0x04e00000, 0x0524f160, 0x05250000)
  from space 512K, 100% used [0x05250000, 0x052d0000, 0x052d0000)
  to   space 512K,   0% used [0x052d0000, 0x052d0000, 0x05350000)
 tenured generation   total 10944K, used 2747K [0x0a350000, 0x0ae00000, 0x14e00000)
   the space 10944K,  25% used [0x0a350000, 0x0a5fed90, 0x0a5fee00, 0x0ae00000)
 Metaspace       used 10631K, capacity 10802K, committed 10880K, reserved 11648K
}
Event: 0.526 GC heap after
{Heap after GC invocations=7 (full 0):
 def new generation   total 4928K, used 512K [0x04e00000, 0x05350000, 0x0a350000)
  eden space 4416K,   0% used [0x04e00000, 0x04e00000, 0x05250000)
  from space 512K, 100% used [0x052d0000, 0x05350000, 0x05350000)
  to   space 512K,   0% used [0x05250000, 0x05250000, 0x052d0000)
 tenured generation   total 10944K, used 3742K [0x0a350000, 0x0ae00000, 0x14e00000)
   the space 10944K,  34% used [0x0a350000, 0x0a6f7a20, 0x0a6f7c00, 0x0ae00000)
 Metaspace       used 10631K, capacity 10802K, committed 10880K, reserved 11648K
}
Event: 0.558 GC heap before
{Heap before GC invocations=7 (full 0):
 def new generation   total 4928K, used 4928K [0x04e00000, 0x05350000, 0x0a350000)
  eden space 4416K, 100% used [0x04e00000, 0x05250000, 0x05250000)
  from space 512K, 100% used [0x052d0000, 0x05350000, 0x05350000)
  to   space 512K,   0% used [0x05250000, 0x05250000, 0x052d0000)
 tenured generation   total 10944K, used 3742K [0x0a350000, 0x0ae00000, 0x14e00000)
   the space 10944K,  34% used [0x0a350000, 0x0a6f7a20, 0x0a6f7c00, 0x0ae00000)
 Metaspace       used 11080K, capacity 11258K, committed 11264K, reserved 11648K
}
Event: 0.561 GC heap after
{Heap after GC invocations=8 (full 0):
 def new generation   total 4928K, used 512K [0x04e00000, 0x05350000, 0x0a350000)
  eden space 4416K,   0% used [0x04e00000, 0x04e00000, 0x05250000)
  from space 512K, 100% used [0x05250000, 0x052d0000, 0x052d0000)
  to   space 512K,   0% used [0x052d0000, 0x052d0000, 0x05350000)
 tenured generation   total 10944K, used 4839K [0x0a350000, 0x0ae00000, 0x14e00000)
   the space 10944K,  44% used [0x0a350000, 0x0a809c88, 0x0a809e00, 0x0ae00000)
 Metaspace       used 11080K, capacity 11258K, committed 11264K, reserved 11648K
}
Event: 0.590 GC heap before
{Heap before GC invocations=8 (full 0):
 def new generation   total 4928K, used 3100K [0x04e00000, 0x05350000, 0x0a350000)
  eden space 4416K,  58% used [0x04e00000, 0x05087058, 0x05250000)
  from space 512K, 100% used [0x05250000, 0x052d0000, 0x052d0000)
  to   space 512K,   0% used [0x052d0000, 0x052d0000, 0x05350000)
 tenured generation   total 10944K, used 4839K [0x0a350000, 0x0ae00000, 0x14e00000)
   the space 10944K,  44% used [0x0a350000, 0x0a809c88, 0x0a809e00, 0x0ae00000)
 Metaspace       used 11512K, capacity 11685K, committed 11776K, reserved 12672K
}
Event: 0.591 GC heap after
{Heap after GC invocations=9 (full 0):
 def new generation   total 4928K, used 155K [0x04e00000, 0x05350000, 0x0a350000)
  eden space 4416K,   0% used [0x04e00000, 0x04e00000, 0x05250000)
  from space 512K,  30% used [0x052d0000, 0x052f6d98, 0x05350000)
  to   space 512K,   0% used [0x05250000, 0x05250000, 0x052d0000)
 tenured generation   total 10944K, used 5861K [0x0a350000, 0x0ae00000, 0x14e00000)
   the space 10944K,  53% used [0x0a350000, 0x0a909598, 0x0a909600, 0x0ae00000)
 Metaspace       used 11512K, capacity 11685K, committed 11776K, reserved 12672K
}
Event: 0.611 GC heap before
{Heap before GC invocations=9 (full 0):
 def new generation   total 4928K, used 4571K [0x04e00000, 0x05350000, 0x0a350000)
  eden space 4416K, 100% used [0x04e00000, 0x05250000, 0x05250000)
  from space 512K,  30% used [0x052d0000, 0x052f6d98, 0x05350000)
  to   space 512K,   0% used [0x05250000, 0x05250000, 0x052d0000)
 tenured generation   total 10944K, used 5861K [0x0a350000, 0x0ae00000, 0x14e00000)
   the space 10944K,  53% used [0x0a350000, 0x0a909598, 0x0a909600, 0x0ae00000)
 Metaspace       used 11783K, capacity 11944K, committed 12032K, reserved 12672K
}
Event: 0.612 GC heap after
{Heap after GC invocations=10 (full 0):
 def new generation   total 4928K, used 212K [0x04e00000, 0x05350000, 0x0a350000)
  eden space 4416K,   0% used [0x04e00000, 0x04e00000, 0x05250000)
  from space 512K,  41% used [0x05250000, 0x052853d0, 0x052d0000)
  to   space 512K,   0% used [0x052d0000, 0x052d0000, 0x05350000)
 tenured generation   total 10944K, used 8675K [0x0a350000, 0x0ae00000, 0x14e00000)
   the space 10944K,  79% used [0x0a350000, 0x0abc8c58, 0x0abc8e00, 0x0ae00000)
 Metaspace       used 11783K, capacity 11944K, committed 12032K, reserved 12672K
}
Event: 0.629 GC heap before
{Heap before GC invocations=10 (full 0):
 def new generation   total 4928K, used 1987K [0x04e00000, 0x05350000, 0x0a350000)
  eden space 4416K,  40% used [0x04e00000, 0x04fbb888, 0x05250000)
  from space 512K,  41% used [0x05250000, 0x052853d0, 0x052d0000)
  to   space 512K,   0% used [0x052d0000, 0x052d0000, 0x05350000)
 tenured generation   total 10944K, used 8675K [0x0a350000, 0x0ae00000, 0x14e00000)
   the space 10944K,  79% used [0x0a350000, 0x0abc8c58, 0x0abc8e00, 0x0ae00000)
 Metaspace       used 12087K, capacity 12264K, committed 12288K, reserved 12672K
}
Event: 0.635 GC heap after
{Heap after GC invocations=11 (full 1):
 def new generation   total 6848K, used 0K [0x04e00000, 0x05560000, 0x0a350000)
  eden space 6144K,   0% used [0x04e00000, 0x04e00000, 0x05400000)
  from space 704K,   0% used [0x05400000, 0x05400000, 0x054b0000)
  to   space 704K,   0% used [0x054b0000, 0x054b0000, 0x05560000)
 tenured generation   total 14964K, used 8977K [0x0a350000, 0x0b1ed000, 0x14e00000)
   the space 14964K,  59% used [0x0a350000, 0x0ac14698, 0x0ac14800, 0x0b1ed000)
 Metaspace       used 12087K, capacity 12264K, committed 12288K, reserved 12672K
}
Event: 0.724 GC heap before
{Heap before GC invocations=11 (full 1):
 def new generation   total 6848K, used 6144K [0x04e00000, 0x05560000, 0x0a350000)
  eden space 6144K, 100% used [0x04e00000, 0x05400000, 0x05400000)
  from space 704K,   0% used [0x05400000, 0x05400000, 0x054b0000)
  to   space 704K,   0% used [0x054b0000, 0x054b0000, 0x05560000)
 tenured generation   total 14964K, used 8977K [0x0a350000, 0x0b1ed000, 0x14e00000)
   the space 14964K,  59% used [0x0a350000, 0x0ac14698, 0x0ac14800, 0x0b1ed000)
 Metaspace       used 12804K, capacity 13001K, committed 13056K, reserved 13696K
}
Event: 0.726 GC heap after
{Heap after GC invocations=12 (full 1):
 def new generation   total 6848K, used 704K [0x04e00000, 0x05560000, 0x0a350000)
  eden space 6144K,   0% used [0x04e00000, 0x04e00000, 0x05400000)
  from space 704K, 100% used [0x054b0000, 0x05560000, 0x05560000)
  to   space 704K,   0% used [0x05400000, 0x05400000, 0x054b0000)
 tenured generation   total 14964K, used 9055K [0x0a350000, 0x0b1ed000, 0x14e00000)
   the space 14964K,  60% used [0x0a350000, 0x0ac27d60, 0x0ac27e00, 0x0b1ed000)
 Metaspace       used 12804K, capacity 13001K, committed 13056K, reserved 13696K
}
Event: 0.804 GC heap before
{Heap before GC invocations=12 (full 1):
 def new generation   total 6848K, used 6848K [0x04e00000, 0x05560000, 0x0a350000)
  eden space 6144K, 100% used [0x04e00000, 0x05400000, 0x05400000)
  from space 704K, 100% used [0x054b0000, 0x05560000, 0x05560000)
  to   space 704K,   0% used [0x05400000, 0x05400000, 0x054b0000)
 tenured generation   total 14964K, used 9055K [0x0a350000, 0x0b1ed000, 0x14e00000)
   the space 14964K,  60% used [0x0a350000, 0x0ac27d60, 0x0ac27e00, 0x0b1ed000)
 Metaspace       used 13699K, capacity 13934K, committed 13952K, reserved 14720K
}
Event: 0.807 GC heap after
{Heap after GC invocations=13 (full 1):
 def new generation   total 6848K, used 703K [0x04e00000, 0x05560000, 0x0a350000)
  eden space 6144K,   0% used [0x04e00000, 0x04e00000, 0x05400000)
  from space 704K,  99% used [0x05400000, 0x054afff8, 0x054b0000)
  to   space 704K,   0% used [0x054b0000, 0x054b0000, 0x05560000)
 tenured generation   total 14964K, used 10780K [0x0a350000, 0x0b1ed000, 0x14e00000)
   the space 14964K,  72% used [0x0a350000, 0x0add71b8, 0x0add7200, 0x0b1ed000)
 Metaspace       used 13699K, capacity 13934K, committed 13952K, reserved 14720K
}
Event: 3.151 GC heap before
{Heap before GC invocations=13 (full 1):
 def new generation   total 6848K, used 6847K [0x04e00000, 0x05560000, 0x0a350000)
  eden space 6144K, 100% used [0x04e00000, 0x05400000, 0x05400000)
  from space 704K,  99% used [0x05400000, 0x054afff8, 0x054b0000)
  to   space 704K,   0% used [0x054b0000, 0x054b0000, 0x05560000)
 tenured generation   total 14964K, used 10780K [0x0a350000, 0x0b1ed000, 0x14e00000)
   the space 14964K,  72% used [0x0a350000, 0x0add71b8, 0x0add7200, 0x0b1ed000)
 Metaspace       used 14631K, capacity 14926K, committed 14976K, reserved 15744K
}
Event: 3.153 GC heap after
{Heap after GC invocations=14 (full 1):
 def new generation   total 6848K, used 508K [0x04e00000, 0x05560000, 0x0a350000)
  eden space 6144K,   0% used [0x04e00000, 0x04e00000, 0x05400000)
  from space 704K,  72% used [0x054b0000, 0x0552f2b8, 0x05560000)
  to   space 704K,   0% used [0x05400000, 0x05400000, 0x054b0000)
 tenured generation   total 14964K, used 11465K [0x0a350000, 0x0b1ed000, 0x14e00000)
   the space 14964K,  76% used [0x0a350000, 0x0ae82648, 0x0ae82800, 0x0b1ed000)
 Metaspace       used 14631K, capacity 14926K, committed 14976K, reserved 15744K
}

