# JRE version: OpenJDK Runtime Environment Temurin-11.0.21+9 (11.0.21+9) (build 11.0.21+9)
# Java VM: OpenJDK Client VM Temurin-11.0.21+9 (11.0.21+9, mixed mode, serial gc, windows-x86)
Heap:
 def new generation   total 12160K, used 6851K [0x05200000, 0x05f30000, 0x0a750000)
  eden space 10816K,  63% used [0x05200000, 0x058b0ca0, 0x05c90000)
  from space 1344K,   0% used [0x05c90000, 0x05c90000, 0x05de0000)
  to   space 1344K,   0% used [0x05de0000, 0x05de0000, 0x05f30000)
 tenured generation   total 26984K, used 16189K [0x0a750000, 0x0c1aa000, 0x15200000)
   the space 26984K,  59% used [0x0a750000, 0x0b71f4a8, 0x0b71f600, 0x0c1aa000)
 Metaspace       used 14919K, capacity 15181K, committed 15360K, reserved 15744K
GC Heap History (20 events):
Event: 0.796 GC heap before
{Heap before GC invocations=5 (full 0):
 def new generation   total 4928K, used 4831K [0x05200000, 0x05750000, 0x0a750000)
  eden space 4416K, 100% used [0x05200000, 0x05650000, 0x05650000)
  from space 512K,  81% used [0x056d0000, 0x05737d70, 0x05750000)
  to   space 512K,   0% used [0x05650000, 0x05650000, 0x056d0000)
 tenured generation   total 10944K, used 2505K [0x0a750000, 0x0b200000, 0x15200000)
   the space 10944K,  22% used [0x0a750000, 0x0a9c26e0, 0x0a9c2800, 0x0b200000)
 Metaspace       used 8982K, capacity 9123K, committed 9216K, reserved 9600K
}
Event: 0.797 GC heap after
{Heap after GC invocations=6 (full 0):
 def new generation   total 4928K, used 512K [0x05200000, 0x05750000, 0x0a750000)
  eden space 4416K,   0% used [0x05200000, 0x05200000, 0x05650000)
  from space 512K, 100% used [0x05650000, 0x056d0000, 0x056d0000)
  to   space 512K,   0% used [0x056d0000, 0x056d0000, 0x05750000)
 tenured generation   total 10944K, used 2911K [0x0a750000, 0x0b200000, 0x15200000)
   the space 10944K,  26% used [0x0a750000, 0x0aa27d50, 0x0aa27e00, 0x0b200000)
 Metaspace       used 8982K, capacity 9123K, committed 9216K, reserved 9600K
}
Event: 0.868 GC heap before
{Heap before GC invocations=6 (full 0):
 def new generation   total 4928K, used 4928K [0x05200000, 0x05750000, 0x0a750000)
  eden space 4416K, 100% used [0x05200000, 0x05650000, 0x05650000)
  from space 512K, 100% used [0x05650000, 0x056d0000, 0x056d0000)
  to   space 512K,   0% used [0x056d0000, 0x056d0000, 0x05750000)
 tenured generation   total 10944K, used 2911K [0x0a750000, 0x0b200000, 0x15200000)
   the space 10944K,  26% used [0x0a750000, 0x0aa27d50, 0x0aa27e00, 0x0b200000)
 Metaspace       used 10631K, capacity 10802K, committed 10880K, reserved 11648K
}
Event: 0.871 GC heap after
{Heap after GC invocations=7 (full 0):
 def new generation   total 4928K, used 512K [0x05200000, 0x05750000, 0x0a750000)
  eden space 4416K,   0% used [0x05200000, 0x05200000, 0x05650000)
  from space 512K, 100% used [0x056d0000, 0x05750000, 0x05750000)
  to   space 512K,   0% used [0x05650000, 0x05650000, 0x056d0000)
 tenured generation   total 10944K, used 3891K [0x0a750000, 0x0b200000, 0x15200000)
   the space 10944K,  35% used [0x0a750000, 0x0ab1cc98, 0x0ab1ce00, 0x0b200000)
 Metaspace       used 10631K, capacity 10802K, committed 10880K, reserved 11648K
}
Event: 0.910 GC heap before
{Heap before GC invocations=7 (full 0):
 def new generation   total 4928K, used 4928K [0x05200000, 0x05750000, 0x0a750000)
  eden space 4416K, 100% used [0x05200000, 0x05650000, 0x05650000)
  from space 512K, 100% used [0x056d0000, 0x05750000, 0x05750000)
  to   space 512K,   0% used [0x05650000, 0x05650000, 0x056d0000)
 tenured generation   total 10944K, used 3891K [0x0a750000, 0x0b200000, 0x15200000)
   the space 10944K,  35% used [0x0a750000, 0x0ab1cc98, 0x0ab1ce00, 0x0b200000)
 Metaspace       used 11080K, capacity 11258K, committed 11264K, reserved 11648K
}
Event: 0.913 GC heap after
{Heap after GC invocations=8 (full 0):
 def new generation   total 4928K, used 511K [0x05200000, 0x05750000, 0x0a750000)
  eden space 4416K,   0% used [0x05200000, 0x05200000, 0x05650000)
  from space 512K,  99% used [0x05650000, 0x056cfff8, 0x056d0000)
  to   space 512K,   0% used [0x056d0000, 0x056d0000, 0x05750000)
 tenured generation   total 10944K, used 5001K [0x0a750000, 0x0b200000, 0x15200000)
   the space 10944K,  45% used [0x0a750000, 0x0ac32410, 0x0ac32600, 0x0b200000)
 Metaspace       used 11080K, capacity 11258K, committed 11264K, reserved 11648K
}
Event: 0.944 GC heap before
{Heap before GC invocations=8 (full 0):
 def new generation   total 4928K, used 3093K [0x05200000, 0x05750000, 0x0a750000)
  eden space 4416K,  58% used [0x05200000, 0x05485670, 0x05650000)
  from space 512K,  99% used [0x05650000, 0x056cfff8, 0x056d0000)
  to   space 512K,   0% used [0x056d0000, 0x056d0000, 0x05750000)
 tenured generation   total 10944K, used 5001K [0x0a750000, 0x0b200000, 0x15200000)
   the space 10944K,  45% used [0x0a750000, 0x0ac32410, 0x0ac32600, 0x0b200000)
 Metaspace       used 11512K, capacity 11685K, committed 11776K, reserved 12672K
}
Event: 0.946 GC heap after
{Heap after GC invocations=9 (full 0):
 def new generation   total 4928K, used 156K [0x05200000, 0x05750000, 0x0a750000)
  eden space 4416K,   0% used [0x05200000, 0x05200000, 0x05650000)
  from space 512K,  30% used [0x056d0000, 0x056f71c0, 0x05750000)
  to   space 512K,   0% used [0x05650000, 0x05650000, 0x056d0000)
 tenured generation   total 10944K, used 6022K [0x0a750000, 0x0b200000, 0x15200000)
   the space 10944K,  55% used [0x0a750000, 0x0ad31878, 0x0ad31a00, 0x0b200000)
 Metaspace       used 11512K, capacity 11685K, committed 11776K, reserved 12672K
}
Event: 0.964 GC heap before
{Heap before GC invocations=9 (full 0):
 def new generation   total 4928K, used 4572K [0x05200000, 0x05750000, 0x0a750000)
  eden space 4416K, 100% used [0x05200000, 0x05650000, 0x05650000)
  from space 512K,  30% used [0x056d0000, 0x056f71c0, 0x05750000)
  to   space 512K,   0% used [0x05650000, 0x05650000, 0x056d0000)
 tenured generation   total 10944K, used 6022K [0x0a750000, 0x0b200000, 0x15200000)
   the space 10944K,  55% used [0x0a750000, 0x0ad31878, 0x0ad31a00, 0x0b200000)
 Metaspace       used 11783K, capacity 11944K, committed 12032K, reserved 12672K
}
Event: 0.965 GC heap after
{Heap after GC invocations=10 (full 0):
 def new generation   total 4928K, used 206K [0x05200000, 0x05750000, 0x0a750000)
  eden space 4416K,   0% used [0x05200000, 0x05200000, 0x05650000)
  from space 512K,  40% used [0x05650000, 0x05683820, 0x056d0000)
  to   space 512K,   0% used [0x056d0000, 0x056d0000, 0x05750000)
 tenured generation   total 10944K, used 8835K [0x0a750000, 0x0b200000, 0x15200000)
   the space 10944K,  80% used [0x0a750000, 0x0aff0f38, 0x0aff1000, 0x0b200000)
 Metaspace       used 11783K, capacity 11944K, committed 12032K, reserved 12672K
}
Event: 0.981 GC heap before
{Heap before GC invocations=10 (full 0):
 def new generation   total 4928K, used 2009K [0x05200000, 0x05750000, 0x0a750000)
  eden space 4416K,  40% used [0x05200000, 0x053c2c48, 0x05650000)
  from space 512K,  40% used [0x05650000, 0x05683820, 0x056d0000)
  to   space 512K,   0% used [0x056d0000, 0x056d0000, 0x05750000)
 tenured generation   total 10944K, used 8835K [0x0a750000, 0x0b200000, 0x15200000)
   the space 10944K,  80% used [0x0a750000, 0x0aff0f38, 0x0aff1000, 0x0b200000)
 Metaspace       used 12087K, capacity 12264K, committed 12288K, reserved 12672K
}
Event: 0.987 GC heap after
{Heap after GC invocations=11 (full 1):
 def new generation   total 6912K, used 0K [0x05200000, 0x05980000, 0x0a750000)
  eden space 6144K,   0% used [0x05200000, 0x05200000, 0x05800000)
  from space 768K,   0% used [0x05800000, 0x05800000, 0x058c0000)
  to   space 768K,   0% used [0x058c0000, 0x058c0000, 0x05980000)
 tenured generation   total 15236K, used 9139K [0x0a750000, 0x0b631000, 0x15200000)
   the space 15236K,  59% used [0x0a750000, 0x0b03cdd8, 0x0b03ce00, 0x0b631000)
 Metaspace       used 12087K, capacity 12264K, committed 12288K, reserved 12672K
}
Event: 1.098 GC heap before
{Heap before GC invocations=11 (full 1):
 def new generation   total 6912K, used 6144K [0x05200000, 0x05980000, 0x0a750000)
  eden space 6144K, 100% used [0x05200000, 0x05800000, 0x05800000)
  from space 768K,   0% used [0x05800000, 0x05800000, 0x058c0000)
  to   space 768K,   0% used [0x058c0000, 0x058c0000, 0x05980000)
 tenured generation   total 15236K, used 9139K [0x0a750000, 0x0b631000, 0x15200000)
   the space 15236K,  59% used [0x0a750000, 0x0b03cdd8, 0x0b03ce00, 0x0b631000)
 Metaspace       used 12803K, capacity 13000K, committed 13056K, reserved 13696K
}
Event: 1.100 GC heap after
{Heap after GC invocations=12 (full 1):
 def new generation   total 6912K, used 768K [0x05200000, 0x05980000, 0x0a750000)
  eden space 6144K,   0% used [0x05200000, 0x05200000, 0x05800000)
  from space 768K, 100% used [0x058c0000, 0x05980000, 0x05980000)
  to   space 768K,   0% used [0x05800000, 0x05800000, 0x058c0000)
 tenured generation   total 15236K, used 9155K [0x0a750000, 0x0b631000, 0x15200000)
   the space 15236K,  60% used [0x0a750000, 0x0b040c18, 0x0b040e00, 0x0b631000)
 Metaspace       used 12803K, capacity 13000K, committed 13056K, reserved 13696K
}
Event: 1.187 GC heap before
{Heap before GC invocations=12 (full 1):
 def new generation   total 6912K, used 6912K [0x05200000, 0x05980000, 0x0a750000)
  eden space 6144K, 100% used [0x05200000, 0x05800000, 0x05800000)
  from space 768K, 100% used [0x058c0000, 0x05980000, 0x05980000)
  to   space 768K,   0% used [0x05800000, 0x05800000, 0x058c0000)
 tenured generation   total 15236K, used 9155K [0x0a750000, 0x0b631000, 0x15200000)
   the space 15236K,  60% used [0x0a750000, 0x0b040c18, 0x0b040e00, 0x0b631000)
 Metaspace       used 13697K, capacity 13934K, committed 13952K, reserved 14720K
}
Event: 1.190 GC heap after
{Heap after GC invocations=13 (full 1):
 def new generation   total 6912K, used 707K [0x05200000, 0x05980000, 0x0a750000)
  eden space 6144K,   0% used [0x05200000, 0x05200000, 0x05800000)
  from space 768K,  92% used [0x05800000, 0x058b0d28, 0x058c0000)
  to   space 768K,   0% used [0x058c0000, 0x058c0000, 0x05980000)
 tenured generation   total 15236K, used 10938K [0x0a750000, 0x0b631000, 0x15200000)
   the space 15236K,  71% used [0x0a750000, 0x0b1fe818, 0x0b1fea00, 0x0b631000)
 Metaspace       used 13697K, capacity 13934K, committed 13952K, reserved 14720K
}
Event: 15.598 GC heap before
{Heap before GC invocations=13 (full 1):
 def new generation   total 6912K, used 6813K [0x05200000, 0x05980000, 0x0a750000)
  eden space 6144K,  99% used [0x05200000, 0x057f6a00, 0x05800000)
  from space 768K,  92% used [0x05800000, 0x058b0d28, 0x058c0000)
  to   space 768K,   0% used [0x058c0000, 0x058c0000, 0x05980000)
 tenured generation   total 15236K, used 10938K [0x0a750000, 0x0b631000, 0x15200000)
   the space 15236K,  71% used [0x0a750000, 0x0b1fe818, 0x0b1fea00, 0x0b631000)
 Metaspace       used 14119K, capacity 14374K, committed 14464K, reserved 14720K
}
Event: 15.601 GC heap after
{Heap after GC invocations=14 (full 1):
 def new generation   total 6912K, used 464K [0x05200000, 0x05980000, 0x0a750000)
  eden space 6144K,   0% used [0x05200000, 0x05200000, 0x05800000)
  from space 768K,  60% used [0x058c0000, 0x05934028, 0x05980000)
  to   space 768K,   0% used [0x05800000, 0x05800000, 0x058c0000)
 tenured generation   total 15236K, used 13746K [0x0a750000, 0x0b631000, 0x15200000)
   the space 15236K,  90% used [0x0a750000, 0x0b4bcaa0, 0x0b4bcc00, 0x0b631000)
 Metaspace       used 14119K, capacity 14374K, committed 14464K, reserved 14720K
}
Event: 15.645 GC heap before
{Heap before GC invocations=14 (full 1):
 def new generation   total 6912K, used 6608K [0x05200000, 0x05980000, 0x0a750000)
  eden space 6144K, 100% used [0x05200000, 0x05800000, 0x05800000)
  from space 768K,  60% used [0x058c0000, 0x05934028, 0x05980000)
  to   space 768K,   0% used [0x05800000, 0x05800000, 0x058c0000)
 tenured generation   total 15236K, used 13746K [0x0a750000, 0x0b631000, 0x15200000)
   the space 15236K,  90% used [0x0a750000, 0x0b4bcaa0, 0x0b4bcc00, 0x0b631000)
 Metaspace       used 14703K, capacity 15002K, committed 15104K, reserved 15744K
}
Event: 15.656 GC heap after
{Heap after GC invocations=15 (full 2):
 def new generation   total 12160K, used 0K [0x05200000, 0x05f30000, 0x0a750000)
  eden space 10816K,   0% used [0x05200000, 0x05200000, 0x05c90000)
  from space 1344K,   0% used [0x05c90000, 0x05c90000, 0x05de0000)
  to   space 1344K,   0% used [0x05de0000, 0x05de0000, 0x05f30000)
 tenured generation   total 26984K, used 16189K [0x0a750000, 0x0c1aa000, 0x15200000)
   the space 26984K,  59% used [0x0a750000, 0x0b71f4a8, 0x0b71f600, 0x0c1aa000)
 Metaspace       used 14488K, capacity 14737K, committed 15104K, reserved 15744K
}

