# JRE version: OpenJDK Runtime Environment Temurin-11.0.21+9 (11.0.21+9) (build 11.0.21+9)
# Java VM: OpenJDK Client VM Temurin-11.0.21+9 (11.0.21+9, mixed mode, serial gc, windows-x86)
Heap:
 def new generation   total 12160K, used 2892K [0x05a00000, 0x06730000, 0x0af50000)
  eden space 10816K,  26% used [0x05a00000, 0x05cd32a0, 0x06490000)
  from space 1344K,   0% used [0x06490000, 0x06490000, 0x065e0000)
  to   space 1344K,   0% used [0x065e0000, 0x065e0000, 0x06730000)
 tenured generation   total 26944K, used 16165K [0x0af50000, 0x0c9a0000, 0x15a00000)
   the space 26944K,  59% used [0x0af50000, 0x0bf19750, 0x0bf19800, 0x0c9a0000)
 Metaspace       used 14898K, capacity 15218K, committed 15232K, reserved 15744K
GC Heap History (20 events):
Event: 0.976 GC heap before
{Heap before GC invocations=5 (full 0):
 def new generation   total 4928K, used 4827K [0x05a00000, 0x05f50000, 0x0af50000)
  eden space 4416K, 100% used [0x05a00000, 0x05e50000, 0x05e50000)
  from space 512K,  80% used [0x05ed0000, 0x05f36e68, 0x05f50000)
  to   space 512K,   0% used [0x05e50000, 0x05e50000, 0x05ed0000)
 tenured generation   total 10944K, used 2191K [0x0af50000, 0x0ba00000, 0x15a00000)
   the space 10944K,  20% used [0x0af50000, 0x0b173df8, 0x0b173e00, 0x0ba00000)
 Metaspace       used 8971K, capacity 9087K, committed 9088K, reserved 9600K
}
Event: 0.979 GC heap after
{Heap after GC invocations=6 (full 0):
 def new generation   total 4928K, used 512K [0x05a00000, 0x05f50000, 0x0af50000)
  eden space 4416K,   0% used [0x05a00000, 0x05a00000, 0x05e50000)
  from space 512K, 100% used [0x05e50000, 0x05ed0000, 0x05ed0000)
  to   space 512K,   0% used [0x05ed0000, 0x05ed0000, 0x05f50000)
 tenured generation   total 10944K, used 2591K [0x0af50000, 0x0ba00000, 0x15a00000)
   the space 10944K,  23% used [0x0af50000, 0x0b1d7d80, 0x0b1d7e00, 0x0ba00000)
 Metaspace       used 8971K, capacity 9087K, committed 9088K, reserved 9600K
}
Event: 1.108 GC heap before
{Heap before GC invocations=6 (full 0):
 def new generation   total 4928K, used 4920K [0x05a00000, 0x05f50000, 0x0af50000)
  eden space 4416K,  99% used [0x05a00000, 0x05e4e298, 0x05e50000)
  from space 512K, 100% used [0x05e50000, 0x05ed0000, 0x05ed0000)
  to   space 512K,   0% used [0x05ed0000, 0x05ed0000, 0x05f50000)
 tenured generation   total 10944K, used 2591K [0x0af50000, 0x0ba00000, 0x15a00000)
   the space 10944K,  23% used [0x0af50000, 0x0b1d7d80, 0x0b1d7e00, 0x0ba00000)
 Metaspace       used 10615K, capacity 10768K, committed 10880K, reserved 11648K
}
Event: 1.112 GC heap after
{Heap after GC invocations=7 (full 0):
 def new generation   total 4928K, used 512K [0x05a00000, 0x05f50000, 0x0af50000)
  eden space 4416K,   0% used [0x05a00000, 0x05a00000, 0x05e50000)
  from space 512K, 100% used [0x05ed0000, 0x05f50000, 0x05f50000)
  to   space 512K,   0% used [0x05e50000, 0x05e50000, 0x05ed0000)
 tenured generation   total 10944K, used 3578K [0x0af50000, 0x0ba00000, 0x15a00000)
   the space 10944K,  32% used [0x0af50000, 0x0b2ceb70, 0x0b2cec00, 0x0ba00000)
 Metaspace       used 10615K, capacity 10768K, committed 10880K, reserved 11648K
}
Event: 1.187 GC heap before
{Heap before GC invocations=7 (full 0):
 def new generation   total 4928K, used 4928K [0x05a00000, 0x05f50000, 0x0af50000)
  eden space 4416K, 100% used [0x05a00000, 0x05e50000, 0x05e50000)
  from space 512K, 100% used [0x05ed0000, 0x05f50000, 0x05f50000)
  to   space 512K,   0% used [0x05e50000, 0x05e50000, 0x05ed0000)
 tenured generation   total 10944K, used 3578K [0x0af50000, 0x0ba00000, 0x15a00000)
   the space 10944K,  32% used [0x0af50000, 0x0b2ceb70, 0x0b2cec00, 0x0ba00000)
 Metaspace       used 11069K, capacity 11258K, committed 11264K, reserved 11648K
}
Event: 1.191 GC heap after
{Heap after GC invocations=8 (full 0):
 def new generation   total 4928K, used 511K [0x05a00000, 0x05f50000, 0x0af50000)
  eden space 4416K,   0% used [0x05a00000, 0x05a00000, 0x05e50000)
  from space 512K,  99% used [0x05e50000, 0x05ecfff8, 0x05ed0000)
  to   space 512K,   0% used [0x05ed0000, 0x05ed0000, 0x05f50000)
 tenured generation   total 10944K, used 4687K [0x0af50000, 0x0ba00000, 0x15a00000)
   the space 10944K,  42% used [0x0af50000, 0x0b3e3c28, 0x0b3e3e00, 0x0ba00000)
 Metaspace       used 11069K, capacity 11258K, committed 11264K, reserved 11648K
}
Event: 1.262 GC heap before
{Heap before GC invocations=8 (full 0):
 def new generation   total 4928K, used 3160K [0x05a00000, 0x05f50000, 0x0af50000)
  eden space 4416K,  59% used [0x05a00000, 0x05c963a8, 0x05e50000)
  from space 512K,  99% used [0x05e50000, 0x05ecfff8, 0x05ed0000)
  to   space 512K,   0% used [0x05ed0000, 0x05ed0000, 0x05f50000)
 tenured generation   total 10944K, used 4687K [0x0af50000, 0x0ba00000, 0x15a00000)
   the space 10944K,  42% used [0x0af50000, 0x0b3e3c28, 0x0b3e3e00, 0x0ba00000)
 Metaspace       used 11513K, capacity 11685K, committed 11776K, reserved 12672K
}
Event: 1.266 GC heap after
{Heap after GC invocations=9 (full 0):
 def new generation   total 4928K, used 159K [0x05a00000, 0x05f50000, 0x0af50000)
  eden space 4416K,   0% used [0x05a00000, 0x05a00000, 0x05e50000)
  from space 512K,  31% used [0x05ed0000, 0x05ef7e88, 0x05f50000)
  to   space 512K,   0% used [0x05e50000, 0x05e50000, 0x05ed0000)
 tenured generation   total 10944K, used 5707K [0x0af50000, 0x0ba00000, 0x15a00000)
   the space 10944K,  52% used [0x0af50000, 0x0b4e2e40, 0x0b4e3000, 0x0ba00000)
 Metaspace       used 11513K, capacity 11685K, committed 11776K, reserved 12672K
}
Event: 1.315 GC heap before
{Heap before GC invocations=9 (full 0):
 def new generation   total 4928K, used 4575K [0x05a00000, 0x05f50000, 0x0af50000)
  eden space 4416K, 100% used [0x05a00000, 0x05e50000, 0x05e50000)
  from space 512K,  31% used [0x05ed0000, 0x05ef7e88, 0x05f50000)
  to   space 512K,   0% used [0x05e50000, 0x05e50000, 0x05ed0000)
 tenured generation   total 10944K, used 5707K [0x0af50000, 0x0ba00000, 0x15a00000)
   the space 10944K,  52% used [0x0af50000, 0x0b4e2e40, 0x0b4e3000, 0x0ba00000)
 Metaspace       used 11785K, capacity 11976K, committed 12032K, reserved 12672K
}
Event: 1.319 GC heap after
{Heap after GC invocations=10 (full 0):
 def new generation   total 4928K, used 209K [0x05a00000, 0x05f50000, 0x0af50000)
  eden space 4416K,   0% used [0x05a00000, 0x05a00000, 0x05e50000)
  from space 512K,  40% used [0x05e50000, 0x05e84538, 0x05ed0000)
  to   space 512K,   0% used [0x05ed0000, 0x05ed0000, 0x05f50000)
 tenured generation   total 10944K, used 8521K [0x0af50000, 0x0ba00000, 0x15a00000)
   the space 10944K,  77% used [0x0af50000, 0x0b7a2500, 0x0b7a2600, 0x0ba00000)
 Metaspace       used 11785K, capacity 11976K, committed 12032K, reserved 12672K
}
Event: 1.357 GC heap before
{Heap before GC invocations=10 (full 0):
 def new generation   total 4928K, used 2051K [0x05a00000, 0x05f50000, 0x0af50000)
  eden space 4416K,  41% used [0x05a00000, 0x05bcc718, 0x05e50000)
  from space 512K,  40% used [0x05e50000, 0x05e84538, 0x05ed0000)
  to   space 512K,   0% used [0x05ed0000, 0x05ed0000, 0x05f50000)
 tenured generation   total 10944K, used 8521K [0x0af50000, 0x0ba00000, 0x15a00000)
   the space 10944K,  77% used [0x0af50000, 0x0b7a2500, 0x0b7a2600, 0x0ba00000)
 Metaspace       used 12087K, capacity 12264K, committed 12288K, reserved 12672K
}
Event: 1.373 GC heap after
{Heap after GC invocations=11 (full 1):
 def new generation   total 6720K, used 0K [0x05a00000, 0x06140000, 0x0af50000)
  eden space 6016K,   0% used [0x05a00000, 0x05a00000, 0x05fe0000)
  from space 704K,   0% used [0x05fe0000, 0x05fe0000, 0x06090000)
  to   space 704K,   0% used [0x06090000, 0x06090000, 0x06140000)
 tenured generation   total 14716K, used 8827K [0x0af50000, 0x0bdaf000, 0x15a00000)
   the space 14716K,  59% used [0x0af50000, 0x0b7eef40, 0x0b7ef000, 0x0bdaf000)
 Metaspace       used 12087K, capacity 12264K, committed 12288K, reserved 12672K
}
Event: 1.568 GC heap before
{Heap before GC invocations=11 (full 1):
 def new generation   total 6720K, used 6016K [0x05a00000, 0x06140000, 0x0af50000)
  eden space 6016K, 100% used [0x05a00000, 0x05fe0000, 0x05fe0000)
  from space 704K,   0% used [0x05fe0000, 0x05fe0000, 0x06090000)
  to   space 704K,   0% used [0x06090000, 0x06090000, 0x06140000)
 tenured generation   total 14716K, used 8827K [0x0af50000, 0x0bdaf000, 0x15a00000)
   the space 14716K,  59% used [0x0af50000, 0x0b7eef40, 0x0b7ef000, 0x0bdaf000)
 Metaspace       used 12790K, capacity 12990K, committed 13056K, reserved 13696K
}
Event: 1.571 GC heap after
{Heap after GC invocations=12 (full 1):
 def new generation   total 6720K, used 704K [0x05a00000, 0x06140000, 0x0af50000)
  eden space 6016K,   0% used [0x05a00000, 0x05a00000, 0x05fe0000)
  from space 704K, 100% used [0x06090000, 0x06140000, 0x06140000)
  to   space 704K,   0% used [0x05fe0000, 0x05fe0000, 0x06090000)
 tenured generation   total 14716K, used 8887K [0x0af50000, 0x0bdaf000, 0x15a00000)
   the space 14716K,  60% used [0x0af50000, 0x0b7fdd48, 0x0b7fde00, 0x0bdaf000)
 Metaspace       used 12790K, capacity 12990K, committed 13056K, reserved 13696K
}
Event: 1.725 GC heap before
{Heap before GC invocations=12 (full 1):
 def new generation   total 6720K, used 5874K [0x05a00000, 0x06140000, 0x0af50000)
  eden space 6016K,  85% used [0x05a00000, 0x05f0c9a0, 0x05fe0000)
  from space 704K, 100% used [0x06090000, 0x06140000, 0x06140000)
  to   space 704K,   0% used [0x05fe0000, 0x05fe0000, 0x06090000)
 tenured generation   total 14716K, used 8887K [0x0af50000, 0x0bdaf000, 0x15a00000)
   the space 14716K,  60% used [0x0af50000, 0x0b7fdd48, 0x0b7fde00, 0x0bdaf000)
 Metaspace       used 13705K, capacity 13906K, committed 13952K, reserved 14720K
}
Event: 1.730 GC heap after
{Heap after GC invocations=13 (full 1):
 def new generation   total 6720K, used 703K [0x05a00000, 0x06140000, 0x0af50000)
  eden space 6016K,   0% used [0x05a00000, 0x05a00000, 0x05fe0000)
  from space 704K,  99% used [0x05fe0000, 0x0608fff8, 0x06090000)
  to   space 704K,   0% used [0x06090000, 0x06090000, 0x06140000)
 tenured generation   total 14716K, used 9602K [0x0af50000, 0x0bdaf000, 0x15a00000)
   the space 14716K,  65% used [0x0af50000, 0x0b8b0b88, 0x0b8b0c00, 0x0bdaf000)
 Metaspace       used 13705K, capacity 13906K, committed 13952K, reserved 14720K
}
Event: 4.416 GC heap before
{Heap before GC invocations=13 (full 1):
 def new generation   total 6720K, used 6719K [0x05a00000, 0x06140000, 0x0af50000)
  eden space 6016K, 100% used [0x05a00000, 0x05fe0000, 0x05fe0000)
  from space 704K,  99% used [0x05fe0000, 0x0608fff8, 0x06090000)
  to   space 704K,   0% used [0x06090000, 0x06090000, 0x06140000)
 tenured generation   total 14716K, used 9602K [0x0af50000, 0x0bdaf000, 0x15a00000)
   the space 14716K,  65% used [0x0af50000, 0x0b8b0b88, 0x0b8b0c00, 0x0bdaf000)
 Metaspace       used 14051K, capacity 14316K, committed 14336K, reserved 14720K
}
Event: 4.422 GC heap after
{Heap after GC invocations=14 (full 1):
 def new generation   total 6720K, used 331K [0x05a00000, 0x06140000, 0x0af50000)
  eden space 6016K,   0% used [0x05a00000, 0x05a00000, 0x05fe0000)
  from space 704K,  47% used [0x06090000, 0x060e2c30, 0x06140000)
  to   space 704K,   0% used [0x05fe0000, 0x05fe0000, 0x06090000)
 tenured generation   total 14716K, used 13433K [0x0af50000, 0x0bdaf000, 0x15a00000)
   the space 14716K,  91% used [0x0af50000, 0x0bc6e4c0, 0x0bc6e600, 0x0bdaf000)
 Metaspace       used 14051K, capacity 14316K, committed 14336K, reserved 14720K
}
Event: 4.532 GC heap before
{Heap before GC invocations=14 (full 1):
 def new generation   total 6720K, used 6347K [0x05a00000, 0x06140000, 0x0af50000)
  eden space 6016K, 100% used [0x05a00000, 0x05fe0000, 0x05fe0000)
  from space 704K,  47% used [0x06090000, 0x060e2c30, 0x06140000)
  to   space 704K,   0% used [0x05fe0000, 0x05fe0000, 0x06090000)
 tenured generation   total 14716K, used 13433K [0x0af50000, 0x0bdaf000, 0x15a00000)
   the space 14716K,  91% used [0x0af50000, 0x0bc6e4c0, 0x0bc6e600, 0x0bdaf000)
 Metaspace       used 14608K, capacity 14898K, committed 14976K, reserved 15744K
}
Event: 4.555 GC heap after
{Heap after GC invocations=15 (full 2):
 def new generation   total 12160K, used 0K [0x05a00000, 0x06730000, 0x0af50000)
  eden space 10816K,   0% used [0x05a00000, 0x05a00000, 0x06490000)
  from space 1344K,   0% used [0x06490000, 0x06490000, 0x065e0000)
  to   space 1344K,   0% used [0x065e0000, 0x065e0000, 0x06730000)
 tenured generation   total 26944K, used 16165K [0x0af50000, 0x0c9a0000, 0x15a00000)
   the space 26944K,  59% used [0x0af50000, 0x0bf19750, 0x0bf19800, 0x0c9a0000)
 Metaspace       used 14608K, capacity 14898K, committed 14976K, reserved 15744K
}

